Running: maxcut_sdpa (rank=3)
==== maxcut SDPA Batch Run Started at Wed 27 May 13:41:27 BST 2026 ====

▶ Running dim=7 with config=configs/maxcut_7.yaml at Wed 27 May 13:41:27 BST 2026
===Terminated Graph Sampling=== rank:  [3, 3, 3, 3, 2, 2]
SDPA baseline requires sdpa-python. It is not available for CPython 3.14 yet; use an environment with a compatible sdpa-python wheel for sdpa.sh until upstream publishes cp314 wheels.
Failed to solve problem with config seed 23, trying a new random seed...
Trying with new random seed: 937
===Terminated Graph Sampling=== rank:  [1, 1, 2, 2, 3, 2]
SDPA baseline requires sdpa-python. It is not available for CPython 3.14 yet; use an environment with a compatible sdpa-python wheel for sdpa.sh until upstream publishes cp314 wheels.
Failed to solve problem with new random seed 937
Trying with new random seed: 5186
===Terminated Graph Sampling=== rank:  [3, 3, 3, 2, 2, 2]
SDPA baseline requires sdpa-python. It is not available for CPython 3.14 yet; use an environment with a compatible sdpa-python wheel for sdpa.sh until upstream publishes cp314 wheels.
Failed to solve problem with new random seed 5186
===Terminated Graph Sampling=== rank:  [2, 3, 2, 2, 2, 2]
SDPA baseline requires sdpa-python. It is not available for CPython 3.14 yet; use an environment with a compatible sdpa-python wheel for sdpa.sh until upstream publishes cp314 wheels.
Failed to solve problem with config seed 34, trying a new random seed...
Trying with new random seed: 7124
===Terminated Graph Sampling=== rank:  [2, 2, 3, 3, 3, 3]
SDPA baseline requires sdpa-python. It is not available for CPython 3.14 yet; use an environment with a compatible sdpa-python wheel for sdpa.sh until upstream publishes cp314 wheels.
Failed to solve problem with new random seed 7124
Trying with new random seed: 9031
===Terminated Graph Sampling=== rank:  [2, 2, 3, 3, 1, 1]
SDPA baseline requires sdpa-python. It is not available for CPython 3.14 yet; use an environment with a compatible sdpa-python wheel for sdpa.sh until upstream publishes cp314 wheels.
Failed to solve problem with new random seed 9031
===Terminated Graph Sampling=== rank:  [2, 3, 3, 3, 3, 2]
SDPA baseline requires sdpa-python. It is not available for CPython 3.14 yet; use an environment with a compatible sdpa-python wheel for sdpa.sh until upstream publishes cp314 wheels.
Failed to solve problem with config seed 513, trying a new random seed...
Trying with new random seed: 8133
===Terminated Graph Sampling=== rank:  [2, 2, 2, 3, 3, 2]
SDPA baseline requires sdpa-python. It is not available for CPython 3.14 yet; use an environment with a compatible sdpa-python wheel for sdpa.sh until upstream publishes cp314 wheels.
Failed to solve problem with new random seed 8133
Trying with new random seed: 1060
===Terminated Graph Sampling=== rank:  [2, 2, 2, 2, 3, 3]
SDPA baseline requires sdpa-python. It is not available for CPython 3.14 yet; use an environment with a compatible sdpa-python wheel for sdpa.sh until upstream publishes cp314 wheels.
Failed to solve problem with new random seed 1060
===Terminated Graph Sampling=== rank:  [1, 2, 3, 3, 2, 1]
SDPA baseline requires sdpa-python. It is not available for CPython 3.14 yet; use an environment with a compatible sdpa-python wheel for sdpa.sh until upstream publishes cp314 wheels.
Failed to solve problem with config seed 5345, trying a new random seed...
Trying with new random seed: 3240
===Terminated Graph Sampling=== rank:  [2, 3, 3, 3, 3, 2]
SDPA baseline requires sdpa-python. It is not available for CPython 3.14 yet; use an environment with a compatible sdpa-python wheel for sdpa.sh until upstream publishes cp314 wheels.
Failed to solve problem with new random seed 3240
Trying with new random seed: 9119
===Terminated Graph Sampling=== rank:  [1, 2, 3, 3, 2, 1]
SDPA baseline requires sdpa-python. It is not available for CPython 3.14 yet; use an environment with a compatible sdpa-python wheel for sdpa.sh until upstream publishes cp314 wheels.
Failed to solve problem with new random seed 9119
===Terminated Graph Sampling=== rank:  [2, 3, 3, 3, 2, 2]
SDPA baseline requires sdpa-python. It is not available for CPython 3.14 yet; use an environment with a compatible sdpa-python wheel for sdpa.sh until upstream publishes cp314 wheels.
Failed to solve problem with config seed 84, trying a new random seed...
Trying with new random seed: 8866
===Terminated Graph Sampling=== rank:  [1, 1, 2, 3, 3, 2]
SDPA baseline requires sdpa-python. It is not available for CPython 3.14 yet; use an environment with a compatible sdpa-python wheel for sdpa.sh until upstream publishes cp314 wheels.
Failed to solve problem with new random seed 8866
Trying with new random seed: 4776
===Terminated Graph Sampling=== rank:  [3, 3, 3, 3, 2, 2]
SDPA baseline requires sdpa-python. It is not available for CPython 3.14 yet; use an environment with a compatible sdpa-python wheel for sdpa.sh until upstream publishes cp314 wheels.
Failed to solve problem with new random seed 4776
Number of failed seeds: 10

================================================================================
                             FINAL RESULTS SUMMARY                              
================================================================================
Most metrics are reported as Mean ± Standard Deviation over all seeds [23, 34, 513, 5345, 84].

  Metric                       |                     Value
  ---------------------------- | -------------------------
  Solution Time (s)            |             0.000 ± 0.000
  Runtime Median [IQR] (s)     |             0.000 [0.000]
  Worst Runtime (s)            |                     0.000
  Problem Creation (s)         |             0.000 ± 0.000
  Iterations                   |                 0.0 ± 0.0
  Feasibility Error            |       0.00e+00 ± 0.00e+00
  Dual Feasibility Error       |       0.00e+00 ± 0.00e+00
  Duality Gap                  |       0.00e+00 ± 0.00e+00
  ---------------------------- | -------------------------
  Rank Statistics                                        
    Ranks X                 : [0.0±0.0]
    Ranks Y                 : [0.0±0.0]
    Ranks Z                 : [0.0±0.0]

================================================================================
✅ Completed dim=7 successfully

==== All runs completed at Wed 27 May 13:41:32 BST 2026 ====
