000 (001.000.000) 05/27 11:31:03 Job submitted from host: <146.169.53.163:9618?addrs=146.169.53.163-9618+[2a0c-5bc0-40-11c4-bfe1-f11c-7057-2b0]-9618&noUDP&sock=54125_2400_3>
...
001 (001.000.000) 05/27 11:31:24 Job executing on host: <146.169.52.8:9618?addrs=146.169.52.8-9618+[2a0c-5bc0-40-11c4-b5a7-6433-1e20-4121]-9618&noUDP&sock=55355_d17d_4>
...
006 (001.000.000) 05/27 11:31:33 Image size of job updated: 4
	5  -  MemoryUsage of job (MB)
	4928  -  ResidentSetSize of job (KB)
...
006 (001.000.000) 05/27 11:31:42 Image size of job updated: 9612420
	5  -  MemoryUsage of job (MB)
	4928  -  ResidentSetSize of job (KB)
...
005 (001.000.000) 05/27 11:31:42 Job terminated.
	(1) Normal termination (return value 0)
		Usr 0 00:00:07, Sys 0 00:00:00  -  Run Remote Usage
		Usr 0 00:00:00, Sys 0 00:00:00  -  Run Local Usage
		Usr 0 00:00:07, Sys 0 00:00:00  -  Total Remote Usage
		Usr 0 00:00:00, Sys 0 00:00:00  -  Total Local Usage
	0  -  Run Bytes Sent By Job
	0  -  Run Bytes Received By Job
	0  -  Total Bytes Sent By Job
	0  -  Total Bytes Received By Job
	Partitionable Resources :    Usage  Request Allocated 
	   Cpus                 :        0        1        24 
	   Disk (KB)            :        4        4   6534304 
	   Gpus                 :                           0 
	   Memory (MB)          :        5        1     15626 
...
