Running: maxcut_sdpa (rank=3)
==== maxcut SDPA Batch Run Started at Wed 27 May 14:00:27 BST 2026 ====

▶ Running dim=6 with config=configs/maxcut_6.yaml at Wed 27 May 14:00:27 BST 2026
===Terminated Graph Sampling=== rank:  [2, 2, 3, 3, 2]
sdpa-python (sdpap) is unavailable in this environment; falling back to the SCS backend for sdpa baseline runs.
===Terminated Graph Sampling=== rank:  [2, 2, 2, 3, 2]
===Terminated Graph Sampling=== rank:  [2, 2, 3, 2, 2]
===Terminated Graph Sampling=== rank:  [2, 2, 3, 1, 1]
===Terminated Graph Sampling=== rank:  [2, 2, 3, 2, 1]
Number of failed seeds: 0

================================================================================
                             FINAL RESULTS SUMMARY                              
================================================================================
Most metrics are reported as Mean ± Standard Deviation over all seeds [73, 54, 624, 7, 9].

  Metric                       |                     Value
  ---------------------------- | -------------------------
  Solution Time (s)            |             0.155 ± 0.027
  Runtime Median [IQR] (s)     |             0.147 [0.019]
  Worst Runtime (s)            |                     0.205
  Problem Creation (s)         |             0.009 ± 0.003
  Iterations                   |                 0.0 ± 0.0
  Feasibility Error            |       1.67e-18 ± 2.83e-18
  Dual Feasibility Error       |       9.61e-12 ± 1.26e-11
  Duality Gap                  |       6.77e-06 ± 1.06e-05
  ---------------------------- | -------------------------
  Rank Statistics                                        
    Ranks X                 : [0.0±0.0]
    Ranks Y                 : [0.0±0.0]
    Ranks Z                 : [0.0±0.0]

================================================================================
✅ Completed dim=6 successfully

==== All runs completed at Wed 27 May 14:00:31 BST 2026 ====
