000 (029.000.000) 05/27 13:59:39 Job submitted from host: <146.169.53.163:9618?addrs=146.169.53.163-9618+[2a0c-5bc0-40-11c4-bfe1-f11c-7057-2b0]-9618&noUDP&sock=54125_2400_3>
...
001 (029.000.000) 05/27 14:00:27 Job executing on host: <146.169.52.198:9618?addrs=146.169.52.198-9618+[2a0c-5bc0-40-11c4-3ef9-ca86-870f-9147]-9618&noUDP&sock=55755_2f5f_4>
...
006 (029.000.000) 05/27 14:00:31 Image size of job updated: 4
	0  -  MemoryUsage of job (MB)
	0  -  ResidentSetSize of job (KB)
...
005 (029.000.000) 05/27 14:00:31 Job terminated.
	(1) Normal termination (return value 0)
		Usr 0 00:00:00, Sys 0 00:00:00  -  Run Remote Usage
		Usr 0 00:00:00, Sys 0 00:00:00  -  Run Local Usage
		Usr 0 00:00:00, Sys 0 00:00:00  -  Total Remote Usage
		Usr 0 00:00:00, Sys 0 00:00:00  -  Total Local Usage
	0  -  Run Bytes Sent By Job
	0  -  Run Bytes Received By Job
	0  -  Total Bytes Sent By Job
	0  -  Total Bytes Received By Job
	Partitionable Resources :    Usage  Request Allocated Assigned
	   Cpus                 :        0        1        16 
	   Disk (KB)            :        4        4  12998292 
	   Gpus                 :                           1 "CUDA0"
	   Memory (MB)          :        0        1     15777 
...
