Running: maxcut_sdpa (rank=4)
==== maxcut SDPA Batch Run Started at Wed 27 May 14:00:27 BST 2026 ====

▶ Running dim=6 with config=configs/maxcut_6.yaml at Wed 27 May 14:00:27 BST 2026
===Terminated Graph Sampling=== rank:  [3, 3, 4, 3, 2]
sdpa-python (sdpap) is unavailable in this environment; falling back to the SCS backend for sdpa baseline runs.
===Terminated Graph Sampling=== rank:  [3, 4, 4, 3, 3]
===Terminated Graph Sampling=== rank:  [3, 4, 2, 2, 2]
===Terminated Graph Sampling=== rank:  [3, 4, 4, 3, 2]
===Terminated Graph Sampling=== rank:  [3, 4, 2, 2, 1]
Number of failed seeds: 0

================================================================================
                             FINAL RESULTS SUMMARY                              
================================================================================
Most metrics are reported as Mean ± Standard Deviation over all seeds [73, 54, 624, 7, 9].

  Metric                       |                     Value
  ---------------------------- | -------------------------
  Solution Time (s)            |             0.211 ± 0.043
  Runtime Median [IQR] (s)     |             0.200 [0.066]
  Worst Runtime (s)            |                     0.281
  Problem Creation (s)         |             0.009 ± 0.003
  Iterations                   |                 0.0 ± 0.0
  Feasibility Error            |       1.66e-18 ± 2.74e-18
  Dual Feasibility Error       |       3.51e-11 ± 3.27e-11
  Duality Gap                  |       2.97e-05 ± 2.11e-05
  ---------------------------- | -------------------------
  Rank Statistics                                        
    Ranks X                 : [0.0±0.0]
    Ranks Y                 : [0.0±0.0]
    Ranks Z                 : [0.0±0.0]

================================================================================
✅ Completed dim=6 successfully

==== All runs completed at Wed 27 May 14:00:31 BST 2026 ====
