000 (002.000.000) 05/21 21:09:00 Job submitted from host: <146.169.52.27:9618?addrs=146.169.52.27-9618+[2a0c-5bc0-40-11c4-500d-f4e8-53d9-b2fa]-9618&noUDP&sock=40231_a3f4_3>
...
001 (002.000.000) 05/21 21:20:26 Job executing on host: <146.169.52.33:9618?addrs=146.169.52.33-9618+[2a0c-5bc0-40-11c4-5aff-825c-375b-e094]-9618&noUDP&sock=50710_bc14_4>
...
006 (002.000.000) 05/21 21:20:35 Image size of job updated: 3
	6  -  MemoryUsage of job (MB)
	5156  -  ResidentSetSize of job (KB)
...
006 (002.000.000) 05/21 21:20:49 Image size of job updated: 2477184
	6  -  MemoryUsage of job (MB)
	5156  -  ResidentSetSize of job (KB)
...
005 (002.000.000) 05/21 21:20:49 Job terminated.
	(1) Normal termination (return value 0)
		Usr 0 00:00:00, Sys 0 00:00:00  -  Run Remote Usage
		Usr 0 00:00:00, Sys 0 00:00:00  -  Run Local Usage
		Usr 0 00:00:00, Sys 0 00:00:00  -  Total Remote Usage
		Usr 0 00:00:00, Sys 0 00:00:00  -  Total Local Usage
	0  -  Run Bytes Sent By Job
	0  -  Run Bytes Received By Job
	0  -  Total Bytes Sent By Job
	0  -  Total Bytes Received By Job
	Partitionable Resources :    Usage  Request Allocated 
	   Cpus                 :        0        1        16 
	   Disk (KB)            :        3        3  15198128 
	   Gpus                 :                           0 
	   Memory (MB)          :        6        1     31636 
...
