000 (030.000.000) 05/27 13:59:42 Job submitted from host: <146.169.53.163:9618?addrs=146.169.53.163-9618+[2a0c-5bc0-40-11c4-bfe1-f11c-7057-2b0]-9618&noUDP&sock=54125_2400_3>
...
001 (030.000.000) 05/27 14:00:27 Job executing on host: <146.169.52.191:9618?addrs=146.169.52.191-9618+[2a0c-5bc0-40-11c4-55c8-4cd1-8052-2250]-9618&noUDP&sock=54349_4c75_4>
...
006 (030.000.000) 05/27 14:00:33 Image size of job updated: 4
	0  -  MemoryUsage of job (MB)
	0  -  ResidentSetSize of job (KB)
...
005 (030.000.000) 05/27 14:00:33 Job terminated.
	(1) Normal termination (return value 0)
		Usr 0 00:00:00, Sys 0 00:00:00  -  Run Remote Usage
		Usr 0 00:00:00, Sys 0 00:00:00  -  Run Local Usage
		Usr 0 00:00:00, Sys 0 00:00:00  -  Total Remote Usage
		Usr 0 00:00:00, Sys 0 00:00:00  -  Total Local Usage
	0  -  Run Bytes Sent By Job
	0  -  Run Bytes Received By Job
	0  -  Total Bytes Sent By Job
	0  -  Total Bytes Received By Job
	Partitionable Resources :    Usage  Request Allocated Assigned
	   Cpus                 :        0        1        16 
	   Disk (KB)            :        4        4  12987184 
	   Gpus                 :                           1 "CUDA0"
	   Memory (MB)          :        0        1     15777 
...
