Running: maxcut_sdpa (rank=5)
==== maxcut SDPA Batch Run Started at Wed 27 May 14:00:27 BST 2026 ====

▶ Running dim=6 with config=configs/maxcut_6.yaml at Wed 27 May 14:00:27 BST 2026
===Terminated Graph Sampling=== rank:  [3, 5, 5, 3, 2]
sdpa-python (sdpap) is unavailable in this environment; falling back to the SCS backend for sdpa baseline runs.
===Terminated Graph Sampling=== rank:  [3, 4, 5, 3, 2]
===Terminated Graph Sampling=== rank:  [3, 5, 5, 5, 3]
===Terminated Graph Sampling=== rank:  [2, 2, 4, 5, 2]
===Terminated Graph Sampling=== rank:  [3, 5, 4, 3, 3]
Number of failed seeds: 0

================================================================================
                             FINAL RESULTS SUMMARY                              
================================================================================
Most metrics are reported as Mean ± Standard Deviation over all seeds [73, 54, 624, 7, 9].

  Metric                       |                     Value
  ---------------------------- | -------------------------
  Solution Time (s)            |             0.498 ± 0.348
  Runtime Median [IQR] (s)     |             0.410 [0.338]
  Worst Runtime (s)            |                     1.139
  Problem Creation (s)         |             0.014 ± 0.005
  Iterations                   |                 0.0 ± 0.0
  Feasibility Error            |       1.87e-19 ± 7.75e-20
  Dual Feasibility Error       |       2.58e-11 ± 4.93e-11
  Duality Gap                  |       1.36e-05 ± 1.23e-05
  ---------------------------- | -------------------------
  Rank Statistics                                        
    Ranks X                 : [0.0±0.0]
    Ranks Y                 : [0.0±0.0]
    Ranks Z                 : [0.0±0.0]

================================================================================
✅ Completed dim=6 successfully

==== All runs completed at Wed 27 May 14:00:33 BST 2026 ====
