000 (031.000.000) 05/27 13:59:53 Job submitted from host: <146.169.53.163:9618?addrs=146.169.53.163-9618+[2a0c-5bc0-40-11c4-bfe1-f11c-7057-2b0]-9618&noUDP&sock=54125_2400_3>
...
001 (031.000.000) 05/27 14:00:27 Job executing on host: <146.169.52.192:9618?addrs=146.169.52.192-9618+[2a0c-5bc0-40-11c4-4e06-c73e-24f5-7d82]-9618&noUDP&sock=14259_616b_4>
...
006 (031.000.000) 05/27 14:00:36 Image size of job updated: 4
	6  -  MemoryUsage of job (MB)
	5176  -  ResidentSetSize of job (KB)
...
005 (031.000.000) 05/27 14:00:40 Job terminated.
	(1) Normal termination (return value 0)
		Usr 0 00:00:00, Sys 0 00:00:00  -  Run Remote Usage
		Usr 0 00:00:00, Sys 0 00:00:00  -  Run Local Usage
		Usr 0 00:00:00, Sys 0 00:00:00  -  Total Remote Usage
		Usr 0 00:00:00, Sys 0 00:00:00  -  Total Local Usage
	0  -  Run Bytes Sent By Job
	0  -  Run Bytes Received By Job
	0  -  Total Bytes Sent By Job
	0  -  Total Bytes Received By Job
	Partitionable Resources :    Usage  Request Allocated Assigned
	   Cpus                 :     0           1        16 
	   Disk (KB)            :     4           4  12888572 
	   Gpus                 :     0.00                  1 "CUDA0"
	   Memory (MB)          :     6           1     15777 
...
