Running: maxcut_sdpa (rank=5)
==== maxcut SDPA Batch Run Started at Wed 27 May 14:00:27 BST 2026 ====

▶ Running dim=7 with config=configs/maxcut_7.yaml at Wed 27 May 14:00:27 BST 2026
===Terminated Graph Sampling=== rank:  [3, 5, 4, 5, 3, 2]
sdpa-python (sdpap) is unavailable in this environment; falling back to the SCS backend for sdpa baseline runs.
===Terminated Graph Sampling=== rank:  [2, 4, 5, 5, 4, 2]
===Terminated Graph Sampling=== rank:  [2, 4, 4, 5, 3, 2]
===Terminated Graph Sampling=== rank:  [2, 4, 4, 5, 3, 2]
===Terminated Graph Sampling=== rank:  [3, 5, 5, 3, 3, 3]
Number of failed seeds: 0

================================================================================
                             FINAL RESULTS SUMMARY                              
================================================================================
Most metrics are reported as Mean ± Standard Deviation over all seeds [23, 34, 513, 5345, 84].

  Metric                       |                     Value
  ---------------------------- | -------------------------
  Solution Time (s)            |             1.824 ± 0.483
  Runtime Median [IQR] (s)     |             1.453 [0.945]
  Worst Runtime (s)            |                     2.448
  Problem Creation (s)         |             0.013 ± 0.002
  Iterations                   |                 0.0 ± 0.0
  Feasibility Error            |       7.75e-19 ± 7.87e-19
  Dual Feasibility Error       |       2.87e-10 ± 2.94e-10
  Duality Gap                  |       7.39e-06 ± 5.14e-06
  ---------------------------- | -------------------------
  Rank Statistics                                        
    Ranks X                 : [0.0±0.0]
    Ranks Y                 : [0.0±0.0]
    Ranks Z                 : [0.0±0.0]

================================================================================
✅ Completed dim=7 successfully

==== All runs completed at Wed 27 May 14:00:40 BST 2026 ====
