000 (323.000.000) 05/27 11:23:56 Job submitted from host: <146.169.21.39:9618?addrs=146.169.21.39-9618+[2a0c-5bc0-80-111-fb2a-5634-972a-f8d1]-9618&noUDP&sock=8249_053b_3>
...
001 (323.000.000) 05/27 11:24:25 Job executing on host: <146.169.52.161:9618?addrs=146.169.52.161-9618+[2a0c-5bc0-40-11c4-a183-a013-9933-c435]-9618&noUDP&sock=107046_8b7b_4>
...
006 (323.000.000) 05/27 11:24:33 Image size of job updated: 4
	6  -  MemoryUsage of job (MB)
	5292  -  ResidentSetSize of job (KB)
...
006 (323.000.000) 05/27 11:24:53 Image size of job updated: 14651028
	113  -  MemoryUsage of job (MB)
	115668  -  ResidentSetSize of job (KB)
...
005 (323.000.000) 05/27 11:24:54 Job terminated.
	(1) Normal termination (return value 0)
		Usr 0 00:00:00, Sys 0 00:00:00  -  Run Remote Usage
		Usr 0 00:00:00, Sys 0 00:00:00  -  Run Local Usage
		Usr 0 00:00:00, Sys 0 00:00:00  -  Total Remote Usage
		Usr 0 00:00:00, Sys 0 00:00:00  -  Total Local Usage
	0  -  Run Bytes Sent By Job
	0  -  Run Bytes Received By Job
	0  -  Total Bytes Sent By Job
	0  -  Total Bytes Received By Job
	Partitionable Resources :    Usage  Request Allocated Assigned
	   Cpus                 :     0.31        1        16 
	   Disk (KB)            :     4           4  14297452 
	   Gpus                 :     0.00                  1 "CUDA0"
	   Memory (MB)          :   113           1     13832 
...
