Running: maxcut_sdpa (rank=3)
==== maxcut SDPA Batch Run Started at Wed 27 May 14:00:27 BST 2026 ====

▶ Running dim=7 with config=configs/maxcut_7.yaml at Wed 27 May 14:00:27 BST 2026
===Terminated Graph Sampling=== rank:  [3, 3, 3, 3, 2, 2]
sdpa-python (sdpap) is unavailable in this environment; falling back to the SCS backend for sdpa baseline runs.
===Terminated Graph Sampling=== rank:  [2, 3, 2, 2, 2, 2]
===Terminated Graph Sampling=== rank:  [2, 3, 3, 3, 3, 2]
===Terminated Graph Sampling=== rank:  [1, 2, 3, 3, 2, 1]
===Terminated Graph Sampling=== rank:  [2, 3, 3, 3, 2, 2]
Number of failed seeds: 0

================================================================================
                             FINAL RESULTS SUMMARY                              
================================================================================
Most metrics are reported as Mean ± Standard Deviation over all seeds [23, 34, 513, 5345, 84].

  Metric                       |                     Value
  ---------------------------- | -------------------------
  Solution Time (s)            |             1.545 ± 0.546
  Runtime Median [IQR] (s)     |             1.463 [1.135]
  Worst Runtime (s)            |                     2.185
  Problem Creation (s)         |             0.020 ± 0.021
  Iterations                   |                 0.0 ± 0.0
  Feasibility Error            |       1.76e-17 ± 3.39e-17
  Dual Feasibility Error       |       3.43e-10 ± 4.47e-10
  Duality Gap                  |       6.74e-05 ± 1.20e-04
  ---------------------------- | -------------------------
  Rank Statistics                                        
    Ranks X                 : [0.0±0.0]
    Ranks Y                 : [0.0±0.0]
    Ranks Z                 : [0.0±0.0]

================================================================================
✅ Completed dim=7 successfully

==== All runs completed at Wed 27 May 14:00:41 BST 2026 ====
