Running: maxcut_sdpa (rank=2)
==== maxcut SDPA Batch Run Started at Wed 27 May 14:00:27 BST 2026 ====

▶ Running dim=7 with config=configs/maxcut_7.yaml at Wed 27 May 14:00:27 BST 2026
===Terminated Graph Sampling=== rank:  [1, 1, 1, 1, 2, 1]
sdpa-python (sdpap) is unavailable in this environment; falling back to the SCS backend for sdpa baseline runs.
===Terminated Graph Sampling=== rank:  [1, 2, 2, 1, 1, 2]
===Terminated Graph Sampling=== rank:  [1, 1, 1, 1, 1, 2]
===Terminated Graph Sampling=== rank:  [2, 2, 2, 2, 2, 1]
===Terminated Graph Sampling=== rank:  [2, 2, 2, 2, 2, 1]
Number of failed seeds: 0

================================================================================
                             FINAL RESULTS SUMMARY                              
================================================================================
Most metrics are reported as Mean ± Standard Deviation over all seeds [23, 34, 513, 5345, 84].

  Metric                       |                     Value
  ---------------------------- | -------------------------
  Solution Time (s)            |             0.689 ± 0.344
  Runtime Median [IQR] (s)     |             0.607 [0.663]
  Worst Runtime (s)            |                     1.155
  Problem Creation (s)         |             0.012 ± 0.005
  Iterations                   |                 0.0 ± 0.0
  Feasibility Error            |       8.28e-16 ± 1.65e-15
  Dual Feasibility Error       |       2.09e-11 ± 3.71e-11
  Duality Gap                  |       3.58e-05 ± 4.64e-05
  ---------------------------- | -------------------------
  Rank Statistics                                        
    Ranks X                 : [0.0±0.0]
    Ranks Y                 : [0.0±0.0]
    Ranks Z                 : [0.0±0.0]

================================================================================
✅ Completed dim=7 successfully

==== All runs completed at Wed 27 May 14:00:34 BST 2026 ====
