000 (036.000.000) 05/27 14:01:16 Job submitted from host: <146.169.53.163:9618?addrs=146.169.53.163-9618+[2a0c-5bc0-40-11c4-bfe1-f11c-7057-2b0]-9618&noUDP&sock=54125_2400_3>
...
001 (036.000.000) 05/27 14:01:26 Job executing on host: <146.169.52.188:9618?addrs=146.169.52.188-9618+[2a0c-5bc0-40-11c4-7634-b25c-7e1a-c4ad]-9618&noUDP&sock=54013_5165_4>
...
006 (036.000.000) 05/27 14:01:34 Image size of job updated: 7321752
	113  -  MemoryUsage of job (MB)
	115456  -  ResidentSetSize of job (KB)
...
005 (036.000.000) 05/27 14:01:34 Job terminated.
	(1) Normal termination (return value 0)
		Usr 0 00:00:00, Sys 0 00:00:00  -  Run Remote Usage
		Usr 0 00:00:00, Sys 0 00:00:00  -  Run Local Usage
		Usr 0 00:00:00, Sys 0 00:00:00  -  Total Remote Usage
		Usr 0 00:00:00, Sys 0 00:00:00  -  Total Local Usage
	0  -  Run Bytes Sent By Job
	0  -  Run Bytes Received By Job
	0  -  Total Bytes Sent By Job
	0  -  Total Bytes Received By Job
	Partitionable Resources :    Usage  Request Allocated Assigned
	   Cpus                 :        0        1        16 
	   Disk (KB)            :        4        4  13388360 
	   Gpus                 :                           1 "CUDA0"
	   Memory (MB)          :      113        1     15777 
...
