000 (004.000.000) 05/21 22:16:21 Job submitted from host: <146.169.52.27:9618?addrs=146.169.52.27-9618+[2a0c-5bc0-40-11c4-500d-f4e8-53d9-b2fa]-9618&noUDP&sock=40231_a3f4_3>
...
001 (004.000.000) 05/21 22:16:26 Job executing on host: <146.169.52.32:9618?addrs=146.169.52.32-9618+[2a0c-5bc0-40-11c4-5dfd-1d4f-fb21-2833]-9618&noUDP&sock=51304_2b55_4>
...
006 (004.000.000) 05/21 22:16:35 Image size of job updated: 69144
	43  -  MemoryUsage of job (MB)
	43144  -  ResidentSetSize of job (KB)
...
005 (004.000.000) 05/21 22:16:42 Job terminated.
	(1) Normal termination (return value 0)
		Usr 0 00:00:00, Sys 0 00:00:00  -  Run Remote Usage
		Usr 0 00:00:00, Sys 0 00:00:00  -  Run Local Usage
		Usr 0 00:00:00, Sys 0 00:00:00  -  Total Remote Usage
		Usr 0 00:00:00, Sys 0 00:00:00  -  Total Local Usage
	0  -  Run Bytes Sent By Job
	0  -  Run Bytes Received By Job
	0  -  Total Bytes Sent By Job
	0  -  Total Bytes Received By Job
	Partitionable Resources :    Usage  Request Allocated 
	   Cpus                 :     0.10        1        16 
	   Disk (KB)            :     1           1  14471576 
	   Gpus                 :                           0 
	   Memory (MB)          :    43           1     31636 
...
