Running: maxcut_scs (rank=1)
==== maxcut SCS Batch Run Started at Tue 26 May 13:28:13 BST 2026 ====

▶ Running dim=6 with config=configs/maxcut_6.yaml at Tue 26 May 13:28:13 BST 2026
===Terminated Graph Sampling=== rank:  [1, 1, 1, 1, 1]
------------------------------------------------------------------
	       SCS v3.2.9 - Splitting Conic Solver
	(c) Brendan O'Donoghue, Stanford University, 2012
------------------------------------------------------------------
problem:  variables n: 2080, constraints m: 2144
cones: 	  z: primal zero / dual free vars: 64
	  s: psd vars: 2080, ssize: 1
settings: eps_abs: 1.7e-06, eps_rel: 1.7e-06, eps_infeas: 1.0e-07
	  alpha: 1.50, scale: 1.00e-01, adaptive_scale: 1
	  max_iters: 100000, normalize: 1, rho_x: 1.00e-06
	  acceleration_lookback: 10, acceleration_interval: 10
lin-sys:  sparse-indirect-scs
	  nnz(A): 2144, nnz(P): 0
------------------------------------------------------------------
 iter | pri res | dua res |   gap   |   obj   |  scale  | time (s)
------------------------------------------------------------------
     0| 1.89e+01  3.04e+01  3.16e+04 -1.88e+04  1.00e-01  9.89e-03 
   250| 1.62e-05  1.12e-04  4.05e-03 -3.07e+03  2.97e+01  1.53e-01 
   300| 4.35e-07  4.27e-05  6.56e-05 -3.07e+03  2.97e+01  1.75e-01 
------------------------------------------------------------------
status:  solved
timings: total: 1.75e-01s = setup: 5.92e-03s + solve: 1.69e-01s
	 lin-sys: 1.76e-02s, cones: 1.48e-01s, accel: 8.15e-04s
------------------------------------------------------------------
objective = -3072.000484
------------------------------------------------------------------
------------------------------------------------------------------
	       SCS v3.2.9 - Splitting Conic Solver
	(c) Brendan O'Donoghue, Stanford University, 2012
------------------------------------------------------------------
problem:  variables n: 2080, constraints m: 2144
cones: 	  z: primal zero / dual free vars: 64
	  s: psd vars: 2080, ssize: 1
settings: eps_abs: 1.7e-06, eps_rel: 1.7e-06, eps_infeas: 1.0e-07
	  alpha: 1.50, scale: 1.00e-01, adaptive_scale: 1
	  max_iters: 100000, normalize: 1, rho_x: 1.00e-06
	  acceleration_lookback: 10, acceleration_interval: 10
lin-sys:  sparse-indirect-scs
	  nnz(A): 2144, nnz(P): 0
------------------------------------------------------------------
 iter | pri res | dua res |   gap   |   obj   |  scale  | time (s)
------------------------------------------------------------------
     0| 1.89e+01  3.04e+01  3.16e+04 -1.88e+04  1.00e-01  1.65e-03 
   250| 1.62e-05  1.12e-04  4.05e-03 -3.07e+03  2.97e+01  1.12e-01 
   300| 4.35e-07  4.27e-05  6.56e-05 -3.07e+03  2.97e+01  1.47e-01 
------------------------------------------------------------------
status:  solved
timings: total: 1.47e-01s = setup: 8.30e-04s + solve: 1.46e-01s
	 lin-sys: 1.44e-02s, cones: 1.27e-01s, accel: 6.64e-04s
------------------------------------------------------------------
objective = -3072.000484
------------------------------------------------------------------
===Terminated Graph Sampling=== rank:  [1, 1, 1, 1, 1]
------------------------------------------------------------------
	       SCS v3.2.9 - Splitting Conic Solver
	(c) Brendan O'Donoghue, Stanford University, 2012
------------------------------------------------------------------
problem:  variables n: 2080, constraints m: 2144
cones: 	  z: primal zero / dual free vars: 64
	  s: psd vars: 2080, ssize: 1
settings: eps_abs: 1.7e-06, eps_rel: 1.7e-06, eps_infeas: 1.0e-07
	  alpha: 1.50, scale: 1.00e-01, adaptive_scale: 1
	  max_iters: 100000, normalize: 1, rho_x: 1.00e-06
	  acceleration_lookback: 10, acceleration_interval: 10
lin-sys:  sparse-indirect-scs
	  nnz(A): 2144, nnz(P): 0
------------------------------------------------------------------
 iter | pri res | dua res |   gap   |   obj   |  scale  | time (s)
------------------------------------------------------------------
     0| 4.38e+01  2.76e+01  8.73e+03 -5.21e+03  1.00e-01  2.58e-03 
   250| 1.04e-06  3.32e-06  3.96e-04 -6.33e+02  7.22e+00  8.83e-02 
------------------------------------------------------------------
status:  solved
timings: total: 8.83e-02s = setup: 1.48e-03s + solve: 8.69e-02s
	 lin-sys: 1.01e-02s, cones: 7.44e-02s, accel: 3.94e-04s
------------------------------------------------------------------
objective = -632.986413
------------------------------------------------------------------
------------------------------------------------------------------
	       SCS v3.2.9 - Splitting Conic Solver
	(c) Brendan O'Donoghue, Stanford University, 2012
------------------------------------------------------------------
problem:  variables n: 2080, constraints m: 2144
cones: 	  z: primal zero / dual free vars: 64
	  s: psd vars: 2080, ssize: 1
settings: eps_abs: 1.7e-06, eps_rel: 1.7e-06, eps_infeas: 1.0e-07
	  alpha: 1.50, scale: 1.00e-01, adaptive_scale: 1
	  max_iters: 100000, normalize: 1, rho_x: 1.00e-06
	  acceleration_lookback: 10, acceleration_interval: 10
lin-sys:  sparse-indirect-scs
	  nnz(A): 2144, nnz(P): 0
------------------------------------------------------------------
 iter | pri res | dua res |   gap   |   obj   |  scale  | time (s)
------------------------------------------------------------------
     0| 4.38e+01  2.76e+01  8.73e+03 -5.21e+03  1.00e-01  1.54e-03 
   250| 1.04e-06  3.32e-06  3.96e-04 -6.33e+02  7.22e+00  1.14e-01 
------------------------------------------------------------------
status:  solved
timings: total: 1.14e-01s = setup: 8.84e-04s + solve: 1.13e-01s
	 lin-sys: 1.51e-02s, cones: 9.41e-02s, accel: 6.01e-04s
------------------------------------------------------------------
objective = -632.986413
------------------------------------------------------------------
===Terminated Graph Sampling=== rank:  [1, 1, 1, 1, 1]
------------------------------------------------------------------
	       SCS v3.2.9 - Splitting Conic Solver
	(c) Brendan O'Donoghue, Stanford University, 2012
------------------------------------------------------------------
problem:  variables n: 2080, constraints m: 2144
cones: 	  z: primal zero / dual free vars: 64
	  s: psd vars: 2080, ssize: 1
settings: eps_abs: 1.7e-06, eps_rel: 1.7e-06, eps_infeas: 1.0e-07
	  alpha: 1.50, scale: 1.00e-01, adaptive_scale: 1
	  max_iters: 100000, normalize: 1, rho_x: 1.00e-06
	  acceleration_lookback: 10, acceleration_interval: 10
lin-sys:  sparse-indirect-scs
	  nnz(A): 2144, nnz(P): 0
------------------------------------------------------------------
 iter | pri res | dua res |   gap   |   obj   |  scale  | time (s)
------------------------------------------------------------------
     0| 1.88e+01  1.44e+01  1.56e+04 -9.31e+03  1.00e-01  2.19e-03 
   200| 2.96e-06  1.98e-06  7.92e-04 -1.54e+03  3.39e+00  9.15e-02 
------------------------------------------------------------------
status:  solved
timings: total: 9.15e-02s = setup: 1.06e-03s + solve: 9.05e-02s
	 lin-sys: 8.78e-03s, cones: 7.97e-02s, accel: 2.87e-04s
------------------------------------------------------------------
objective = -1536.001733
------------------------------------------------------------------
------------------------------------------------------------------
	       SCS v3.2.9 - Splitting Conic Solver
	(c) Brendan O'Donoghue, Stanford University, 2012
------------------------------------------------------------------
problem:  variables n: 2080, constraints m: 2144
cones: 	  z: primal zero / dual free vars: 64
	  s: psd vars: 2080, ssize: 1
settings: eps_abs: 1.7e-06, eps_rel: 1.7e-06, eps_infeas: 1.0e-07
	  alpha: 1.50, scale: 1.00e-01, adaptive_scale: 1
	  max_iters: 100000, normalize: 1, rho_x: 1.00e-06
	  acceleration_lookback: 10, acceleration_interval: 10
lin-sys:  sparse-indirect-scs
	  nnz(A): 2144, nnz(P): 0
------------------------------------------------------------------
 iter | pri res | dua res |   gap   |   obj   |  scale  | time (s)
------------------------------------------------------------------
     0| 1.88e+01  1.44e+01  1.56e+04 -9.31e+03  1.00e-01  1.58e-03 
   200| 2.96e-06  1.98e-06  7.92e-04 -1.54e+03  3.39e+00  1.03e-01 
------------------------------------------------------------------
status:  solved
timings: total: 1.03e-01s = setup: 7.37e-04s + solve: 1.02e-01s
	 lin-sys: 1.10e-02s, cones: 8.82e-02s, accel: 3.81e-04s
------------------------------------------------------------------
objective = -1536.001733
------------------------------------------------------------------
===Terminated Graph Sampling=== rank:  [1, 1, 1, 1, 1]
------------------------------------------------------------------
	       SCS v3.2.9 - Splitting Conic Solver
	(c) Brendan O'Donoghue, Stanford University, 2012
------------------------------------------------------------------
problem:  variables n: 2080, constraints m: 2144
cones: 	  z: primal zero / dual free vars: 64
	  s: psd vars: 2080, ssize: 1
settings: eps_abs: 1.7e-06, eps_rel: 1.7e-06, eps_infeas: 1.0e-07
	  alpha: 1.50, scale: 1.00e-01, adaptive_scale: 1
	  max_iters: 100000, normalize: 1, rho_x: 1.00e-06
	  acceleration_lookback: 10, acceleration_interval: 10
lin-sys:  sparse-indirect-scs
	  nnz(A): 2144, nnz(P): 0
------------------------------------------------------------------
 iter | pri res | dua res |   gap   |   obj   |  scale  | time (s)
------------------------------------------------------------------
     0| 9.98e-01  2.00e-01  1.28e+01  6.39e+00  1.00e-01  1.91e-03 
    50| 6.92e-11  2.46e-09  1.58e-07  7.88e-08  1.00e-01  3.00e-02 
------------------------------------------------------------------
status:  solved
timings: total: 3.00e-02s = setup: 1.16e-03s + solve: 2.88e-02s
	 lin-sys: 2.70e-03s, cones: 2.53e-02s, accel: 1.13e-04s
------------------------------------------------------------------
objective = 0.000000
------------------------------------------------------------------
------------------------------------------------------------------
	       SCS v3.2.9 - Splitting Conic Solver
	(c) Brendan O'Donoghue, Stanford University, 2012
------------------------------------------------------------------
problem:  variables n: 2080, constraints m: 2144
cones: 	  z: primal zero / dual free vars: 64
	  s: psd vars: 2080, ssize: 1
settings: eps_abs: 1.7e-06, eps_rel: 1.7e-06, eps_infeas: 1.0e-07
	  alpha: 1.50, scale: 1.00e-01, adaptive_scale: 1
	  max_iters: 100000, normalize: 1, rho_x: 1.00e-06
	  acceleration_lookback: 10, acceleration_interval: 10
lin-sys:  sparse-indirect-scs
	  nnz(A): 2144, nnz(P): 0
------------------------------------------------------------------
 iter | pri res | dua res |   gap   |   obj   |  scale  | time (s)
------------------------------------------------------------------
     0| 9.98e-01  2.00e-01  1.28e+01  6.39e+00  1.00e-01  1.68e-03 
    50| 6.92e-11  2.46e-09  1.58e-07  7.88e-08  1.00e-01  3.62e-02 
------------------------------------------------------------------
status:  solved
timings: total: 3.62e-02s = setup: 1.06e-03s + solve: 3.51e-02s
	 lin-sys: 4.07e-03s, cones: 3.01e-02s, accel: 1.84e-04s
------------------------------------------------------------------
objective = 0.000000
------------------------------------------------------------------
===Terminated Graph Sampling=== rank:  [1, 1, 1, 1, 1]
------------------------------------------------------------------
	       SCS v3.2.9 - Splitting Conic Solver
	(c) Brendan O'Donoghue, Stanford University, 2012
------------------------------------------------------------------
problem:  variables n: 2080, constraints m: 2144
cones: 	  z: primal zero / dual free vars: 64
	  s: psd vars: 2080, ssize: 1
settings: eps_abs: 1.7e-06, eps_rel: 1.7e-06, eps_infeas: 1.0e-07
	  alpha: 1.50, scale: 1.00e-01, adaptive_scale: 1
	  max_iters: 100000, normalize: 1, rho_x: 1.00e-06
	  acceleration_lookback: 10, acceleration_interval: 10
lin-sys:  sparse-indirect-scs
	  nnz(A): 2144, nnz(P): 0
------------------------------------------------------------------
 iter | pri res | dua res |   gap   |   obj   |  scale  | time (s)
------------------------------------------------------------------
     0| 1.40e+01  1.48e+01  2.08e+04 -1.24e+04  1.00e-01  2.04e-03 
   150| 7.90e-07  4.61e-07  6.96e-05 -2.05e+03  4.49e-01  6.06e-02 
------------------------------------------------------------------
status:  solved
timings: total: 6.06e-02s = setup: 1.24e-03s + solve: 5.94e-02s
	 lin-sys: 5.61e-03s, cones: 5.24e-02s, accel: 2.13e-04s
------------------------------------------------------------------
objective = -2047.999298
------------------------------------------------------------------
------------------------------------------------------------------
	       SCS v3.2.9 - Splitting Conic Solver
	(c) Brendan O'Donoghue, Stanford University, 2012
------------------------------------------------------------------
problem:  variables n: 2080, constraints m: 2144
cones: 	  z: primal zero / dual free vars: 64
	  s: psd vars: 2080, ssize: 1
settings: eps_abs: 1.7e-06, eps_rel: 1.7e-06, eps_infeas: 1.0e-07
	  alpha: 1.50, scale: 1.00e-01, adaptive_scale: 1
	  max_iters: 100000, normalize: 1, rho_x: 1.00e-06
	  acceleration_lookback: 10, acceleration_interval: 10
lin-sys:  sparse-indirect-scs
	  nnz(A): 2144, nnz(P): 0
------------------------------------------------------------------
 iter | pri res | dua res |   gap   |   obj   |  scale  | time (s)
------------------------------------------------------------------
     0| 1.40e+01  1.48e+01  2.08e+04 -1.24e+04  1.00e-01  1.44e-03 
   150| 7.90e-07  4.61e-07  6.96e-05 -2.05e+03  4.49e-01  6.44e-02 
------------------------------------------------------------------
status:  solved
timings: total: 6.44e-02s = setup: 7.76e-04s + solve: 6.36e-02s
	 lin-sys: 6.54e-03s, cones: 5.54e-02s, accel: 2.38e-04s
------------------------------------------------------------------
objective = -2047.999298
------------------------------------------------------------------
Number of failed seeds: 0

================================================================================
                             FINAL RESULTS SUMMARY                              
================================================================================
Most metrics are reported as Mean ± Standard Deviation over all seeds [73, 54, 624, 7, 9].

  Metric                       |                     Value
  ---------------------------- | -------------------------
  Solution Time (s)            |             0.963 ± 1.557
  Runtime Median [IQR] (s)     |             0.233 [0.075]
  Worst Runtime (s)            |                     4.076
  Problem Creation (s)         |             0.016 ± 0.019
  Iterations                   |              190.0 ± 86.0
  Feasibility Error            |       9.61e-17 ± 1.14e-16
  Dual Feasibility Error       |       3.70e-07 ± 7.39e-07
  Duality Gap                  |       6.93e-04 ± 7.61e-04
  Peak Memory (MB)             |           80.019 ± 45.575
  Memory Median [IQR] (MB)     |            57.164 [0.320]
  Worst Memory (MB)            |                   171.168
  ---------------------------- | -------------------------
  Rank Statistics                                        
    Ranks X                 : [0.0±0.0]
    Ranks Y                 : [0.0±0.0]
    Ranks Z                 : [0.0±0.0]

================================================================================
✅ Completed dim=6 successfully

==== All runs completed at Tue 26 May 13:28:28 BST 2026 ====
