Running: maxcut_scs (rank=3)
==== maxcut SCS Batch Run Started at Tue 26 May 13:28:13 BST 2026 ====

▶ Running dim=6 with config=configs/maxcut_6.yaml at Tue 26 May 13:28:13 BST 2026
===Terminated Graph Sampling=== rank:  [2, 2, 3, 3, 2]
------------------------------------------------------------------
	       SCS v3.2.9 - Splitting Conic Solver
	(c) Brendan O'Donoghue, Stanford University, 2012
------------------------------------------------------------------
problem:  variables n: 2080, constraints m: 2144
cones: 	  z: primal zero / dual free vars: 64
	  s: psd vars: 2080, ssize: 1
settings: eps_abs: 1.7e-06, eps_rel: 1.7e-06, eps_infeas: 1.0e-07
	  alpha: 1.50, scale: 1.00e-01, adaptive_scale: 1
	  max_iters: 100000, normalize: 1, rho_x: 1.00e-06
	  acceleration_lookback: 10, acceleration_interval: 10
lin-sys:  sparse-indirect-scs
	  nnz(A): 2144, nnz(P): 0
------------------------------------------------------------------
 iter | pri res | dua res |   gap   |   obj   |  scale  | time (s)
------------------------------------------------------------------
     0| 3.33e+01  1.24e+01  5.86e+03 -3.50e+03  1.00e-01  5.37e-03 
   200| 1.20e-06  4.94e-07  1.28e-05 -4.56e+02  8.85e-01  8.62e-02 
------------------------------------------------------------------
status:  solved
timings: total: 8.62e-02s = setup: 3.60e-03s + solve: 8.26e-02s
	 lin-sys: 8.84e-03s, cones: 7.14e-02s, accel: 5.11e-04s
------------------------------------------------------------------
objective = -456.036003
------------------------------------------------------------------
------------------------------------------------------------------
	       SCS v3.2.9 - Splitting Conic Solver
	(c) Brendan O'Donoghue, Stanford University, 2012
------------------------------------------------------------------
problem:  variables n: 2080, constraints m: 2144
cones: 	  z: primal zero / dual free vars: 64
	  s: psd vars: 2080, ssize: 1
settings: eps_abs: 1.7e-06, eps_rel: 1.7e-06, eps_infeas: 1.0e-07
	  alpha: 1.50, scale: 1.00e-01, adaptive_scale: 1
	  max_iters: 100000, normalize: 1, rho_x: 1.00e-06
	  acceleration_lookback: 10, acceleration_interval: 10
lin-sys:  sparse-indirect-scs
	  nnz(A): 2144, nnz(P): 0
------------------------------------------------------------------
 iter | pri res | dua res |   gap   |   obj   |  scale  | time (s)
------------------------------------------------------------------
     0| 3.33e+01  1.24e+01  5.86e+03 -3.50e+03  1.00e-01  1.47e-03 
   200| 1.20e-06  4.94e-07  1.28e-05 -4.56e+02  8.85e-01  8.73e-02 
------------------------------------------------------------------
status:  solved
timings: total: 8.73e-02s = setup: 8.30e-04s + solve: 8.64e-02s
	 lin-sys: 9.21e-03s, cones: 7.50e-02s, accel: 3.88e-04s
------------------------------------------------------------------
objective = -456.036003
------------------------------------------------------------------
===Terminated Graph Sampling=== rank:  [2, 2, 2, 3, 2]
------------------------------------------------------------------
	       SCS v3.2.9 - Splitting Conic Solver
	(c) Brendan O'Donoghue, Stanford University, 2012
------------------------------------------------------------------
problem:  variables n: 2080, constraints m: 2144
cones: 	  z: primal zero / dual free vars: 64
	  s: psd vars: 2080, ssize: 1
settings: eps_abs: 1.7e-06, eps_rel: 1.7e-06, eps_infeas: 1.0e-07
	  alpha: 1.50, scale: 1.00e-01, adaptive_scale: 1
	  max_iters: 100000, normalize: 1, rho_x: 1.00e-06
	  acceleration_lookback: 10, acceleration_interval: 10
lin-sys:  sparse-indirect-scs
	  nnz(A): 2144, nnz(P): 0
------------------------------------------------------------------
 iter | pri res | dua res |   gap   |   obj   |  scale  | time (s)
------------------------------------------------------------------
     0| 3.23e+01  1.15e+01  8.74e+03 -5.22e+03  1.00e-01  1.52e-03 
   250| 3.39e-06  1.31e-06  2.18e-05 -6.88e+02  1.40e+00  1.00e-01 
------------------------------------------------------------------
status:  solved
timings: total: 1.00e-01s = setup: 8.32e-04s + solve: 9.95e-02s
	 lin-sys: 1.02e-02s, cones: 8.42e-02s, accel: 3.28e-03s
------------------------------------------------------------------
objective = -688.000098
------------------------------------------------------------------
------------------------------------------------------------------
	       SCS v3.2.9 - Splitting Conic Solver
	(c) Brendan O'Donoghue, Stanford University, 2012
------------------------------------------------------------------
problem:  variables n: 2080, constraints m: 2144
cones: 	  z: primal zero / dual free vars: 64
	  s: psd vars: 2080, ssize: 1
settings: eps_abs: 1.7e-06, eps_rel: 1.7e-06, eps_infeas: 1.0e-07
	  alpha: 1.50, scale: 1.00e-01, adaptive_scale: 1
	  max_iters: 100000, normalize: 1, rho_x: 1.00e-06
	  acceleration_lookback: 10, acceleration_interval: 10
lin-sys:  sparse-indirect-scs
	  nnz(A): 2144, nnz(P): 0
------------------------------------------------------------------
 iter | pri res | dua res |   gap   |   obj   |  scale  | time (s)
------------------------------------------------------------------
     0| 3.23e+01  1.15e+01  8.74e+03 -5.22e+03  1.00e-01  1.95e-03 
   250| 3.39e-06  1.31e-06  2.18e-05 -6.88e+02  1.40e+00  9.80e-02 
------------------------------------------------------------------
status:  solved
timings: total: 9.80e-02s = setup: 1.23e-03s + solve: 9.68e-02s
	 lin-sys: 1.02e-02s, cones: 8.41e-02s, accel: 6.86e-04s
------------------------------------------------------------------
objective = -688.000098
------------------------------------------------------------------
===Terminated Graph Sampling=== rank:  [2, 2, 3, 2, 2]
------------------------------------------------------------------
	       SCS v3.2.9 - Splitting Conic Solver
	(c) Brendan O'Donoghue, Stanford University, 2012
------------------------------------------------------------------
problem:  variables n: 2080, constraints m: 2144
cones: 	  z: primal zero / dual free vars: 64
	  s: psd vars: 2080, ssize: 1
settings: eps_abs: 1.7e-06, eps_rel: 1.7e-06, eps_infeas: 1.0e-07
	  alpha: 1.50, scale: 1.00e-01, adaptive_scale: 1
	  max_iters: 100000, normalize: 1, rho_x: 1.00e-06
	  acceleration_lookback: 10, acceleration_interval: 10
lin-sys:  sparse-indirect-scs
	  nnz(A): 2144, nnz(P): 0
------------------------------------------------------------------
 iter | pri res | dua res |   gap   |   obj   |  scale  | time (s)
------------------------------------------------------------------
     0| 3.02e+01  1.87e+01  1.24e+04 -7.39e+03  1.00e-01  1.43e-03 
   250| 1.42e-06  4.52e-06  1.26e-03 -1.09e+03  1.23e+01  8.99e-02 
------------------------------------------------------------------
status:  solved
timings: total: 8.99e-02s = setup: 7.78e-04s + solve: 8.92e-02s
	 lin-sys: 9.27e-03s, cones: 7.79e-02s, accel: 3.21e-04s
------------------------------------------------------------------
objective = -1087.999225
------------------------------------------------------------------
------------------------------------------------------------------
	       SCS v3.2.9 - Splitting Conic Solver
	(c) Brendan O'Donoghue, Stanford University, 2012
------------------------------------------------------------------
problem:  variables n: 2080, constraints m: 2144
cones: 	  z: primal zero / dual free vars: 64
	  s: psd vars: 2080, ssize: 1
settings: eps_abs: 1.7e-06, eps_rel: 1.7e-06, eps_infeas: 1.0e-07
	  alpha: 1.50, scale: 1.00e-01, adaptive_scale: 1
	  max_iters: 100000, normalize: 1, rho_x: 1.00e-06
	  acceleration_lookback: 10, acceleration_interval: 10
lin-sys:  sparse-indirect-scs
	  nnz(A): 2144, nnz(P): 0
------------------------------------------------------------------
 iter | pri res | dua res |   gap   |   obj   |  scale  | time (s)
------------------------------------------------------------------
     0| 3.02e+01  1.87e+01  1.24e+04 -7.39e+03  1.00e-01  1.30e-03 
   250| 1.42e-06  4.52e-06  1.26e-03 -1.09e+03  1.23e+01  1.01e-01 
------------------------------------------------------------------
status:  solved
timings: total: 1.01e-01s = setup: 7.43e-04s + solve: 9.98e-02s
	 lin-sys: 1.14e-02s, cones: 8.57e-02s, accel: 4.39e-04s
------------------------------------------------------------------
objective = -1087.999225
------------------------------------------------------------------
===Terminated Graph Sampling=== rank:  [2, 2, 3, 1, 1]
------------------------------------------------------------------
	       SCS v3.2.9 - Splitting Conic Solver
	(c) Brendan O'Donoghue, Stanford University, 2012
------------------------------------------------------------------
problem:  variables n: 2080, constraints m: 2144
cones: 	  z: primal zero / dual free vars: 64
	  s: psd vars: 2080, ssize: 1
settings: eps_abs: 1.7e-06, eps_rel: 1.7e-06, eps_infeas: 1.0e-07
	  alpha: 1.50, scale: 1.00e-01, adaptive_scale: 1
	  max_iters: 100000, normalize: 1, rho_x: 1.00e-06
	  acceleration_lookback: 10, acceleration_interval: 10
lin-sys:  sparse-indirect-scs
	  nnz(A): 2144, nnz(P): 0
------------------------------------------------------------------
 iter | pri res | dua res |   gap   |   obj   |  scale  | time (s)
------------------------------------------------------------------
     0| 1.76e+01  3.03e+00  2.06e+03 -1.22e+03  1.00e-01  1.47e-03 
   200| 2.67e-06  6.13e-07  4.04e-05 -2.04e+02  5.67e-01  8.08e-02 
------------------------------------------------------------------
status:  solved
timings: total: 8.08e-02s = setup: 7.94e-04s + solve: 8.01e-02s
	 lin-sys: 7.46e-03s, cones: 7.09e-02s, accel: 2.63e-04s
------------------------------------------------------------------
objective = -204.000217
------------------------------------------------------------------
------------------------------------------------------------------
	       SCS v3.2.9 - Splitting Conic Solver
	(c) Brendan O'Donoghue, Stanford University, 2012
------------------------------------------------------------------
problem:  variables n: 2080, constraints m: 2144
cones: 	  z: primal zero / dual free vars: 64
	  s: psd vars: 2080, ssize: 1
settings: eps_abs: 1.7e-06, eps_rel: 1.7e-06, eps_infeas: 1.0e-07
	  alpha: 1.50, scale: 1.00e-01, adaptive_scale: 1
	  max_iters: 100000, normalize: 1, rho_x: 1.00e-06
	  acceleration_lookback: 10, acceleration_interval: 10
lin-sys:  sparse-indirect-scs
	  nnz(A): 2144, nnz(P): 0
------------------------------------------------------------------
 iter | pri res | dua res |   gap   |   obj   |  scale  | time (s)
------------------------------------------------------------------
     0| 1.76e+01  3.03e+00  2.06e+03 -1.22e+03  1.00e-01  1.67e-03 
   200| 2.67e-06  6.13e-07  4.04e-05 -2.04e+02  5.67e-01  8.30e-02 
------------------------------------------------------------------
status:  solved
timings: total: 8.30e-02s = setup: 9.13e-04s + solve: 8.21e-02s
	 lin-sys: 7.84e-03s, cones: 7.26e-02s, accel: 3.10e-04s
------------------------------------------------------------------
objective = -204.000217
------------------------------------------------------------------
===Terminated Graph Sampling=== rank:  [2, 2, 3, 2, 1]
------------------------------------------------------------------
	       SCS v3.2.9 - Splitting Conic Solver
	(c) Brendan O'Donoghue, Stanford University, 2012
------------------------------------------------------------------
problem:  variables n: 2080, constraints m: 2144
cones: 	  z: primal zero / dual free vars: 64
	  s: psd vars: 2080, ssize: 1
settings: eps_abs: 1.7e-06, eps_rel: 1.7e-06, eps_infeas: 1.0e-07
	  alpha: 1.50, scale: 1.00e-01, adaptive_scale: 1
	  max_iters: 100000, normalize: 1, rho_x: 1.00e-06
	  acceleration_lookback: 10, acceleration_interval: 10
lin-sys:  sparse-indirect-scs
	  nnz(A): 2144, nnz(P): 0
------------------------------------------------------------------
 iter | pri res | dua res |   gap   |   obj   |  scale  | time (s)
------------------------------------------------------------------
     0| 2.59e+01  1.12e+01  8.73e+03 -5.22e+03  1.00e-01  2.39e-03 
   250| 1.27e-05  8.10e-05  2.57e-03 -8.64e+02  7.95e+00  1.31e-01 
   325| 5.50e-08  7.82e-07  1.24e-05 -8.64e+02  7.95e+00  1.69e-01 
------------------------------------------------------------------
status:  solved
timings: total: 1.69e-01s = setup: 1.26e-03s + solve: 1.68e-01s
	 lin-sys: 1.37e-02s, cones: 1.50e-01s, accel: 8.80e-04s
------------------------------------------------------------------
objective = -863.999966
------------------------------------------------------------------
------------------------------------------------------------------
	       SCS v3.2.9 - Splitting Conic Solver
	(c) Brendan O'Donoghue, Stanford University, 2012
------------------------------------------------------------------
problem:  variables n: 2080, constraints m: 2144
cones: 	  z: primal zero / dual free vars: 64
	  s: psd vars: 2080, ssize: 1
settings: eps_abs: 1.7e-06, eps_rel: 1.7e-06, eps_infeas: 1.0e-07
	  alpha: 1.50, scale: 1.00e-01, adaptive_scale: 1
	  max_iters: 100000, normalize: 1, rho_x: 1.00e-06
	  acceleration_lookback: 10, acceleration_interval: 10
lin-sys:  sparse-indirect-scs
	  nnz(A): 2144, nnz(P): 0
------------------------------------------------------------------
 iter | pri res | dua res |   gap   |   obj   |  scale  | time (s)
------------------------------------------------------------------
     0| 2.59e+01  1.12e+01  8.73e+03 -5.22e+03  1.00e-01  1.54e-03 
   250| 1.27e-05  8.10e-05  2.57e-03 -8.64e+02  7.95e+00  1.29e-01 
   325| 5.50e-08  7.82e-07  1.24e-05 -8.64e+02  7.95e+00  1.64e-01 
------------------------------------------------------------------
status:  solved
timings: total: 1.64e-01s = setup: 7.58e-04s + solve: 1.64e-01s
	 lin-sys: 1.23e-02s, cones: 1.48e-01s, accel: 6.54e-04s
------------------------------------------------------------------
objective = -863.999966
------------------------------------------------------------------
Number of failed seeds: 0

================================================================================
                             FINAL RESULTS SUMMARY                              
================================================================================
Most metrics are reported as Mean ± Standard Deviation over all seeds [73, 54, 624, 7, 9].

  Metric                       |                     Value
  ---------------------------- | -------------------------
  Solution Time (s)            |             0.897 ± 1.288
  Runtime Median [IQR] (s)     |             0.231 [0.144]
  Worst Runtime (s)            |                     3.469
  Problem Creation (s)         |             0.012 ± 0.016
  Iterations                   |              245.0 ± 45.8
  Feasibility Error            |       2.12e-16 ± 1.98e-16
  Dual Feasibility Error       |       4.12e-10 ± 7.14e-10
  Duality Gap                  |       9.97e-05 ± 6.73e-05
  Peak Memory (MB)             |           80.376 ± 45.668
  Memory Median [IQR] (MB)     |            57.434 [0.457]
  Worst Memory (MB)            |                   171.711
  ---------------------------- | -------------------------
  Rank Statistics                                        
    Ranks X                 : [0.0±0.0]
    Ranks Y                 : [0.0±0.0]
    Ranks Z                 : [0.0±0.0]

================================================================================
✅ Completed dim=6 successfully

==== All runs completed at Tue 26 May 13:28:27 BST 2026 ====
