Running: maxcut_scs (rank=4)
==== maxcut SCS Batch Run Started at Tue 26 May 13:28:13 BST 2026 ====

▶ Running dim=6 with config=configs/maxcut_6.yaml at Tue 26 May 13:28:13 BST 2026
===Terminated Graph Sampling=== rank:  [3, 3, 4, 3, 2]
------------------------------------------------------------------
	       SCS v3.2.9 - Splitting Conic Solver
	(c) Brendan O'Donoghue, Stanford University, 2012
------------------------------------------------------------------
problem:  variables n: 2080, constraints m: 2144
cones: 	  z: primal zero / dual free vars: 64
	  s: psd vars: 2080, ssize: 1
settings: eps_abs: 1.7e-06, eps_rel: 1.7e-06, eps_infeas: 1.0e-07
	  alpha: 1.50, scale: 1.00e-01, adaptive_scale: 1
	  max_iters: 100000, normalize: 1, rho_x: 1.00e-06
	  acceleration_lookback: 10, acceleration_interval: 10
lin-sys:  sparse-indirect-scs
	  nnz(A): 2144, nnz(P): 0
------------------------------------------------------------------
 iter | pri res | dua res |   gap   |   obj   |  scale  | time (s)
------------------------------------------------------------------
     0| 2.50e+01  9.28e+00  7.42e+03 -4.43e+03  1.00e-01  1.17e-02 
   250| 7.26e-05  1.22e-04  6.54e-04 -6.73e+02  4.63e+00  1.93e-01 
   325| 1.31e-06  2.09e-06  3.90e-04 -6.73e+02  4.63e+00  2.47e-01 
------------------------------------------------------------------
status:  solved
timings: total: 2.47e-01s = setup: 7.97e-03s + solve: 2.39e-01s
	 lin-sys: 1.71e-02s, cones: 2.14e-01s, accel: 3.88e-03s
------------------------------------------------------------------
objective = -672.677136
------------------------------------------------------------------
===Terminated Graph Sampling=== rank:  [3, 4, 4, 3, 3]
------------------------------------------------------------------
	       SCS v3.2.9 - Splitting Conic Solver
	(c) Brendan O'Donoghue, Stanford University, 2012
------------------------------------------------------------------
problem:  variables n: 2080, constraints m: 2144
cones: 	  z: primal zero / dual free vars: 64
	  s: psd vars: 2080, ssize: 1
settings: eps_abs: 1.7e-06, eps_rel: 1.7e-06, eps_infeas: 1.0e-07
	  alpha: 1.50, scale: 1.00e-01, adaptive_scale: 1
	  max_iters: 100000, normalize: 1, rho_x: 1.00e-06
	  acceleration_lookback: 10, acceleration_interval: 10
lin-sys:  sparse-indirect-scs
	  nnz(A): 2144, nnz(P): 0
------------------------------------------------------------------
 iter | pri res | dua res |   gap   |   obj   |  scale  | time (s)
------------------------------------------------------------------
     0| 2.55e+01  8.03e+00  7.43e+03 -4.44e+03  1.00e-01  2.09e-03 
   250| 2.90e-06  2.13e-06  1.67e-04 -7.15e+02  1.44e+00  1.36e-01 
------------------------------------------------------------------
status:  solved
timings: total: 1.36e-01s = setup: 1.15e-03s + solve: 1.35e-01s
	 lin-sys: 9.55e-03s, cones: 1.23e-01s, accel: 6.04e-04s
------------------------------------------------------------------
objective = -715.158506
------------------------------------------------------------------
------------------------------------------------------------------
	       SCS v3.2.9 - Splitting Conic Solver
	(c) Brendan O'Donoghue, Stanford University, 2012
------------------------------------------------------------------
problem:  variables n: 2080, constraints m: 2144
cones: 	  z: primal zero / dual free vars: 64
	  s: psd vars: 2080, ssize: 1
settings: eps_abs: 1.7e-06, eps_rel: 1.7e-06, eps_infeas: 1.0e-07
	  alpha: 1.50, scale: 1.00e-01, adaptive_scale: 1
	  max_iters: 100000, normalize: 1, rho_x: 1.00e-06
	  acceleration_lookback: 10, acceleration_interval: 10
lin-sys:  sparse-indirect-scs
	  nnz(A): 2144, nnz(P): 0
------------------------------------------------------------------
 iter | pri res | dua res |   gap   |   obj   |  scale  | time (s)
------------------------------------------------------------------
     0| 2.55e+01  8.03e+00  7.43e+03 -4.44e+03  1.00e-01  1.67e-03 
   250| 2.90e-06  2.13e-06  1.67e-04 -7.15e+02  1.44e+00  1.43e-01 
------------------------------------------------------------------
status:  solved
timings: total: 1.43e-01s = setup: 9.05e-04s + solve: 1.42e-01s
	 lin-sys: 1.05e-02s, cones: 1.29e-01s, accel: 6.89e-04s
------------------------------------------------------------------
objective = -715.158506
------------------------------------------------------------------
===Terminated Graph Sampling=== rank:  [3, 4, 2, 2, 2]
------------------------------------------------------------------
	       SCS v3.2.9 - Splitting Conic Solver
	(c) Brendan O'Donoghue, Stanford University, 2012
------------------------------------------------------------------
problem:  variables n: 2080, constraints m: 2144
cones: 	  z: primal zero / dual free vars: 64
	  s: psd vars: 2080, ssize: 1
settings: eps_abs: 1.7e-06, eps_rel: 1.7e-06, eps_infeas: 1.0e-07
	  alpha: 1.50, scale: 1.00e-01, adaptive_scale: 1
	  max_iters: 100000, normalize: 1, rho_x: 1.00e-06
	  acceleration_lookback: 10, acceleration_interval: 10
lin-sys:  sparse-indirect-scs
	  nnz(A): 2144, nnz(P): 0
------------------------------------------------------------------
 iter | pri res | dua res |   gap   |   obj   |  scale  | time (s)
------------------------------------------------------------------
     0| 3.65e+01  1.19e+01  1.25e+04 -7.45e+03  1.00e-01  1.66e-03 
   250| 5.17e-06  9.31e-07  1.00e-04 -1.09e+03  1.64e+00  1.32e-01 
   275| 1.13e-07  3.36e-07  8.26e-06 -1.09e+03  5.44e+00  1.44e-01 
------------------------------------------------------------------
status:  solved
timings: total: 1.44e-01s = setup: 9.67e-04s + solve: 1.43e-01s
	 lin-sys: 1.20e-02s, cones: 1.28e-01s, accel: 7.32e-04s
------------------------------------------------------------------
objective = -1094.768966
------------------------------------------------------------------
------------------------------------------------------------------
	       SCS v3.2.9 - Splitting Conic Solver
	(c) Brendan O'Donoghue, Stanford University, 2012
------------------------------------------------------------------
problem:  variables n: 2080, constraints m: 2144
cones: 	  z: primal zero / dual free vars: 64
	  s: psd vars: 2080, ssize: 1
settings: eps_abs: 1.7e-06, eps_rel: 1.7e-06, eps_infeas: 1.0e-07
	  alpha: 1.50, scale: 1.00e-01, adaptive_scale: 1
	  max_iters: 100000, normalize: 1, rho_x: 1.00e-06
	  acceleration_lookback: 10, acceleration_interval: 10
lin-sys:  sparse-indirect-scs
	  nnz(A): 2144, nnz(P): 0
------------------------------------------------------------------
 iter | pri res | dua res |   gap   |   obj   |  scale  | time (s)
------------------------------------------------------------------
     0| 3.65e+01  1.19e+01  1.25e+04 -7.45e+03  1.00e-01  1.54e-03 
   250| 5.17e-06  9.31e-07  1.00e-04 -1.09e+03  1.64e+00  1.20e-01 
   275| 1.13e-07  3.36e-07  8.26e-06 -1.09e+03  5.44e+00  1.32e-01 
------------------------------------------------------------------
status:  solved
timings: total: 1.32e-01s = setup: 8.37e-04s + solve: 1.31e-01s
	 lin-sys: 1.06e-02s, cones: 1.17e-01s, accel: 6.92e-04s
------------------------------------------------------------------
objective = -1094.768966
------------------------------------------------------------------
===Terminated Graph Sampling=== rank:  [3, 4, 4, 3, 2]
------------------------------------------------------------------
	       SCS v3.2.9 - Splitting Conic Solver
	(c) Brendan O'Donoghue, Stanford University, 2012
------------------------------------------------------------------
problem:  variables n: 2080, constraints m: 2144
cones: 	  z: primal zero / dual free vars: 64
	  s: psd vars: 2080, ssize: 1
settings: eps_abs: 1.7e-06, eps_rel: 1.7e-06, eps_infeas: 1.0e-07
	  alpha: 1.50, scale: 1.00e-01, adaptive_scale: 1
	  max_iters: 100000, normalize: 1, rho_x: 1.00e-06
	  acceleration_lookback: 10, acceleration_interval: 10
lin-sys:  sparse-indirect-scs
	  nnz(A): 2144, nnz(P): 0
------------------------------------------------------------------
 iter | pri res | dua res |   gap   |   obj   |  scale  | time (s)
------------------------------------------------------------------
     0| 2.42e+01  9.46e+00  6.22e+03 -3.71e+03  1.00e-01  1.46e-03 
   225| 2.72e-06  3.76e-06  7.70e-05 -5.68e+02  4.68e+00  1.12e-01 
------------------------------------------------------------------
status:  solved
timings: total: 1.12e-01s = setup: 7.73e-04s + solve: 1.11e-01s
	 lin-sys: 1.01e-02s, cones: 9.92e-02s, accel: 3.12e-04s
------------------------------------------------------------------
objective = -568.098332
------------------------------------------------------------------
------------------------------------------------------------------
	       SCS v3.2.9 - Splitting Conic Solver
	(c) Brendan O'Donoghue, Stanford University, 2012
------------------------------------------------------------------
problem:  variables n: 2080, constraints m: 2144
cones: 	  z: primal zero / dual free vars: 64
	  s: psd vars: 2080, ssize: 1
settings: eps_abs: 1.7e-06, eps_rel: 1.7e-06, eps_infeas: 1.0e-07
	  alpha: 1.50, scale: 1.00e-01, adaptive_scale: 1
	  max_iters: 100000, normalize: 1, rho_x: 1.00e-06
	  acceleration_lookback: 10, acceleration_interval: 10
lin-sys:  sparse-indirect-scs
	  nnz(A): 2144, nnz(P): 0
------------------------------------------------------------------
 iter | pri res | dua res |   gap   |   obj   |  scale  | time (s)
------------------------------------------------------------------
     0| 2.42e+01  9.46e+00  6.22e+03 -3.71e+03  1.00e-01  1.79e-03 
   225| 2.72e-06  3.76e-06  7.70e-05 -5.68e+02  4.68e+00  1.27e-01 
------------------------------------------------------------------
status:  solved
timings: total: 1.27e-01s = setup: 8.07e-04s + solve: 1.26e-01s
	 lin-sys: 1.17e-02s, cones: 1.12e-01s, accel: 4.57e-04s
------------------------------------------------------------------
objective = -568.098332
------------------------------------------------------------------
===Terminated Graph Sampling=== rank:  [3, 4, 2, 2, 1]
------------------------------------------------------------------
	       SCS v3.2.9 - Splitting Conic Solver
	(c) Brendan O'Donoghue, Stanford University, 2012
------------------------------------------------------------------
problem:  variables n: 2080, constraints m: 2144
cones: 	  z: primal zero / dual free vars: 64
	  s: psd vars: 2080, ssize: 1
settings: eps_abs: 1.7e-06, eps_rel: 1.7e-06, eps_infeas: 1.0e-07
	  alpha: 1.50, scale: 1.00e-01, adaptive_scale: 1
	  max_iters: 100000, normalize: 1, rho_x: 1.00e-06
	  acceleration_lookback: 10, acceleration_interval: 10
lin-sys:  sparse-indirect-scs
	  nnz(A): 2144, nnz(P): 0
------------------------------------------------------------------
 iter | pri res | dua res |   gap   |   obj   |  scale  | time (s)
------------------------------------------------------------------
     0| 2.84e+01  2.22e+01  1.85e+04 -1.11e+04  1.00e-01  1.46e-03 
   250| 5.74e-05  8.92e-04  1.23e-02 -1.66e+03  1.31e+01  1.09e-01 
   325| 1.64e-06  6.09e-06  1.58e-03 -1.66e+03  1.31e+01  1.43e-01 
------------------------------------------------------------------
status:  solved
timings: total: 1.43e-01s = setup: 7.79e-04s + solve: 1.42e-01s
	 lin-sys: 1.27e-02s, cones: 1.27e-01s, accel: 6.36e-04s
------------------------------------------------------------------
objective = -1664.000172
------------------------------------------------------------------
------------------------------------------------------------------
	       SCS v3.2.9 - Splitting Conic Solver
	(c) Brendan O'Donoghue, Stanford University, 2012
------------------------------------------------------------------
problem:  variables n: 2080, constraints m: 2144
cones: 	  z: primal zero / dual free vars: 64
	  s: psd vars: 2080, ssize: 1
settings: eps_abs: 1.7e-06, eps_rel: 1.7e-06, eps_infeas: 1.0e-07
	  alpha: 1.50, scale: 1.00e-01, adaptive_scale: 1
	  max_iters: 100000, normalize: 1, rho_x: 1.00e-06
	  acceleration_lookback: 10, acceleration_interval: 10
lin-sys:  sparse-indirect-scs
	  nnz(A): 2144, nnz(P): 0
------------------------------------------------------------------
 iter | pri res | dua res |   gap   |   obj   |  scale  | time (s)
------------------------------------------------------------------
     0| 2.84e+01  2.22e+01  1.85e+04 -1.11e+04  1.00e-01  1.43e-03 
   250| 5.74e-05  8.92e-04  1.23e-02 -1.66e+03  1.31e+01  1.29e-01 
   325| 1.64e-06  6.09e-06  1.58e-03 -1.66e+03  1.31e+01  1.65e-01 
------------------------------------------------------------------
status:  solved
timings: total: 1.65e-01s = setup: 7.65e-04s + solve: 1.64e-01s
	 lin-sys: 1.63e-02s, cones: 1.44e-01s, accel: 8.62e-04s
------------------------------------------------------------------
objective = -1664.000172
------------------------------------------------------------------
Number of failed seeds: 0

================================================================================
                             FINAL RESULTS SUMMARY                              
================================================================================
Most metrics are reported as Mean ± Standard Deviation over all seeds [73, 54, 624, 7, 9].

  Metric                       |                     Value
  ---------------------------- | -------------------------
  Solution Time (s)            |             1.021 ± 1.425
  Runtime Median [IQR] (s)     |             0.313 [0.031]
  Worst Runtime (s)            |                     3.871
  Problem Creation (s)         |             0.019 ± 0.023
  Iterations                   |              280.0 ± 40.0
  Feasibility Error            |       1.28e-16 ± 1.06e-16
  Dual Feasibility Error       |       1.24e-09 ± 7.88e-10
  Duality Gap                  |       3.35e-04 ± 3.24e-04
  Peak Memory (MB)             |           80.409 ± 45.738
  Memory Median [IQR] (MB)     |            57.367 [0.715]
  Worst Memory (MB)            |                   171.883
  ---------------------------- | -------------------------
  Rank Statistics                                        
    Ranks X                 : [0.0±0.0]
    Ranks Y                 : [0.0±0.0]
    Ranks Z                 : [0.0±0.0]

================================================================================
✅ Completed dim=6 successfully

==== All runs completed at Tue 26 May 13:28:28 BST 2026 ====
