Running: maxcut_scs (rank=5)
==== maxcut SCS Batch Run Started at Tue 26 May 13:28:13 BST 2026 ====

▶ Running dim=6 with config=configs/maxcut_6.yaml at Tue 26 May 13:28:13 BST 2026
===Terminated Graph Sampling=== rank:  [3, 5, 5, 3, 2]
------------------------------------------------------------------
	       SCS v3.2.9 - Splitting Conic Solver
	(c) Brendan O'Donoghue, Stanford University, 2012
------------------------------------------------------------------
problem:  variables n: 2080, constraints m: 2144
cones: 	  z: primal zero / dual free vars: 64
	  s: psd vars: 2080, ssize: 1
settings: eps_abs: 1.7e-06, eps_rel: 1.7e-06, eps_infeas: 1.0e-07
	  alpha: 1.50, scale: 1.00e-01, adaptive_scale: 1
	  max_iters: 100000, normalize: 1, rho_x: 1.00e-06
	  acceleration_lookback: 10, acceleration_interval: 10
lin-sys:  sparse-indirect-scs
	  nnz(A): 2144, nnz(P): 0
------------------------------------------------------------------
 iter | pri res | dua res |   gap   |   obj   |  scale  | time (s)
------------------------------------------------------------------
     0| 2.84e+01  1.71e+01  2.03e+04 -1.22e+04  1.00e-01  7.78e-03 
   250| 3.72e-04  3.21e-04  6.09e-03 -1.49e+03  6.27e+00  1.50e-01 
   500| 8.15e-07  5.43e-05  9.05e-05 -1.49e+03  6.27e+00  2.86e-01 
   750| 3.58e-05  2.24e-04  7.97e-06 -1.49e+03  6.27e+00  4.15e-01 
   875| 4.86e-07  3.44e-05  6.11e-05 -1.49e+03  6.27e+00  4.77e-01 
------------------------------------------------------------------
status:  solved
timings: total: 4.77e-01s = setup: 5.23e-03s + solve: 4.72e-01s
	 lin-sys: 3.56e-02s, cones: 4.26e-01s, accel: 3.87e-03s
------------------------------------------------------------------
objective = -1486.478502
------------------------------------------------------------------
===Terminated Graph Sampling=== rank:  [3, 4, 5, 3, 2]
------------------------------------------------------------------
	       SCS v3.2.9 - Splitting Conic Solver
	(c) Brendan O'Donoghue, Stanford University, 2012
------------------------------------------------------------------
problem:  variables n: 2080, constraints m: 2144
cones: 	  z: primal zero / dual free vars: 64
	  s: psd vars: 2080, ssize: 1
settings: eps_abs: 1.7e-06, eps_rel: 1.7e-06, eps_infeas: 1.0e-07
	  alpha: 1.50, scale: 1.00e-01, adaptive_scale: 1
	  max_iters: 100000, normalize: 1, rho_x: 1.00e-06
	  acceleration_lookback: 10, acceleration_interval: 10
lin-sys:  sparse-indirect-scs
	  nnz(A): 2144, nnz(P): 0
------------------------------------------------------------------
 iter | pri res | dua res |   gap   |   obj   |  scale  | time (s)
------------------------------------------------------------------
     0| 2.04e+01  2.75e+00  1.70e+03 -1.00e+03  1.00e-01  1.47e-03 
   225| 3.39e-06  1.20e-06  1.08e-04 -1.62e+02  7.08e-01  1.04e-01 
------------------------------------------------------------------
status:  solved
timings: total: 1.04e-01s = setup: 7.75e-04s + solve: 1.03e-01s
	 lin-sys: 8.31e-03s, cones: 9.25e-02s, accel: 4.87e-04s
------------------------------------------------------------------
objective = -161.753060
------------------------------------------------------------------
------------------------------------------------------------------
	       SCS v3.2.9 - Splitting Conic Solver
	(c) Brendan O'Donoghue, Stanford University, 2012
------------------------------------------------------------------
problem:  variables n: 2080, constraints m: 2144
cones: 	  z: primal zero / dual free vars: 64
	  s: psd vars: 2080, ssize: 1
settings: eps_abs: 1.7e-06, eps_rel: 1.7e-06, eps_infeas: 1.0e-07
	  alpha: 1.50, scale: 1.00e-01, adaptive_scale: 1
	  max_iters: 100000, normalize: 1, rho_x: 1.00e-06
	  acceleration_lookback: 10, acceleration_interval: 10
lin-sys:  sparse-indirect-scs
	  nnz(A): 2144, nnz(P): 0
------------------------------------------------------------------
 iter | pri res | dua res |   gap   |   obj   |  scale  | time (s)
------------------------------------------------------------------
     0| 2.04e+01  2.75e+00  1.70e+03 -1.00e+03  1.00e-01  1.47e-03 
   225| 3.39e-06  1.20e-06  1.08e-04 -1.62e+02  7.08e-01  1.13e-01 
------------------------------------------------------------------
status:  solved
timings: total: 1.13e-01s = setup: 8.07e-04s + solve: 1.12e-01s
	 lin-sys: 9.53e-03s, cones: 9.99e-02s, accel: 6.77e-04s
------------------------------------------------------------------
objective = -161.753060
------------------------------------------------------------------
===Terminated Graph Sampling=== rank:  [3, 5, 5, 5, 3]
------------------------------------------------------------------
	       SCS v3.2.9 - Splitting Conic Solver
	(c) Brendan O'Donoghue, Stanford University, 2012
------------------------------------------------------------------
problem:  variables n: 2080, constraints m: 2144
cones: 	  z: primal zero / dual free vars: 64
	  s: psd vars: 2080, ssize: 1
settings: eps_abs: 1.7e-06, eps_rel: 1.7e-06, eps_infeas: 1.0e-07
	  alpha: 1.50, scale: 1.00e-01, adaptive_scale: 1
	  max_iters: 100000, normalize: 1, rho_x: 1.00e-06
	  acceleration_lookback: 10, acceleration_interval: 10
lin-sys:  sparse-indirect-scs
	  nnz(A): 2144, nnz(P): 0
------------------------------------------------------------------
 iter | pri res | dua res |   gap   |   obj   |  scale  | time (s)
------------------------------------------------------------------
     0| 2.49e+01  7.65e+00  6.81e+03 -4.07e+03  1.00e-01  1.47e-03 
   250| 1.36e-03  4.12e-04  6.21e-04 -6.36e+02  4.38e+00  1.25e-01 
   425| 8.28e-07  1.83e-05  5.01e-06 -6.36e+02  4.38e+00  2.24e-01 
------------------------------------------------------------------
status:  solved
timings: total: 2.24e-01s = setup: 9.07e-04s + solve: 2.23e-01s
	 lin-sys: 1.77e-02s, cones: 2.01e-01s, accel: 9.80e-04s
------------------------------------------------------------------
objective = -636.206113
------------------------------------------------------------------
===Terminated Graph Sampling=== rank:  [2, 2, 4, 5, 2]
------------------------------------------------------------------
	       SCS v3.2.9 - Splitting Conic Solver
	(c) Brendan O'Donoghue, Stanford University, 2012
------------------------------------------------------------------
problem:  variables n: 2080, constraints m: 2144
cones: 	  z: primal zero / dual free vars: 64
	  s: psd vars: 2080, ssize: 1
settings: eps_abs: 1.7e-06, eps_rel: 1.7e-06, eps_infeas: 1.0e-07
	  alpha: 1.50, scale: 1.00e-01, adaptive_scale: 1
	  max_iters: 100000, normalize: 1, rho_x: 1.00e-06
	  acceleration_lookback: 10, acceleration_interval: 10
lin-sys:  sparse-indirect-scs
	  nnz(A): 2144, nnz(P): 0
------------------------------------------------------------------
 iter | pri res | dua res |   gap   |   obj   |  scale  | time (s)
------------------------------------------------------------------
     0| 3.05e+01  1.16e+01  1.29e+04 -7.74e+03  1.00e-01  1.64e-03 
   250| 1.65e-06  4.68e-06  1.10e-04 -1.15e+03  7.06e+00  1.33e-01 
------------------------------------------------------------------
status:  solved
timings: total: 1.33e-01s = setup: 7.62e-04s + solve: 1.32e-01s
	 lin-sys: 1.01e-02s, cones: 1.20e-01s, accel: 3.80e-04s
------------------------------------------------------------------
objective = -1152.645060
------------------------------------------------------------------
------------------------------------------------------------------
	       SCS v3.2.9 - Splitting Conic Solver
	(c) Brendan O'Donoghue, Stanford University, 2012
------------------------------------------------------------------
problem:  variables n: 2080, constraints m: 2144
cones: 	  z: primal zero / dual free vars: 64
	  s: psd vars: 2080, ssize: 1
settings: eps_abs: 1.7e-06, eps_rel: 1.7e-06, eps_infeas: 1.0e-07
	  alpha: 1.50, scale: 1.00e-01, adaptive_scale: 1
	  max_iters: 100000, normalize: 1, rho_x: 1.00e-06
	  acceleration_lookback: 10, acceleration_interval: 10
lin-sys:  sparse-indirect-scs
	  nnz(A): 2144, nnz(P): 0
------------------------------------------------------------------
 iter | pri res | dua res |   gap   |   obj   |  scale  | time (s)
------------------------------------------------------------------
     0| 3.05e+01  1.16e+01  1.29e+04 -7.74e+03  1.00e-01  1.62e-03 
   250| 1.65e-06  4.68e-06  1.10e-04 -1.15e+03  7.06e+00  1.27e-01 
------------------------------------------------------------------
status:  solved
timings: total: 1.27e-01s = setup: 7.36e-04s + solve: 1.27e-01s
	 lin-sys: 9.78e-03s, cones: 1.14e-01s, accel: 3.70e-04s
------------------------------------------------------------------
objective = -1152.645060
------------------------------------------------------------------
===Terminated Graph Sampling=== rank:  [3, 5, 4, 3, 3]
------------------------------------------------------------------
	       SCS v3.2.9 - Splitting Conic Solver
	(c) Brendan O'Donoghue, Stanford University, 2012
------------------------------------------------------------------
problem:  variables n: 2080, constraints m: 2144
cones: 	  z: primal zero / dual free vars: 64
	  s: psd vars: 2080, ssize: 1
settings: eps_abs: 1.7e-06, eps_rel: 1.7e-06, eps_infeas: 1.0e-07
	  alpha: 1.50, scale: 1.00e-01, adaptive_scale: 1
	  max_iters: 100000, normalize: 1, rho_x: 1.00e-06
	  acceleration_lookback: 10, acceleration_interval: 10
lin-sys:  sparse-indirect-scs
	  nnz(A): 2144, nnz(P): 0
------------------------------------------------------------------
 iter | pri res | dua res |   gap   |   obj   |  scale  | time (s)
------------------------------------------------------------------
     0| 3.54e+01  1.80e+01  1.15e+04 -6.85e+03  1.00e-01  1.52e-03 
   250| 1.30e-06  2.44e-07  1.59e-05 -1.06e+03  1.80e+00  1.08e-01 
------------------------------------------------------------------
status:  solved
timings: total: 1.08e-01s = setup: 7.89e-04s + solve: 1.07e-01s
	 lin-sys: 1.01e-02s, cones: 9.44e-02s, accel: 7.79e-04s
------------------------------------------------------------------
objective = -1058.254914
------------------------------------------------------------------
------------------------------------------------------------------
	       SCS v3.2.9 - Splitting Conic Solver
	(c) Brendan O'Donoghue, Stanford University, 2012
------------------------------------------------------------------
problem:  variables n: 2080, constraints m: 2144
cones: 	  z: primal zero / dual free vars: 64
	  s: psd vars: 2080, ssize: 1
settings: eps_abs: 1.7e-06, eps_rel: 1.7e-06, eps_infeas: 1.0e-07
	  alpha: 1.50, scale: 1.00e-01, adaptive_scale: 1
	  max_iters: 100000, normalize: 1, rho_x: 1.00e-06
	  acceleration_lookback: 10, acceleration_interval: 10
lin-sys:  sparse-indirect-scs
	  nnz(A): 2144, nnz(P): 0
------------------------------------------------------------------
 iter | pri res | dua res |   gap   |   obj   |  scale  | time (s)
------------------------------------------------------------------
     0| 3.54e+01  1.80e+01  1.15e+04 -6.85e+03  1.00e-01  1.46e-03 
   250| 1.30e-06  2.44e-07  1.59e-05 -1.06e+03  1.80e+00  1.19e-01 
------------------------------------------------------------------
status:  solved
timings: total: 1.19e-01s = setup: 7.76e-04s + solve: 1.18e-01s
	 lin-sys: 1.29e-02s, cones: 1.02e-01s, accel: 8.77e-04s
------------------------------------------------------------------
objective = -1058.254914
------------------------------------------------------------------
Number of failed seeds: 0

================================================================================
                             FINAL RESULTS SUMMARY                              
================================================================================
Most metrics are reported as Mean ± Standard Deviation over all seeds [73, 54, 624, 7, 9].

  Metric                       |                     Value
  ---------------------------- | -------------------------
  Solution Time (s)            |             1.040 ± 1.561
  Runtime Median [IQR] (s)     |             0.258 [0.041]
  Worst Runtime (s)            |                     4.162
  Problem Creation (s)         |             0.020 ± 0.019
  Iterations                   |             405.0 ± 245.7
  Feasibility Error            |       6.14e-16 ± 1.20e-15
  Dual Feasibility Error       |       7.60e-08 ± 1.38e-07
  Duality Gap                  |       4.96e-05 ± 5.70e-05
  Peak Memory (MB)             |           80.323 ± 45.339
  Memory Median [IQR] (MB)     |            57.492 [0.707]
  Worst Memory (MB)            |                   171.000
  ---------------------------- | -------------------------
  Rank Statistics                                        
    Ranks X                 : [0.0±0.0]
    Ranks Y                 : [0.0±0.0]
    Ranks Z                 : [0.0±0.0]

================================================================================
✅ Completed dim=6 successfully

==== All runs completed at Tue 26 May 13:28:28 BST 2026 ====
