Running: maxcut_scs (rank=1)
==== maxcut SCS Batch Run Started at Tue 26 May 13:28:30 BST 2026 ====

▶ Running dim=7 with config=configs/maxcut_7.yaml at Tue 26 May 13:28:30 BST 2026
===Terminated Graph Sampling=== rank:  [1, 1, 1, 1, 1, 1]
------------------------------------------------------------------
	       SCS v3.2.9 - Splitting Conic Solver
	(c) Brendan O'Donoghue, Stanford University, 2012
------------------------------------------------------------------
problem:  variables n: 8256, constraints m: 8384
cones: 	  z: primal zero / dual free vars: 128
	  s: psd vars: 8256, ssize: 1
settings: eps_abs: 1.4e-06, eps_rel: 1.4e-06, eps_infeas: 1.0e-07
	  alpha: 1.50, scale: 1.00e-01, adaptive_scale: 1
	  max_iters: 100000, normalize: 1, rho_x: 1.00e-06
	  acceleration_lookback: 10, acceleration_interval: 10
lin-sys:  sparse-indirect-scs
	  nnz(A): 8384, nnz(P): 0
------------------------------------------------------------------
 iter | pri res | dua res |   gap   |   obj   |  scale  | time (s)
------------------------------------------------------------------
     0| 9.98e-01  2.00e-01  2.56e+01  1.28e+01  1.00e-01  1.13e-02 
    50| 9.03e-11  4.83e-10  6.19e-08  3.09e-08  1.00e-01  1.50e-01 
------------------------------------------------------------------
status:  solved
timings: total: 1.50e-01s = setup: 3.48e-03s + solve: 1.46e-01s
	 lin-sys: 1.20e-02s, cones: 1.31e-01s, accel: 1.25e-03s
------------------------------------------------------------------
objective = 0.000000
------------------------------------------------------------------
------------------------------------------------------------------
	       SCS v3.2.9 - Splitting Conic Solver
	(c) Brendan O'Donoghue, Stanford University, 2012
------------------------------------------------------------------
problem:  variables n: 8256, constraints m: 8384
cones: 	  z: primal zero / dual free vars: 128
	  s: psd vars: 8256, ssize: 1
settings: eps_abs: 1.4e-06, eps_rel: 1.4e-06, eps_infeas: 1.0e-07
	  alpha: 1.50, scale: 1.00e-01, adaptive_scale: 1
	  max_iters: 100000, normalize: 1, rho_x: 1.00e-06
	  acceleration_lookback: 10, acceleration_interval: 10
lin-sys:  sparse-indirect-scs
	  nnz(A): 8384, nnz(P): 0
------------------------------------------------------------------
 iter | pri res | dua res |   gap   |   obj   |  scale  | time (s)
------------------------------------------------------------------
     0| 9.98e-01  2.00e-01  2.56e+01  1.28e+01  1.00e-01  6.80e-03 
    50| 9.03e-11  4.83e-10  6.19e-08  3.09e-08  1.00e-01  1.39e-01 
------------------------------------------------------------------
status:  solved
timings: total: 1.39e-01s = setup: 4.03e-03s + solve: 1.35e-01s
	 lin-sys: 1.03e-02s, cones: 1.21e-01s, accel: 1.02e-03s
------------------------------------------------------------------
objective = 0.000000
------------------------------------------------------------------
===Terminated Graph Sampling=== rank:  [1, 1, 1, 1, 1, 1]
------------------------------------------------------------------
	       SCS v3.2.9 - Splitting Conic Solver
	(c) Brendan O'Donoghue, Stanford University, 2012
------------------------------------------------------------------
problem:  variables n: 8256, constraints m: 8384
cones: 	  z: primal zero / dual free vars: 128
	  s: psd vars: 8256, ssize: 1
settings: eps_abs: 1.4e-06, eps_rel: 1.4e-06, eps_infeas: 1.0e-07
	  alpha: 1.50, scale: 1.00e-01, adaptive_scale: 1
	  max_iters: 100000, normalize: 1, rho_x: 1.00e-06
	  acceleration_lookback: 10, acceleration_interval: 10
lin-sys:  sparse-indirect-scs
	  nnz(A): 8384, nnz(P): 0
------------------------------------------------------------------
 iter | pri res | dua res |   gap   |   obj   |  scale  | time (s)
------------------------------------------------------------------
     0| 1.89e+01  3.04e+01  6.31e+04 -3.77e+04  1.00e-01  7.75e-03 
   250| 1.27e-06  3.91e-06  4.12e-04 -6.14e+03  4.41e+01  6.34e-01 
------------------------------------------------------------------
status:  solved
timings: total: 6.34e-01s = setup: 2.99e-03s + solve: 6.31e-01s
	 lin-sys: 5.71e-02s, cones: 5.59e-01s, accel: 5.67e-03s
------------------------------------------------------------------
objective = -6144.002692
------------------------------------------------------------------
===Terminated Graph Sampling=== rank:  [1, 1, 1, 1, 1, 1]
------------------------------------------------------------------
	       SCS v3.2.9 - Splitting Conic Solver
	(c) Brendan O'Donoghue, Stanford University, 2012
------------------------------------------------------------------
problem:  variables n: 8256, constraints m: 8384
cones: 	  z: primal zero / dual free vars: 128
	  s: psd vars: 8256, ssize: 1
settings: eps_abs: 1.4e-06, eps_rel: 1.4e-06, eps_infeas: 1.0e-07
	  alpha: 1.50, scale: 1.00e-01, adaptive_scale: 1
	  max_iters: 100000, normalize: 1, rho_x: 1.00e-06
	  acceleration_lookback: 10, acceleration_interval: 10
lin-sys:  sparse-indirect-scs
	  nnz(A): 8384, nnz(P): 0
------------------------------------------------------------------
 iter | pri res | dua res |   gap   |   obj   |  scale  | time (s)
------------------------------------------------------------------
     0| 1.40e+01  6.80e+00  2.07e+04 -1.24e+04  1.00e-01  7.17e-03 
   100| 2.96e-07  1.21e-06  8.38e-05 -2.05e+03  1.00e-01  1.44e-01 
------------------------------------------------------------------
status:  solved
timings: total: 1.44e-01s = setup: 4.76e-03s + solve: 1.39e-01s
	 lin-sys: 2.44e-02s, cones: 1.08e-01s, accel: 3.35e-03s
------------------------------------------------------------------
objective = -2047.999836
------------------------------------------------------------------
------------------------------------------------------------------
	       SCS v3.2.9 - Splitting Conic Solver
	(c) Brendan O'Donoghue, Stanford University, 2012
------------------------------------------------------------------
problem:  variables n: 8256, constraints m: 8384
cones: 	  z: primal zero / dual free vars: 128
	  s: psd vars: 8256, ssize: 1
settings: eps_abs: 1.4e-06, eps_rel: 1.4e-06, eps_infeas: 1.0e-07
	  alpha: 1.50, scale: 1.00e-01, adaptive_scale: 1
	  max_iters: 100000, normalize: 1, rho_x: 1.00e-06
	  acceleration_lookback: 10, acceleration_interval: 10
lin-sys:  sparse-indirect-scs
	  nnz(A): 8384, nnz(P): 0
------------------------------------------------------------------
 iter | pri res | dua res |   gap   |   obj   |  scale  | time (s)
------------------------------------------------------------------
     0| 1.40e+01  6.80e+00  2.07e+04 -1.24e+04  1.00e-01  7.66e-03 
   100| 2.96e-07  1.21e-06  8.38e-05 -2.05e+03  1.00e-01  1.55e-01 
------------------------------------------------------------------
status:  solved
timings: total: 1.55e-01s = setup: 4.89e-03s + solve: 1.50e-01s
	 lin-sys: 2.69e-02s, cones: 1.16e-01s, accel: 3.28e-03s
------------------------------------------------------------------
objective = -2047.999836
------------------------------------------------------------------
===Terminated Graph Sampling=== rank:  [1, 1, 1, 1, 1, 1]
------------------------------------------------------------------
	       SCS v3.2.9 - Splitting Conic Solver
	(c) Brendan O'Donoghue, Stanford University, 2012
------------------------------------------------------------------
problem:  variables n: 8256, constraints m: 8384
cones: 	  z: primal zero / dual free vars: 128
	  s: psd vars: 8256, ssize: 1
settings: eps_abs: 1.4e-06, eps_rel: 1.4e-06, eps_infeas: 1.0e-07
	  alpha: 1.50, scale: 1.00e-01, adaptive_scale: 1
	  max_iters: 100000, normalize: 1, rho_x: 1.00e-06
	  acceleration_lookback: 10, acceleration_interval: 10
lin-sys:  sparse-indirect-scs
	  nnz(A): 8384, nnz(P): 0
------------------------------------------------------------------
 iter | pri res | dua res |   gap   |   obj   |  scale  | time (s)
------------------------------------------------------------------
     0| 1.86e+01  6.47e+00  1.55e+04 -9.25e+03  1.00e-01  7.99e-03 
   150| 2.21e-06  1.60e-06  2.81e-04 -1.54e+03  7.83e-01  3.91e-01 
------------------------------------------------------------------
status:  solved
timings: total: 3.91e-01s = setup: 3.02e-03s + solve: 3.88e-01s
	 lin-sys: 3.64e-02s, cones: 3.41e-01s, accel: 3.89e-03s
------------------------------------------------------------------
objective = -1535.998437
------------------------------------------------------------------
===Terminated Graph Sampling=== rank:  [1, 1, 1, 1, 1, 1]
------------------------------------------------------------------
	       SCS v3.2.9 - Splitting Conic Solver
	(c) Brendan O'Donoghue, Stanford University, 2012
------------------------------------------------------------------
problem:  variables n: 8256, constraints m: 8384
cones: 	  z: primal zero / dual free vars: 128
	  s: psd vars: 8256, ssize: 1
settings: eps_abs: 1.4e-06, eps_rel: 1.4e-06, eps_infeas: 1.0e-07
	  alpha: 1.50, scale: 1.00e-01, adaptive_scale: 1
	  max_iters: 100000, normalize: 1, rho_x: 1.00e-06
	  acceleration_lookback: 10, acceleration_interval: 10
lin-sys:  sparse-indirect-scs
	  nnz(A): 8384, nnz(P): 0
------------------------------------------------------------------
 iter | pri res | dua res |   gap   |   obj   |  scale  | time (s)
------------------------------------------------------------------
     0| 1.89e+01  3.04e+01  6.31e+04 -3.77e+04  1.00e-01  8.93e-03 
   250| 1.27e-06  3.91e-06  4.12e-04 -6.14e+03  4.41e+01  6.96e-01 
------------------------------------------------------------------
status:  solved
timings: total: 6.96e-01s = setup: 3.15e-03s + solve: 6.93e-01s
	 lin-sys: 6.10e-02s, cones: 6.17e-01s, accel: 5.42e-03s
------------------------------------------------------------------
objective = -6144.002692
------------------------------------------------------------------
Number of failed seeds: 0

================================================================================
                             FINAL RESULTS SUMMARY                              
================================================================================
Most metrics are reported as Mean ± Standard Deviation over all seeds [23, 34, 513, 5345, 84].

  Metric                       |                     Value
  ---------------------------- | -------------------------
  Solution Time (s)            |             1.025 ± 0.992
  Runtime Median [IQR] (s)     |             0.655 [0.306]
  Worst Runtime (s)            |                     2.989
  Problem Creation (s)         |             0.004 ± 0.001
  Iterations                   |              160.0 ± 80.0
  Feasibility Error            |       9.82e-14 ± 1.91e-13
  Dual Feasibility Error       |       1.02e-08 ± 1.19e-08
  Duality Gap                  |       1.33e-03 ± 1.12e-03
  Peak Memory (MB)             |           85.294 ± 46.340
  Memory Median [IQR] (MB)     |            62.211 [0.523]
  Worst Memory (MB)            |                   177.973
  ---------------------------- | -------------------------
  Rank Statistics                                        
    Ranks X                 : [0.0±0.0]
    Ranks Y                 : [0.0±0.0]
    Ranks Z                 : [0.0±0.0]

================================================================================
✅ Completed dim=7 successfully

==== All runs completed at Tue 26 May 13:28:40 BST 2026 ====
