Running: maxcut_scs (rank=2)
==== maxcut SCS Batch Run Started at Tue 26 May 13:28:31 BST 2026 ====

▶ Running dim=7 with config=configs/maxcut_7.yaml at Tue 26 May 13:28:31 BST 2026
===Terminated Graph Sampling=== rank:  [1, 1, 1, 1, 2, 1]
------------------------------------------------------------------
	       SCS v3.2.9 - Splitting Conic Solver
	(c) Brendan O'Donoghue, Stanford University, 2012
------------------------------------------------------------------
problem:  variables n: 8256, constraints m: 8384
cones: 	  z: primal zero / dual free vars: 128
	  s: psd vars: 8256, ssize: 1
settings: eps_abs: 1.4e-06, eps_rel: 1.4e-06, eps_infeas: 1.0e-07
	  alpha: 1.50, scale: 1.00e-01, adaptive_scale: 1
	  max_iters: 100000, normalize: 1, rho_x: 1.00e-06
	  acceleration_lookback: 10, acceleration_interval: 10
lin-sys:  sparse-indirect-scs
	  nnz(A): 8384, nnz(P): 0
------------------------------------------------------------------
 iter | pri res | dua res |   gap   |   obj   |  scale  | time (s)
------------------------------------------------------------------
     0| 3.34e+01  2.04e+01  1.01e+04 -6.03e+03  1.00e-01  1.20e-02 
   250| 1.27e-04  6.30e-04  3.95e-01 -7.68e+02  5.22e+00  2.92e-01 
   400| 9.03e-07  4.55e-06  8.61e-04 -7.68e+02  1.98e+01  4.82e-01 
------------------------------------------------------------------
status:  solved
timings: total: 4.82e-01s = setup: 5.85e-03s + solve: 4.76e-01s
	 lin-sys: 7.52e-02s, cones: 3.81e-01s, accel: 6.54e-03s
------------------------------------------------------------------
objective = -767.999800
------------------------------------------------------------------
===Terminated Graph Sampling=== rank:  [1, 2, 2, 1, 1, 2]
------------------------------------------------------------------
	       SCS v3.2.9 - Splitting Conic Solver
	(c) Brendan O'Donoghue, Stanford University, 2012
------------------------------------------------------------------
problem:  variables n: 8256, constraints m: 8384
cones: 	  z: primal zero / dual free vars: 128
	  s: psd vars: 8256, ssize: 1
settings: eps_abs: 1.4e-06, eps_rel: 1.4e-06, eps_infeas: 1.0e-07
	  alpha: 1.50, scale: 1.00e-01, adaptive_scale: 1
	  max_iters: 100000, normalize: 1, rho_x: 1.00e-06
	  acceleration_lookback: 10, acceleration_interval: 10
lin-sys:  sparse-indirect-scs
	  nnz(A): 8384, nnz(P): 0
------------------------------------------------------------------
 iter | pri res | dua res |   gap   |   obj   |  scale  | time (s)
------------------------------------------------------------------
     0| 2.40e+01  1.41e+01  1.26e+04 -7.55e+03  1.00e-01  6.14e-03 
   200| 1.21e-06  9.45e-07  3.70e-05 -1.25e+03  1.07e+00  2.47e-01 
------------------------------------------------------------------
status:  solved
timings: total: 2.47e-01s = setup: 3.48e-03s + solve: 2.44e-01s
	 lin-sys: 4.34e-02s, cones: 1.89e-01s, accel: 3.53e-03s
------------------------------------------------------------------
objective = -1248.000539
------------------------------------------------------------------
===Terminated Graph Sampling=== rank:  [1, 1, 1, 1, 1, 2]
------------------------------------------------------------------
	       SCS v3.2.9 - Splitting Conic Solver
	(c) Brendan O'Donoghue, Stanford University, 2012
------------------------------------------------------------------
problem:  variables n: 8256, constraints m: 8384
cones: 	  z: primal zero / dual free vars: 128
	  s: psd vars: 8256, ssize: 1
settings: eps_abs: 1.4e-06, eps_rel: 1.4e-06, eps_infeas: 1.0e-07
	  alpha: 1.50, scale: 1.00e-01, adaptive_scale: 1
	  max_iters: 100000, normalize: 1, rho_x: 1.00e-06
	  acceleration_lookback: 10, acceleration_interval: 10
lin-sys:  sparse-indirect-scs
	  nnz(A): 8384, nnz(P): 0
------------------------------------------------------------------
 iter | pri res | dua res |   gap   |   obj   |  scale  | time (s)
------------------------------------------------------------------
     0| 1.34e+01  1.34e+00  3.87e+03 -2.29e+03  1.00e-01  1.47e-02 
   100| 2.04e-08  3.76e-08  5.00e-06 -3.84e+02  1.00e-01  2.79e-01 
------------------------------------------------------------------
status:  solved
timings: total: 2.79e-01s = setup: 4.35e-03s + solve: 2.75e-01s
	 lin-sys: 1.99e-02s, cones: 2.49e-01s, accel: 2.36e-03s
------------------------------------------------------------------
objective = -384.000002
------------------------------------------------------------------
===Terminated Graph Sampling=== rank:  [2, 2, 2, 2, 2, 1]
------------------------------------------------------------------
	       SCS v3.2.9 - Splitting Conic Solver
	(c) Brendan O'Donoghue, Stanford University, 2012
------------------------------------------------------------------
problem:  variables n: 8256, constraints m: 8384
cones: 	  z: primal zero / dual free vars: 128
	  s: psd vars: 8256, ssize: 1
settings: eps_abs: 1.4e-06, eps_rel: 1.4e-06, eps_infeas: 1.0e-07
	  alpha: 1.50, scale: 1.00e-01, adaptive_scale: 1
	  max_iters: 100000, normalize: 1, rho_x: 1.00e-06
	  acceleration_lookback: 10, acceleration_interval: 10
lin-sys:  sparse-indirect-scs
	  nnz(A): 8384, nnz(P): 0
------------------------------------------------------------------
 iter | pri res | dua res |   gap   |   obj   |  scale  | time (s)
------------------------------------------------------------------
     0| 4.02e+01  3.59e+01  7.39e+04 -4.41e+04  1.00e-01  1.21e-02 
   250| 5.91e-05  6.48e-04  4.79e-04 -7.04e+03  3.26e+01  6.90e-01 
   325| 3.52e-07  1.68e-06  8.35e-05 -7.04e+03  3.26e+01  9.08e-01 
------------------------------------------------------------------
status:  solved
timings: total: 9.08e-01s = setup: 6.24e-03s + solve: 9.02e-01s
	 lin-sys: 8.16e-02s, cones: 7.97e-01s, accel: 9.42e-03s
------------------------------------------------------------------
objective = -7039.999972
------------------------------------------------------------------
===Terminated Graph Sampling=== rank:  [2, 2, 2, 2, 2, 1]
------------------------------------------------------------------
	       SCS v3.2.9 - Splitting Conic Solver
	(c) Brendan O'Donoghue, Stanford University, 2012
------------------------------------------------------------------
problem:  variables n: 8256, constraints m: 8384
cones: 	  z: primal zero / dual free vars: 128
	  s: psd vars: 8256, ssize: 1
settings: eps_abs: 1.4e-06, eps_rel: 1.4e-06, eps_infeas: 1.0e-07
	  alpha: 1.50, scale: 1.00e-01, adaptive_scale: 1
	  max_iters: 100000, normalize: 1, rho_x: 1.00e-06
	  acceleration_lookback: 10, acceleration_interval: 10
lin-sys:  sparse-indirect-scs
	  nnz(A): 8384, nnz(P): 0
------------------------------------------------------------------
 iter | pri res | dua res |   gap   |   obj   |  scale  | time (s)
------------------------------------------------------------------
     0| 3.33e+01  2.04e+01  2.32e+04 -1.38e+04  1.00e-01  8.64e-03 
   250| 1.09e-02  6.72e-03  1.77e-01 -2.05e+03  7.38e+00  6.17e-01 
   425| 1.43e-06  2.02e-05  1.90e-03 -2.05e+03  3.48e+01  1.05e+00 
------------------------------------------------------------------
status:  solved
timings: total: 1.05e+00s = setup: 3.76e-03s + solve: 1.04e+00s
	 lin-sys: 8.34e-02s, cones: 9.37e-01s, accel: 7.38e-03s
------------------------------------------------------------------
objective = -2048.002164
------------------------------------------------------------------
Number of failed seeds: 0

================================================================================
                             FINAL RESULTS SUMMARY                              
================================================================================
Most metrics are reported as Mean ± Standard Deviation over all seeds [23, 34, 513, 5345, 84].

  Metric                       |                     Value
  ---------------------------- | -------------------------
  Solution Time (s)            |             1.199 ± 1.154
  Runtime Median [IQR] (s)     |             0.933 [0.762]
  Worst Runtime (s)            |                     3.416
  Problem Creation (s)         |             0.008 ± 0.003
  Iterations                   |             290.0 ± 123.1
  Feasibility Error            |       9.71e-16 ± 1.59e-15
  Dual Feasibility Error       |       7.97e-09 ± 1.41e-08
  Duality Gap                  |       4.13e-04 ± 4.41e-04
  Peak Memory (MB)             |           85.376 ± 46.666
  Memory Median [IQR] (MB)     |            62.258 [0.547]
  Worst Memory (MB)            |                   178.703
  ---------------------------- | -------------------------
  Rank Statistics                                        
    Ranks X                 : [0.0±0.0]
    Ranks Y                 : [0.0±0.0]
    Ranks Z                 : [0.0±0.0]

================================================================================
✅ Completed dim=7 successfully

==== All runs completed at Tue 26 May 13:28:42 BST 2026 ====
