Running: maxcut_scs (rank=3)
==== maxcut SCS Batch Run Started at Tue 26 May 13:28:31 BST 2026 ====

▶ Running dim=7 with config=configs/maxcut_7.yaml at Tue 26 May 13:28:31 BST 2026
===Terminated Graph Sampling=== rank:  [3, 3, 3, 3, 2, 2]
------------------------------------------------------------------
	       SCS v3.2.9 - Splitting Conic Solver
	(c) Brendan O'Donoghue, Stanford University, 2012
------------------------------------------------------------------
problem:  variables n: 8256, constraints m: 8384
cones: 	  z: primal zero / dual free vars: 128
	  s: psd vars: 8256, ssize: 1
settings: eps_abs: 1.4e-06, eps_rel: 1.4e-06, eps_infeas: 1.0e-07
	  alpha: 1.50, scale: 1.00e-01, adaptive_scale: 1
	  max_iters: 100000, normalize: 1, rho_x: 1.00e-06
	  acceleration_lookback: 10, acceleration_interval: 10
lin-sys:  sparse-indirect-scs
	  nnz(A): 8384, nnz(P): 0
------------------------------------------------------------------
 iter | pri res | dua res |   gap   |   obj   |  scale  | time (s)
------------------------------------------------------------------
     0| 2.70e+01  1.02e+01  1.47e+04 -8.79e+03  1.00e-01  1.72e-02 
   250| 2.42e-03  1.03e-02  1.92e-01 -1.46e+03  5.50e+00  6.82e-01 
   350| 2.80e-06  8.49e-06  4.38e-04 -1.46e+03  5.50e+00  1.02e+00 
------------------------------------------------------------------
status:  solved
timings: total: 1.02e+00s = setup: 5.75e-03s + solve: 1.02e+00s
	 lin-sys: 7.32e-02s, cones: 9.22e-01s, accel: 7.63e-03s
------------------------------------------------------------------
objective = -1456.000072
------------------------------------------------------------------
===Terminated Graph Sampling=== rank:  [2, 3, 2, 2, 2, 2]
------------------------------------------------------------------
	       SCS v3.2.9 - Splitting Conic Solver
	(c) Brendan O'Donoghue, Stanford University, 2012
------------------------------------------------------------------
problem:  variables n: 8256, constraints m: 8384
cones: 	  z: primal zero / dual free vars: 128
	  s: psd vars: 8256, ssize: 1
settings: eps_abs: 1.4e-06, eps_rel: 1.4e-06, eps_infeas: 1.0e-07
	  alpha: 1.50, scale: 1.00e-01, adaptive_scale: 1
	  max_iters: 100000, normalize: 1, rho_x: 1.00e-06
	  acceleration_lookback: 10, acceleration_interval: 10
lin-sys:  sparse-indirect-scs
	  nnz(A): 8384, nnz(P): 0
------------------------------------------------------------------
 iter | pri res | dua res |   gap   |   obj   |  scale  | time (s)
------------------------------------------------------------------
     0| 2.95e+01  1.17e+01  1.23e+04 -7.34e+03  1.00e-01  6.19e-03 
   250| 9.69e-04  3.22e-03  5.63e-02 -1.15e+03  5.80e+00  3.75e-01 
   425| 1.70e-06  5.90e-06  1.97e-04 -1.15e+03  5.80e+00  6.27e-01 
------------------------------------------------------------------
status:  solved
timings: total: 6.27e-01s = setup: 3.41e-03s + solve: 6.23e-01s
	 lin-sys: 8.40e-02s, cones: 5.17e-01s, accel: 7.56e-03s
------------------------------------------------------------------
objective = -1151.999788
------------------------------------------------------------------
===Terminated Graph Sampling=== rank:  [2, 3, 3, 3, 3, 2]
------------------------------------------------------------------
	       SCS v3.2.9 - Splitting Conic Solver
	(c) Brendan O'Donoghue, Stanford University, 2012
------------------------------------------------------------------
problem:  variables n: 8256, constraints m: 8384
cones: 	  z: primal zero / dual free vars: 128
	  s: psd vars: 8256, ssize: 1
settings: eps_abs: 1.4e-06, eps_rel: 1.4e-06, eps_infeas: 1.0e-07
	  alpha: 1.50, scale: 1.00e-01, adaptive_scale: 1
	  max_iters: 100000, normalize: 1, rho_x: 1.00e-06
	  acceleration_lookback: 10, acceleration_interval: 10
lin-sys:  sparse-indirect-scs
	  nnz(A): 8384, nnz(P): 0
------------------------------------------------------------------
 iter | pri res | dua res |   gap   |   obj   |  scale  | time (s)
------------------------------------------------------------------
     0| 3.09e+01  2.16e+01  2.82e+04 -1.69e+04  1.00e-01  7.00e-03 
   250| 5.28e-03  3.29e-03  2.91e-02 -2.53e+03  8.19e+00  4.76e-01 
   500| 7.07e-07  3.99e-05  1.37e-04 -2.53e+03  3.06e+01  9.10e-01 
   650| 6.64e-08  3.55e-05  1.14e-04 -2.53e+03  3.06e+01  1.16e+00 
------------------------------------------------------------------
status:  solved
timings: total: 1.16e+00s = setup: 3.64e-03s + solve: 1.16e+00s
	 lin-sys: 1.55e-01s, cones: 9.68e-01s, accel: 1.60e-02s
------------------------------------------------------------------
objective = -2528.179816
------------------------------------------------------------------
===Terminated Graph Sampling=== rank:  [1, 2, 3, 3, 2, 1]
------------------------------------------------------------------
	       SCS v3.2.9 - Splitting Conic Solver
	(c) Brendan O'Donoghue, Stanford University, 2012
------------------------------------------------------------------
problem:  variables n: 8256, constraints m: 8384
cones: 	  z: primal zero / dual free vars: 128
	  s: psd vars: 8256, ssize: 1
settings: eps_abs: 1.4e-06, eps_rel: 1.4e-06, eps_infeas: 1.0e-07
	  alpha: 1.50, scale: 1.00e-01, adaptive_scale: 1
	  max_iters: 100000, normalize: 1, rho_x: 1.00e-06
	  acceleration_lookback: 10, acceleration_interval: 10
lin-sys:  sparse-indirect-scs
	  nnz(A): 8384, nnz(P): 0
------------------------------------------------------------------
 iter | pri res | dua res |   gap   |   obj   |  scale  | time (s)
------------------------------------------------------------------
     0| 3.02e+01  1.56e+01  3.90e+04 -2.33e+04  1.00e-01  8.55e-03 
   250| 5.32e-05  2.58e-05  8.32e-05 -3.84e+03  1.04e+01  6.74e-01 
   325| 1.32e-07  4.92e-07  3.50e-04 -3.84e+03  1.04e+01  8.81e-01 
------------------------------------------------------------------
status:  solved
timings: total: 8.82e-01s = setup: 4.34e-03s + solve: 8.77e-01s
	 lin-sys: 7.48e-02s, cones: 7.83e-01s, accel: 7.85e-03s
------------------------------------------------------------------
objective = -3839.999515
------------------------------------------------------------------
===Terminated Graph Sampling=== rank:  [2, 3, 3, 3, 2, 2]
------------------------------------------------------------------
	       SCS v3.2.9 - Splitting Conic Solver
	(c) Brendan O'Donoghue, Stanford University, 2012
------------------------------------------------------------------
problem:  variables n: 8256, constraints m: 8384
cones: 	  z: primal zero / dual free vars: 128
	  s: psd vars: 8256, ssize: 1
settings: eps_abs: 1.4e-06, eps_rel: 1.4e-06, eps_infeas: 1.0e-07
	  alpha: 1.50, scale: 1.00e-01, adaptive_scale: 1
	  max_iters: 100000, normalize: 1, rho_x: 1.00e-06
	  acceleration_lookback: 10, acceleration_interval: 10
lin-sys:  sparse-indirect-scs
	  nnz(A): 8384, nnz(P): 0
------------------------------------------------------------------
 iter | pri res | dua res |   gap   |   obj   |  scale  | time (s)
------------------------------------------------------------------
     0| 3.68e+01  1.72e+01  2.46e+04 -1.47e+04  1.00e-01  8.25e-03 
   250| 3.15e-04  1.92e-03  1.36e-02 -2.20e+03  1.02e+01  7.84e-01 
   425| 2.28e-06  1.26e-05  3.16e-04 -2.20e+03  1.02e+01  1.32e+00 
------------------------------------------------------------------
status:  solved
timings: total: 1.32e+00s = setup: 3.06e-03s + solve: 1.32e+00s
	 lin-sys: 1.03e-01s, cones: 1.19e+00s, accel: 1.01e-02s
------------------------------------------------------------------
objective = -2204.482484
------------------------------------------------------------------
Number of failed seeds: 0

================================================================================
                             FINAL RESULTS SUMMARY                              
================================================================================
Most metrics are reported as Mean ± Standard Deviation over all seeds [23, 34, 513, 5345, 84].

  Metric                       |                     Value
  ---------------------------- | -------------------------
  Solution Time (s)            |             1.602 ± 1.182
  Runtime Median [IQR] (s)     |             1.187 [0.440]
  Worst Runtime (s)            |                     3.917
  Problem Creation (s)         |             0.010 ± 0.003
  Iterations                   |             435.0 ± 114.7
  Feasibility Error            |       2.83e-16 ± 3.25e-16
  Dual Feasibility Error       |       1.05e-07 ± 1.25e-07
  Duality Gap                  |       1.80e-04 ± 1.14e-04
  Peak Memory (MB)             |           85.857 ± 46.574
  Memory Median [IQR] (MB)     |            62.648 [0.059]
  Worst Memory (MB)            |                   179.004
  ---------------------------- | -------------------------
  Rank Statistics                                        
    Ranks X                 : [0.0±0.0]
    Ranks Y                 : [0.0±0.0]
    Ranks Z                 : [0.0±0.0]

================================================================================
✅ Completed dim=7 successfully

==== All runs completed at Tue 26 May 13:28:44 BST 2026 ====
