013 (554.000.000) 05/26 13:27:28 Job was released.
	via condor_release (by user fjk20)
...
001 (554.000.000) 05/26 13:28:29 Job executing on host: <146.169.52.29:9618?addrs=146.169.52.29-9618+[2a0c-5bc0-40-11c4-ba61-f457-337d-215b]-9618&noUDP&sock=47106_5190_4>
...
006 (554.000.000) 05/26 13:28:37 Image size of job updated: 4
	6  -  MemoryUsage of job (MB)
	5244  -  ResidentSetSize of job (KB)
...
006 (554.000.000) 05/26 13:28:44 Image size of job updated: 9614436
	95  -  MemoryUsage of job (MB)
	96392  -  ResidentSetSize of job (KB)
...
005 (554.000.000) 05/26 13:28:44 Job terminated.
	(1) Normal termination (return value 0)
		Usr 0 00:00:01, Sys 0 00:00:00  -  Run Remote Usage
		Usr 0 00:00:00, Sys 0 00:00:00  -  Run Local Usage
		Usr 0 00:00:01, Sys 0 00:00:00  -  Total Remote Usage
		Usr 0 00:00:00, Sys 0 00:00:00  -  Total Local Usage
	0  -  Run Bytes Sent By Job
	0  -  Run Bytes Received By Job
	0  -  Total Bytes Sent By Job
	0  -  Total Bytes Received By Job
	Partitionable Resources :    Usage  Request Allocated 
	   Cpus                 :     0.40        1        16 
	   Disk (KB)            :     4           4  14529192 
	   Gpus                 :                           0 
	   Memory (MB)          :    95           1     31636 
...
