Running: maxcut_scs (rank=4)
==== maxcut SCS Batch Run Started at Tue 26 May 13:28:30 BST 2026 ====

▶ Running dim=7 with config=configs/maxcut_7.yaml at Tue 26 May 13:28:30 BST 2026
===Terminated Graph Sampling=== rank:  [3, 4, 3, 2, 2, 2]
------------------------------------------------------------------
	       SCS v3.2.9 - Splitting Conic Solver
	(c) Brendan O'Donoghue, Stanford University, 2012
------------------------------------------------------------------
problem:  variables n: 8256, constraints m: 8384
cones: 	  z: primal zero / dual free vars: 128
	  s: psd vars: 8256, ssize: 1
settings: eps_abs: 1.4e-06, eps_rel: 1.4e-06, eps_infeas: 1.0e-07
	  alpha: 1.50, scale: 1.00e-01, adaptive_scale: 1
	  max_iters: 100000, normalize: 1, rho_x: 1.00e-06
	  acceleration_lookback: 10, acceleration_interval: 10
lin-sys:  sparse-indirect-scs
	  nnz(A): 8384, nnz(P): 0
------------------------------------------------------------------
 iter | pri res | dua res |   gap   |   obj   |  scale  | time (s)
------------------------------------------------------------------
     0| 2.35e+01  6.43e+00  6.13e+03 -3.65e+03  1.00e-01  1.49e-02 
   250| 1.30e-04  7.27e-05  1.85e-03 -6.08e+02  3.71e+00  7.06e-01 
   325| 3.25e-07  9.25e-07  7.03e-06 -6.08e+02  3.71e+00  9.32e-01 
------------------------------------------------------------------
status:  solved
timings: total: 9.32e-01s = setup: 6.53e-03s + solve: 9.26e-01s
	 lin-sys: 6.59e-02s, cones: 8.41e-01s, accel: 6.66e-03s
------------------------------------------------------------------
objective = -608.000005
------------------------------------------------------------------
===Terminated Graph Sampling=== rank:  [3, 4, 3, 3, 3, 2]
------------------------------------------------------------------
	       SCS v3.2.9 - Splitting Conic Solver
	(c) Brendan O'Donoghue, Stanford University, 2012
------------------------------------------------------------------
problem:  variables n: 8256, constraints m: 8384
cones: 	  z: primal zero / dual free vars: 128
	  s: psd vars: 8256, ssize: 1
settings: eps_abs: 1.4e-06, eps_rel: 1.4e-06, eps_infeas: 1.0e-07
	  alpha: 1.50, scale: 1.00e-01, adaptive_scale: 1
	  max_iters: 100000, normalize: 1, rho_x: 1.00e-06
	  acceleration_lookback: 10, acceleration_interval: 10
lin-sys:  sparse-indirect-scs
	  nnz(A): 8384, nnz(P): 0
------------------------------------------------------------------
 iter | pri res | dua res |   gap   |   obj   |  scale  | time (s)
------------------------------------------------------------------
     0| 2.28e+01  4.85e+00  9.34e+03 -5.57e+03  1.00e-01  1.02e-02 
   250| 4.98e-05  1.25e-04  2.21e-03 -8.97e+02  2.34e+00  7.38e-01 
   325| 2.14e-07  8.66e-07  2.81e-05 -8.97e+02  2.34e+00  9.58e-01 
------------------------------------------------------------------
status:  solved
timings: total: 9.58e-01s = setup: 4.52e-03s + solve: 9.53e-01s
	 lin-sys: 7.85e-02s, cones: 8.54e-01s, accel: 7.94e-03s
------------------------------------------------------------------
objective = -897.256631
------------------------------------------------------------------
===Terminated Graph Sampling=== rank:  [2, 4, 2, 1, 1, 1]
------------------------------------------------------------------
	       SCS v3.2.9 - Splitting Conic Solver
	(c) Brendan O'Donoghue, Stanford University, 2012
------------------------------------------------------------------
problem:  variables n: 8256, constraints m: 8384
cones: 	  z: primal zero / dual free vars: 128
	  s: psd vars: 8256, ssize: 1
settings: eps_abs: 1.4e-06, eps_rel: 1.4e-06, eps_infeas: 1.0e-07
	  alpha: 1.50, scale: 1.00e-01, adaptive_scale: 1
	  max_iters: 100000, normalize: 1, rho_x: 1.00e-06
	  acceleration_lookback: 10, acceleration_interval: 10
lin-sys:  sparse-indirect-scs
	  nnz(A): 8384, nnz(P): 0
------------------------------------------------------------------
 iter | pri res | dua res |   gap   |   obj   |  scale  | time (s)
------------------------------------------------------------------
     0| 2.87e+01  1.78e+01  3.90e+04 -2.33e+04  1.00e-01  8.10e-03 
   250| 2.52e-05  1.69e-04  1.78e-04 -3.84e+03  1.82e+01  6.72e-01 
   325| 2.02e-07  1.36e-07  5.45e-04 -3.84e+03  1.82e+01  8.98e-01 
------------------------------------------------------------------
status:  solved
timings: total: 8.98e-01s = setup: 3.19e-03s + solve: 8.95e-01s
	 lin-sys: 7.56e-02s, cones: 8.00e-01s, accel: 8.34e-03s
------------------------------------------------------------------
objective = -3840.000079
------------------------------------------------------------------
===Terminated Graph Sampling=== rank:  [3, 4, 3, 4, 3, 2]
------------------------------------------------------------------
	       SCS v3.2.9 - Splitting Conic Solver
	(c) Brendan O'Donoghue, Stanford University, 2012
------------------------------------------------------------------
problem:  variables n: 8256, constraints m: 8384
cones: 	  z: primal zero / dual free vars: 128
	  s: psd vars: 8256, ssize: 1
settings: eps_abs: 1.4e-06, eps_rel: 1.4e-06, eps_infeas: 1.0e-07
	  alpha: 1.50, scale: 1.00e-01, adaptive_scale: 1
	  max_iters: 100000, normalize: 1, rho_x: 1.00e-06
	  acceleration_lookback: 10, acceleration_interval: 10
lin-sys:  sparse-indirect-scs
	  nnz(A): 8384, nnz(P): 0
------------------------------------------------------------------
 iter | pri res | dua res |   gap   |   obj   |  scale  | time (s)
------------------------------------------------------------------
     0| 3.29e+01  2.65e+01  4.87e+04 -2.91e+04  1.00e-01  8.67e-03 
   250| 1.55e-03  2.12e-04  4.33e-03 -4.77e+03  1.86e+01  8.20e-01 
   350| 1.01e-06  1.59e-06  6.20e-04 -4.77e+03  1.86e+01  1.15e+00 
------------------------------------------------------------------
status:  solved
timings: total: 1.15e+00s = setup: 3.05e-03s + solve: 1.15e+00s
	 lin-sys: 8.27e-02s, cones: 1.04e+00s, accel: 1.07e-02s
------------------------------------------------------------------
objective = -4767.999627
------------------------------------------------------------------
===Terminated Graph Sampling=== rank:  [3, 3, 4, 3, 2, 2]
------------------------------------------------------------------
	       SCS v3.2.9 - Splitting Conic Solver
	(c) Brendan O'Donoghue, Stanford University, 2012
------------------------------------------------------------------
problem:  variables n: 8256, constraints m: 8384
cones: 	  z: primal zero / dual free vars: 128
	  s: psd vars: 8256, ssize: 1
settings: eps_abs: 1.4e-06, eps_rel: 1.4e-06, eps_infeas: 1.0e-07
	  alpha: 1.50, scale: 1.00e-01, adaptive_scale: 1
	  max_iters: 100000, normalize: 1, rho_x: 1.00e-06
	  acceleration_lookback: 10, acceleration_interval: 10
lin-sys:  sparse-indirect-scs
	  nnz(A): 8384, nnz(P): 0
------------------------------------------------------------------
 iter | pri res | dua res |   gap   |   obj   |  scale  | time (s)
------------------------------------------------------------------
     0| 2.61e+01  9.38e+00  1.14e+04 -6.79e+03  1.00e-01  7.61e-03 
   250| 5.47e-05  3.83e-04  3.73e-04 -1.13e+03  7.30e+00  6.88e-01 
   325| 2.99e-07  1.63e-05  1.24e-03 -1.13e+03  7.30e+00  9.41e-01 
------------------------------------------------------------------
status:  solved
timings: total: 9.41e-01s = setup: 3.18e-03s + solve: 9.38e-01s
	 lin-sys: 6.31e-02s, cones: 8.56e-01s, accel: 6.32e-03s
------------------------------------------------------------------
objective = -1127.999364
------------------------------------------------------------------
Number of failed seeds: 0

================================================================================
                             FINAL RESULTS SUMMARY                              
================================================================================
Most metrics are reported as Mean ± Standard Deviation over all seeds [23, 34, 513, 5345, 84].

  Metric                       |                     Value
  ---------------------------- | -------------------------
  Solution Time (s)            |             1.558 ± 1.093
  Runtime Median [IQR] (s)     |             0.985 [0.213]
  Worst Runtime (s)            |                     3.737
  Problem Creation (s)         |             0.009 ± 0.003
  Iterations                   |              330.0 ± 10.0
  Feasibility Error            |       7.42e-16 ± 1.37e-15
  Dual Feasibility Error       |       2.50e-09 ± 4.05e-09
  Duality Gap                  |       9.43e-05 ± 1.30e-04
  Peak Memory (MB)             |           85.713 ± 46.603
  Memory Median [IQR] (MB)     |            62.473 [0.316]
  Worst Memory (MB)            |                   178.918
  ---------------------------- | -------------------------
  Rank Statistics                                        
    Ranks X                 : [0.0±0.0]
    Ranks Y                 : [0.0±0.0]
    Ranks Z                 : [0.0±0.0]

================================================================================
✅ Completed dim=7 successfully

==== All runs completed at Tue 26 May 13:28:43 BST 2026 ====
