013 (556.000.000) 05/26 13:27:28 Job was released.
	via condor_release (by user fjk20)
...
001 (556.000.000) 05/26 13:28:28 Job executing on host: <146.169.52.30:9618?addrs=146.169.52.30-9618+[2a0c-5bc0-40-11c4-a4ad-32-cce8-a8b7]-9618&noUDP&sock=56337_637e_4>
...
006 (556.000.000) 05/26 13:28:37 Image size of job updated: 4
	6  -  MemoryUsage of job (MB)
	5248  -  ResidentSetSize of job (KB)
...
006 (556.000.000) 05/26 13:28:45 Image size of job updated: 9614424
	94  -  MemoryUsage of job (MB)
	96036  -  ResidentSetSize of job (KB)
...
005 (556.000.000) 05/26 13:28:45 Job terminated.
	(1) Normal termination (return value 0)
		Usr 0 00:00:02, Sys 0 00:00:01  -  Run Remote Usage
		Usr 0 00:00:00, Sys 0 00:00:00  -  Run Local Usage
		Usr 0 00:00:02, Sys 0 00:00:01  -  Total Remote Usage
		Usr 0 00:00:00, Sys 0 00:00:00  -  Total Local Usage
	0  -  Run Bytes Sent By Job
	0  -  Run Bytes Received By Job
	0  -  Total Bytes Sent By Job
	0  -  Total Bytes Received By Job
	Partitionable Resources :    Usage  Request Allocated 
	   Cpus                 :        0        1        16 
	   Disk (KB)            :        4        4  14474028 
	   Gpus                 :                           0 
	   Memory (MB)          :       94        1     31636 
...
