Running: maxcut_scs (rank=5)
==== maxcut SCS Batch Run Started at Tue 26 May 13:28:30 BST 2026 ====

▶ Running dim=7 with config=configs/maxcut_7.yaml at Tue 26 May 13:28:30 BST 2026
===Terminated Graph Sampling=== rank:  [3, 5, 4, 5, 3, 2]
------------------------------------------------------------------
	       SCS v3.2.9 - Splitting Conic Solver
	(c) Brendan O'Donoghue, Stanford University, 2012
------------------------------------------------------------------
problem:  variables n: 8256, constraints m: 8384
cones: 	  z: primal zero / dual free vars: 128
	  s: psd vars: 8256, ssize: 1
settings: eps_abs: 1.4e-06, eps_rel: 1.4e-06, eps_infeas: 1.0e-07
	  alpha: 1.50, scale: 1.00e-01, adaptive_scale: 1
	  max_iters: 100000, normalize: 1, rho_x: 1.00e-06
	  acceleration_lookback: 10, acceleration_interval: 10
lin-sys:  sparse-indirect-scs
	  nnz(A): 8384, nnz(P): 0
------------------------------------------------------------------
 iter | pri res | dua res |   gap   |   obj   |  scale  | time (s)
------------------------------------------------------------------
     0| 3.37e+01  1.60e+01  1.69e+04 -1.01e+04  1.00e-01  1.42e-02 
   250| 2.92e-04  5.27e-05  1.86e-04 -1.50e+03  1.58e+01  6.84e-01 
   425| 5.60e-08  6.62e-06  1.29e-05 -1.50e+03  1.33e+02  1.23e+00 
------------------------------------------------------------------
status:  solved
timings: total: 1.23e+00s = setup: 5.73e-03s + solve: 1.23e+00s
	 lin-sys: 9.25e-02s, cones: 1.11e+00s, accel: 7.55e-03s
------------------------------------------------------------------
objective = -1504.000002
------------------------------------------------------------------
===Terminated Graph Sampling=== rank:  [2, 4, 5, 5, 4, 2]
------------------------------------------------------------------
	       SCS v3.2.9 - Splitting Conic Solver
	(c) Brendan O'Donoghue, Stanford University, 2012
------------------------------------------------------------------
problem:  variables n: 8256, constraints m: 8384
cones: 	  z: primal zero / dual free vars: 128
	  s: psd vars: 8256, ssize: 1
settings: eps_abs: 1.4e-06, eps_rel: 1.4e-06, eps_infeas: 1.0e-07
	  alpha: 1.50, scale: 1.00e-01, adaptive_scale: 1
	  max_iters: 100000, normalize: 1, rho_x: 1.00e-06
	  acceleration_lookback: 10, acceleration_interval: 10
lin-sys:  sparse-indirect-scs
	  nnz(A): 8384, nnz(P): 0
------------------------------------------------------------------
 iter | pri res | dua res |   gap   |   obj   |  scale  | time (s)
------------------------------------------------------------------
     0| 3.38e+01  1.84e+01  2.15e+04 -1.28e+04  1.00e-01  8.67e-03 
   250| 1.16e-03  1.90e-03  7.35e-03 -1.96e+03  1.46e+01  8.12e-01 
   425| 3.36e-06  2.43e-05  4.53e-05 -1.96e+03  1.46e+01  1.35e+00 
------------------------------------------------------------------
status:  solved
timings: total: 1.35e+00s = setup: 3.36e-03s + solve: 1.35e+00s
	 lin-sys: 1.00e-01s, cones: 1.22e+00s, accel: 9.76e-03s
------------------------------------------------------------------
objective = -1963.563834
------------------------------------------------------------------
===Terminated Graph Sampling=== rank:  [2, 4, 4, 5, 3, 2]
------------------------------------------------------------------
	       SCS v3.2.9 - Splitting Conic Solver
	(c) Brendan O'Donoghue, Stanford University, 2012
------------------------------------------------------------------
problem:  variables n: 8256, constraints m: 8384
cones: 	  z: primal zero / dual free vars: 128
	  s: psd vars: 8256, ssize: 1
settings: eps_abs: 1.4e-06, eps_rel: 1.4e-06, eps_infeas: 1.0e-07
	  alpha: 1.50, scale: 1.00e-01, adaptive_scale: 1
	  max_iters: 100000, normalize: 1, rho_x: 1.00e-06
	  acceleration_lookback: 10, acceleration_interval: 10
lin-sys:  sparse-indirect-scs
	  nnz(A): 8384, nnz(P): 0
------------------------------------------------------------------
 iter | pri res | dua res |   gap   |   obj   |  scale  | time (s)
------------------------------------------------------------------
     0| 3.35e+01  1.37e+01  1.41e+04 -8.40e+03  1.00e-01  6.88e-03 
   250| 4.60e-04  1.23e-03  5.46e-03 -1.20e+03  5.73e+00  4.39e-01 
   375| 2.47e-06  1.27e-05  5.11e-05 -1.20e+03  5.73e+00  6.75e-01 
------------------------------------------------------------------
status:  solved
timings: total: 6.75e-01s = setup: 3.08e-03s + solve: 6.72e-01s
	 lin-sys: 9.24e-02s, cones: 5.57e-01s, accel: 9.70e-03s
------------------------------------------------------------------
objective = -1201.056395
------------------------------------------------------------------
===Terminated Graph Sampling=== rank:  [2, 4, 4, 5, 3, 2]
------------------------------------------------------------------
	       SCS v3.2.9 - Splitting Conic Solver
	(c) Brendan O'Donoghue, Stanford University, 2012
------------------------------------------------------------------
problem:  variables n: 8256, constraints m: 8384
cones: 	  z: primal zero / dual free vars: 128
	  s: psd vars: 8256, ssize: 1
settings: eps_abs: 1.4e-06, eps_rel: 1.4e-06, eps_infeas: 1.0e-07
	  alpha: 1.50, scale: 1.00e-01, adaptive_scale: 1
	  max_iters: 100000, normalize: 1, rho_x: 1.00e-06
	  acceleration_lookback: 10, acceleration_interval: 10
lin-sys:  sparse-indirect-scs
	  nnz(A): 8384, nnz(P): 0
------------------------------------------------------------------
 iter | pri res | dua res |   gap   |   obj   |  scale  | time (s)
------------------------------------------------------------------
     0| 3.12e+01  1.09e+01  1.32e+04 -7.91e+03  1.00e-01  7.90e-03 
   250| 1.39e-04  2.67e-04  2.12e-04 -1.19e+03  7.34e+00  7.54e-01 
   425| 1.88e-06  1.15e-05  2.41e-05 -1.19e+03  7.34e+00  1.35e+00 
------------------------------------------------------------------
status:  solved
timings: total: 1.35e+00s = setup: 3.00e-03s + solve: 1.34e+00s
	 lin-sys: 9.78e-02s, cones: 1.22e+00s, accel: 9.84e-03s
------------------------------------------------------------------
objective = -1190.405693
------------------------------------------------------------------
===Terminated Graph Sampling=== rank:  [3, 5, 5, 3, 3, 3]
------------------------------------------------------------------
	       SCS v3.2.9 - Splitting Conic Solver
	(c) Brendan O'Donoghue, Stanford University, 2012
------------------------------------------------------------------
problem:  variables n: 8256, constraints m: 8384
cones: 	  z: primal zero / dual free vars: 128
	  s: psd vars: 8256, ssize: 1
settings: eps_abs: 1.4e-06, eps_rel: 1.4e-06, eps_infeas: 1.0e-07
	  alpha: 1.50, scale: 1.00e-01, adaptive_scale: 1
	  max_iters: 100000, normalize: 1, rho_x: 1.00e-06
	  acceleration_lookback: 10, acceleration_interval: 10
lin-sys:  sparse-indirect-scs
	  nnz(A): 8384, nnz(P): 0
------------------------------------------------------------------
 iter | pri res | dua res |   gap   |   obj   |  scale  | time (s)
------------------------------------------------------------------
     0| 2.81e+01  1.30e+01  1.91e+04 -1.14e+04  1.00e-01  8.97e-03 
   250| 3.96e-04  9.47e-05  4.56e-04 -1.86e+03  9.84e+00  8.62e-01 
   350| 7.60e-08  4.47e-07  7.04e-06 -1.86e+03  9.84e+00  1.21e+00 
------------------------------------------------------------------
status:  solved
timings: total: 1.21e+00s = setup: 3.04e-03s + solve: 1.21e+00s
	 lin-sys: 7.97e-02s, cones: 1.11e+00s, accel: 8.94e-03s
------------------------------------------------------------------
objective = -1856.000018
------------------------------------------------------------------
Number of failed seeds: 0

================================================================================
                             FINAL RESULTS SUMMARY                              
================================================================================
Most metrics are reported as Mean ± Standard Deviation over all seeds [23, 34, 513, 5345, 84].

  Metric                       |                     Value
  ---------------------------- | -------------------------
  Solution Time (s)            |             1.773 ± 1.237
  Runtime Median [IQR] (s)     |             1.368 [0.136]
  Worst Runtime (s)            |                     4.196
  Problem Creation (s)         |             0.009 ± 0.001
  Iterations                   |              400.0 ± 31.6
  Feasibility Error            |       3.21e-17 ± 2.95e-17
  Dual Feasibility Error       |       6.90e-08 ± 8.44e-08
  Duality Gap                  |       1.93e-05 ± 1.71e-05
  Peak Memory (MB)             |           85.456 ± 46.272
  Memory Median [IQR] (MB)     |            62.402 [0.160]
  Worst Memory (MB)            |                   178.000
  ---------------------------- | -------------------------
  Rank Statistics                                        
    Ranks X                 : [0.0±0.0]
    Ranks Y                 : [0.0±0.0]
    Ranks Z                 : [0.0±0.0]

================================================================================
✅ Completed dim=7 successfully

==== All runs completed at Tue 26 May 13:28:45 BST 2026 ====
