Running: maxcut_scs (rank=1)
==== maxcut SCS Batch Run Started at Tue 26 May 13:28:41 BST 2026 ====

▶ Running dim=8 with config=configs/maxcut_8.yaml at Tue 26 May 13:28:41 BST 2026
===Terminated Graph Sampling=== rank:  [1, 1, 1, 1, 1, 1, 1]
------------------------------------------------------------------
	       SCS v3.2.9 - Splitting Conic Solver
	(c) Brendan O'Donoghue, Stanford University, 2012
------------------------------------------------------------------
problem:  variables n: 32896, constraints m: 33152
cones: 	  z: primal zero / dual free vars: 256
	  s: psd vars: 32896, ssize: 1
settings: eps_abs: 1.3e-06, eps_rel: 1.3e-06, eps_infeas: 1.0e-07
	  alpha: 1.50, scale: 1.00e-01, adaptive_scale: 1
	  max_iters: 100000, normalize: 1, rho_x: 1.00e-06
	  acceleration_lookback: 10, acceleration_interval: 10
lin-sys:  sparse-indirect-scs
	  nnz(A): 33152, nnz(P): 0
------------------------------------------------------------------
 iter | pri res | dua res |   gap   |   obj   |  scale  | time (s)
------------------------------------------------------------------
     0| 1.41e+01  1.27e+02  7.39e+05 -4.35e+05  1.00e-01  4.14e-02 
   100| 1.07e-06  6.88e-07  1.03e-03 -6.55e+04  1.00e-01  1.24e+00 
------------------------------------------------------------------
status:  solved
timings: total: 1.24e+00s = setup: 1.34e-02s + solve: 1.22e+00s
	 lin-sys: 9.41e-02s, cones: 1.09e+00s, accel: 1.21e-02s
------------------------------------------------------------------
objective = -65535.967607
------------------------------------------------------------------
===Terminated Graph Sampling=== rank:  [1, 1, 1, 1, 1, 1, 1]
------------------------------------------------------------------
	       SCS v3.2.9 - Splitting Conic Solver
	(c) Brendan O'Donoghue, Stanford University, 2012
------------------------------------------------------------------
problem:  variables n: 32896, constraints m: 33152
cones: 	  z: primal zero / dual free vars: 256
	  s: psd vars: 32896, ssize: 1
settings: eps_abs: 1.3e-06, eps_rel: 1.3e-06, eps_infeas: 1.0e-07
	  alpha: 1.50, scale: 1.00e-01, adaptive_scale: 1
	  max_iters: 100000, normalize: 1, rho_x: 1.00e-06
	  acceleration_lookback: 10, acceleration_interval: 10
lin-sys:  sparse-indirect-scs
	  nnz(A): 33152, nnz(P): 0
------------------------------------------------------------------
 iter | pri res | dua res |   gap   |   obj   |  scale  | time (s)
------------------------------------------------------------------
     0| 1.41e+01  1.27e+02  7.39e+05 -4.35e+05  1.00e-01  3.30e-02 
   100| 1.07e-06  6.88e-07  1.03e-03 -6.55e+04  1.00e-01  1.25e+00 
------------------------------------------------------------------
status:  solved
timings: total: 1.25e+00s = setup: 1.18e-02s + solve: 1.24e+00s
	 lin-sys: 9.17e-02s, cones: 1.11e+00s, accel: 1.15e-02s
------------------------------------------------------------------
objective = -65535.967607
------------------------------------------------------------------
===Terminated Graph Sampling=== rank:  [1, 1, 1, 1, 1, 1, 1]
------------------------------------------------------------------
	       SCS v3.2.9 - Splitting Conic Solver
	(c) Brendan O'Donoghue, Stanford University, 2012
------------------------------------------------------------------
problem:  variables n: 32896, constraints m: 33152
cones: 	  z: primal zero / dual free vars: 256
	  s: psd vars: 32896, ssize: 1
settings: eps_abs: 1.3e-06, eps_rel: 1.3e-06, eps_infeas: 1.0e-07
	  alpha: 1.50, scale: 1.00e-01, adaptive_scale: 1
	  max_iters: 100000, normalize: 1, rho_x: 1.00e-06
	  acceleration_lookback: 10, acceleration_interval: 10
lin-sys:  sparse-indirect-scs
	  nnz(A): 33152, nnz(P): 0
------------------------------------------------------------------
 iter | pri res | dua res |   gap   |   obj   |  scale  | time (s)
------------------------------------------------------------------
     0| 1.88e+01  1.44e+01  3.12e+04 -1.86e+04  1.00e-01  2.27e-02 
   200| 4.74e-07  1.75e-06  5.51e-04 -3.07e+03  2.62e+00  1.84e+00 
------------------------------------------------------------------
status:  solved
timings: total: 1.84e+00s = setup: 1.14e-02s + solve: 1.82e+00s
	 lin-sys: 1.84e-01s, cones: 1.58e+00s, accel: 1.54e-02s
------------------------------------------------------------------
objective = -3071.999089
------------------------------------------------------------------
===Terminated Graph Sampling=== rank:  [1, 1, 1, 1, 1, 1, 1]
------------------------------------------------------------------
	       SCS v3.2.9 - Splitting Conic Solver
	(c) Brendan O'Donoghue, Stanford University, 2012
------------------------------------------------------------------
problem:  variables n: 32896, constraints m: 33152
cones: 	  z: primal zero / dual free vars: 256
	  s: psd vars: 32896, ssize: 1
settings: eps_abs: 1.3e-06, eps_rel: 1.3e-06, eps_infeas: 1.0e-07
	  alpha: 1.50, scale: 1.00e-01, adaptive_scale: 1
	  max_iters: 100000, normalize: 1, rho_x: 1.00e-06
	  acceleration_lookback: 10, acceleration_interval: 10
lin-sys:  sparse-indirect-scs
	  nnz(A): 33152, nnz(P): 0
------------------------------------------------------------------
 iter | pri res | dua res |   gap   |   obj   |  scale  | time (s)
------------------------------------------------------------------
     0| 2.52e+01  3.00e+01  2.36e+04 -1.41e+04  1.00e-01  2.30e-02 
   250| 8.41e-05  8.18e-04  3.03e-02 -2.30e+03  2.25e+01  2.32e+00 
   325| 4.23e-08  5.35e-07  4.93e-05 -2.30e+03  2.25e+01  3.06e+00 
------------------------------------------------------------------
status:  solved
timings: total: 3.06e+00s = setup: 1.32e-02s + solve: 3.05e+00s
	 lin-sys: 3.07e-01s, cones: 2.65e+00s, accel: 2.58e-02s
------------------------------------------------------------------
objective = -2303.999964
------------------------------------------------------------------
===Terminated Graph Sampling=== rank:  [1, 1, 1, 1, 1, 1, 1]
------------------------------------------------------------------
	       SCS v3.2.9 - Splitting Conic Solver
	(c) Brendan O'Donoghue, Stanford University, 2012
------------------------------------------------------------------
problem:  variables n: 32896, constraints m: 33152
cones: 	  z: primal zero / dual free vars: 256
	  s: psd vars: 32896, ssize: 1
settings: eps_abs: 1.3e-06, eps_rel: 1.3e-06, eps_infeas: 1.0e-07
	  alpha: 1.50, scale: 1.00e-01, adaptive_scale: 1
	  max_iters: 100000, normalize: 1, rho_x: 1.00e-06
	  acceleration_lookback: 10, acceleration_interval: 10
lin-sys:  sparse-indirect-scs
	  nnz(A): 33152, nnz(P): 0
------------------------------------------------------------------
 iter | pri res | dua res |   gap   |   obj   |  scale  | time (s)
------------------------------------------------------------------
     0| 1.89e+01  3.04e+01  1.26e+05 -7.53e+04  1.00e-01  3.07e-02 
   250| 9.47e-06  1.44e-04  1.43e-04 -1.23e+04  5.79e+01  3.20e+00 
   325| 1.48e-08  7.28e-08  2.87e-04 -1.23e+04  5.79e+01  4.12e+00 
------------------------------------------------------------------
status:  solved
timings: total: 4.12e+00s = setup: 1.13e-02s + solve: 4.10e+00s
	 lin-sys: 3.02e-01s, cones: 3.71e+00s, accel: 2.66e-02s
------------------------------------------------------------------
objective = -12287.999765
------------------------------------------------------------------
Number of failed seeds: 0

================================================================================
                             FINAL RESULTS SUMMARY                              
================================================================================
Most metrics are reported as Mean ± Standard Deviation over all seeds [24, 8, 122, 416, 91].

  Metric                       |                     Value
  ---------------------------- | -------------------------
  Solution Time (s)            |             2.941 ± 1.191
  Runtime Median [IQR] (s)     |             3.113 [2.290]
  Worst Runtime (s)            |                     4.253
  Problem Creation (s)         |             0.005 ± 0.002
  Iterations                   |             210.0 ± 100.7
  Feasibility Error            |       1.11e-14 ± 1.31e-14
  Dual Feasibility Error       |       6.40e-09 ± 7.44e-09
  Duality Gap                  |       1.36e-02 ± 1.63e-02
  Peak Memory (MB)             |          103.137 ± 52.317
  Memory Median [IQR] (MB)     |            78.145 [2.383]
  Worst Memory (MB)            |                   207.742
  ---------------------------- | -------------------------
  Rank Statistics                                        
    Ranks X                 : [0.0±0.0]
    Ranks Y                 : [0.0±0.0]
    Ranks Z                 : [0.0±0.0]

================================================================================
✅ Completed dim=8 successfully

==== All runs completed at Tue 26 May 13:29:00 BST 2026 ====
