013 (558.000.000) 05/26 13:27:28 Job was released.
	via condor_release (by user fjk20)
...
001 (558.000.000) 05/26 13:28:42 Job executing on host: <146.169.52.33:9618?addrs=146.169.52.33-9618+[2a0c-5bc0-40-11c4-5aff-825c-375b-e094]-9618&noUDP&sock=50710_bc14_4>
...
006 (558.000.000) 05/26 13:28:50 Image size of job updated: 4
	6  -  MemoryUsage of job (MB)
	5180  -  ResidentSetSize of job (KB)
...
006 (558.000.000) 05/26 13:29:12 Image size of job updated: 9650072
	95  -  MemoryUsage of job (MB)
	96692  -  ResidentSetSize of job (KB)
...
005 (558.000.000) 05/26 13:29:12 Job terminated.
	(1) Normal termination (return value 0)
		Usr 0 00:00:27, Sys 0 00:00:07  -  Run Remote Usage
		Usr 0 00:00:00, Sys 0 00:00:00  -  Run Local Usage
		Usr 0 00:00:27, Sys 0 00:00:07  -  Total Remote Usage
		Usr 0 00:00:00, Sys 0 00:00:00  -  Total Local Usage
	0  -  Run Bytes Sent By Job
	0  -  Run Bytes Received By Job
	0  -  Total Bytes Sent By Job
	0  -  Total Bytes Received By Job
	Partitionable Resources :    Usage  Request Allocated 
	   Cpus                 :     1.89        1        16 
	   Disk (KB)            :     4           4  15198128 
	   Gpus                 :                           0 
	   Memory (MB)          :    95           1     31636 
...
