Running: maxcut_scs (rank=3)
==== maxcut SCS Batch Run Started at Tue 26 May 13:28:45 BST 2026 ====

▶ Running dim=8 with config=configs/maxcut_8.yaml at Tue 26 May 13:28:45 BST 2026
===Terminated Graph Sampling=== rank:  [3, 3, 3, 3, 3, 2, 2]
------------------------------------------------------------------
	       SCS v3.2.9 - Splitting Conic Solver
	(c) Brendan O'Donoghue, Stanford University, 2012
------------------------------------------------------------------
problem:  variables n: 32896, constraints m: 33152
cones: 	  z: primal zero / dual free vars: 256
	  s: psd vars: 32896, ssize: 1
settings: eps_abs: 1.3e-06, eps_rel: 1.3e-06, eps_infeas: 1.0e-07
	  alpha: 1.50, scale: 1.00e-01, adaptive_scale: 1
	  max_iters: 100000, normalize: 1, rho_x: 1.00e-06
	  acceleration_lookback: 10, acceleration_interval: 10
lin-sys:  sparse-indirect-scs
	  nnz(A): 33152, nnz(P): 0
------------------------------------------------------------------
 iter | pri res | dua res |   gap   |   obj   |  scale  | time (s)
------------------------------------------------------------------
     0| 4.82e+01  3.47e+01  6.54e+04 -3.90e+04  1.00e-01  3.09e-02 
   250| 9.35e-03  3.55e-02  3.67e+00 -5.79e+03  1.37e+01  3.36e+00 
   500| 1.57e-05  2.72e-05  7.43e-04 -5.79e+03  1.37e+01  6.50e+00 
   575| 2.39e-06  9.42e-06  3.16e-04 -5.79e+03  1.37e+01  7.44e+00 
------------------------------------------------------------------
status:  solved
timings: total: 7.44e+00s = setup: 1.35e-02s + solve: 7.43e+00s
	 lin-sys: 5.44e-01s, cones: 6.73e+00s, accel: 4.24e-02s
------------------------------------------------------------------
objective = -5785.236643
------------------------------------------------------------------
===Terminated Graph Sampling=== rank:  [1, 1, 3, 3, 2, 2, 2]
------------------------------------------------------------------
	       SCS v3.2.9 - Splitting Conic Solver
	(c) Brendan O'Donoghue, Stanford University, 2012
------------------------------------------------------------------
problem:  variables n: 32896, constraints m: 33152
cones: 	  z: primal zero / dual free vars: 256
	  s: psd vars: 32896, ssize: 1
settings: eps_abs: 1.3e-06, eps_rel: 1.3e-06, eps_infeas: 1.0e-07
	  alpha: 1.50, scale: 1.00e-01, adaptive_scale: 1
	  max_iters: 100000, normalize: 1, rho_x: 1.00e-06
	  acceleration_lookback: 10, acceleration_interval: 10
lin-sys:  sparse-indirect-scs
	  nnz(A): 33152, nnz(P): 0
------------------------------------------------------------------
 iter | pri res | dua res |   gap   |   obj   |  scale  | time (s)
------------------------------------------------------------------
     0| 2.76e+01  3.78e+01  8.21e+04 -4.89e+04  1.00e-01  2.26e-02 
   225| 1.11e-06  2.39e-06  7.43e-05 -6.66e+03  1.40e+01  1.58e+00 
------------------------------------------------------------------
status:  solved
timings: total: 1.58e+00s = setup: 1.16e-02s + solve: 1.57e+00s
	 lin-sys: 2.10e-01s, cones: 1.30e+00s, accel: 1.58e-02s
------------------------------------------------------------------
objective = -6655.997723
------------------------------------------------------------------
===Terminated Graph Sampling=== rank:  [2, 3, 3, 2, 1, 1, 1]
------------------------------------------------------------------
	       SCS v3.2.9 - Splitting Conic Solver
	(c) Brendan O'Donoghue, Stanford University, 2012
------------------------------------------------------------------
problem:  variables n: 32896, constraints m: 33152
cones: 	  z: primal zero / dual free vars: 256
	  s: psd vars: 32896, ssize: 1
settings: eps_abs: 1.3e-06, eps_rel: 1.3e-06, eps_infeas: 1.0e-07
	  alpha: 1.50, scale: 1.00e-01, adaptive_scale: 1
	  max_iters: 100000, normalize: 1, rho_x: 1.00e-06
	  acceleration_lookback: 10, acceleration_interval: 10
lin-sys:  sparse-indirect-scs
	  nnz(A): 33152, nnz(P): 0
------------------------------------------------------------------
 iter | pri res | dua res |   gap   |   obj   |  scale  | time (s)
------------------------------------------------------------------
     0| 3.20e+01  4.57e+01  1.86e+05 -1.11e+05  1.00e-01  2.57e-02 
   250| 1.32e-02  3.89e-02  8.32e-02 -1.79e+04  5.81e+01  2.95e+00 
   500| 8.51e-06  2.23e-05  5.29e-06 -1.79e+04  1.84e+02  5.99e+00 
   550| 2.99e-08  3.47e-07  6.22e-04 -1.79e+04  1.84e+02  6.57e+00 
------------------------------------------------------------------
status:  solved
timings: total: 6.57e+00s = setup: 1.24e-02s + solve: 6.56e+00s
	 lin-sys: 5.21e-01s, cones: 5.88e+00s, accel: 4.32e-02s
------------------------------------------------------------------
objective = -17919.999422
------------------------------------------------------------------
===Terminated Graph Sampling=== rank:  [3, 3, 3, 3, 2, 1, 1]
------------------------------------------------------------------
	       SCS v3.2.9 - Splitting Conic Solver
	(c) Brendan O'Donoghue, Stanford University, 2012
------------------------------------------------------------------
problem:  variables n: 32896, constraints m: 33152
cones: 	  z: primal zero / dual free vars: 256
	  s: psd vars: 32896, ssize: 1
settings: eps_abs: 1.3e-06, eps_rel: 1.3e-06, eps_infeas: 1.0e-07
	  alpha: 1.50, scale: 1.00e-01, adaptive_scale: 1
	  max_iters: 100000, normalize: 1, rho_x: 1.00e-06
	  acceleration_lookback: 10, acceleration_interval: 10
lin-sys:  sparse-indirect-scs
	  nnz(A): 33152, nnz(P): 0
------------------------------------------------------------------
 iter | pri res | dua res |   gap   |   obj   |  scale  | time (s)
------------------------------------------------------------------
     0| 4.53e+01  4.06e+01  1.33e+05 -7.95e+04  1.00e-01  2.51e-02 
   250| 1.37e-02  4.09e-02  4.94e-02 -1.29e+04  4.96e+01  3.88e+00 
   450| 3.24e-08  1.88e-06  7.18e-07 -1.29e+04  4.96e+01  7.15e+00 
------------------------------------------------------------------
status:  solved
timings: total: 7.15e+00s = setup: 1.12e-02s + solve: 7.14e+00s
	 lin-sys: 4.23e-01s, cones: 6.58e+00s, accel: 3.83e-02s
------------------------------------------------------------------
objective = -12928.000002
------------------------------------------------------------------
===Terminated Graph Sampling=== rank:  [2, 2, 3, 3, 3, 2, 1]
------------------------------------------------------------------
	       SCS v3.2.9 - Splitting Conic Solver
	(c) Brendan O'Donoghue, Stanford University, 2012
------------------------------------------------------------------
problem:  variables n: 32896, constraints m: 33152
cones: 	  z: primal zero / dual free vars: 256
	  s: psd vars: 32896, ssize: 1
settings: eps_abs: 1.3e-06, eps_rel: 1.3e-06, eps_infeas: 1.0e-07
	  alpha: 1.50, scale: 1.00e-01, adaptive_scale: 1
	  max_iters: 100000, normalize: 1, rho_x: 1.00e-06
	  acceleration_lookback: 10, acceleration_interval: 10
lin-sys:  sparse-indirect-scs
	  nnz(A): 33152, nnz(P): 0
------------------------------------------------------------------
 iter | pri res | dua res |   gap   |   obj   |  scale  | time (s)
------------------------------------------------------------------
     0| 3.96e+01  2.09e+01  3.30e+04 -1.97e+04  1.00e-01  2.33e-02 
   250| 1.85e-02  1.42e-02  7.19e-02 -3.27e+03  6.78e+00  2.34e+00 
   500| 2.83e-06  1.78e-05  7.40e-05 -3.26e+03  3.36e+01  4.59e+00 
------------------------------------------------------------------
status:  solved
timings: total: 4.59e+00s = setup: 1.30e-02s + solve: 4.58e+00s
	 lin-sys: 4.53e-01s, cones: 3.99e+00s, accel: 3.42e-02s
------------------------------------------------------------------
objective = -3263.999887
------------------------------------------------------------------
Number of failed seeds: 0

================================================================================
                             FINAL RESULTS SUMMARY                              
================================================================================
Most metrics are reported as Mean ± Standard Deviation over all seeds [24, 8, 122, 416, 91].

  Metric                       |                     Value
  ---------------------------- | -------------------------
  Solution Time (s)            |             6.094 ± 2.895
  Runtime Median [IQR] (s)     |             6.621 [2.536]
  Worst Runtime (s)            |                    10.377
  Problem Creation (s)         |             0.013 ± 0.005
  Iterations                   |             460.0 ± 125.1
  Feasibility Error            |       7.24e-17 ± 7.96e-17
  Dual Feasibility Error       |       2.49e-08 ± 3.84e-08
  Duality Gap                  |       5.67e-04 ± 8.40e-04
  Peak Memory (MB)             |          104.159 ± 53.710
  Memory Median [IQR] (MB)     |            78.098 [0.492]
  Worst Memory (MB)            |                   211.551
  ---------------------------- | -------------------------
  Rank Statistics                                        
    Ranks X                 : [0.0±0.0]
    Ranks Y                 : [0.0±0.0]
    Ranks Z                 : [0.0±0.0]

================================================================================
✅ Completed dim=8 successfully

==== All runs completed at Tue 26 May 13:29:20 BST 2026 ====
