Running: maxcut_scs (rank=5)
==== maxcut SCS Batch Run Started at Tue 26 May 13:28:47 BST 2026 ====

▶ Running dim=8 with config=configs/maxcut_8.yaml at Tue 26 May 13:28:47 BST 2026
===Terminated Graph Sampling=== rank:  [2, 2, 5, 5, 4, 3, 2]
------------------------------------------------------------------
	       SCS v3.2.9 - Splitting Conic Solver
	(c) Brendan O'Donoghue, Stanford University, 2012
------------------------------------------------------------------
problem:  variables n: 32896, constraints m: 33152
cones: 	  z: primal zero / dual free vars: 256
	  s: psd vars: 32896, ssize: 1
settings: eps_abs: 1.3e-06, eps_rel: 1.3e-06, eps_infeas: 1.0e-07
	  alpha: 1.50, scale: 1.00e-01, adaptive_scale: 1
	  max_iters: 100000, normalize: 1, rho_x: 1.00e-06
	  acceleration_lookback: 10, acceleration_interval: 10
lin-sys:  sparse-indirect-scs
	  nnz(A): 33152, nnz(P): 0
------------------------------------------------------------------
 iter | pri res | dua res |   gap   |   obj   |  scale  | time (s)
------------------------------------------------------------------
     0| 4.07e+01  2.71e+01  4.95e+04 -2.96e+04  1.00e-01  3.05e-02 
   250| 5.55e-03  9.64e-03  1.95e-01 -4.24e+03  1.13e+01  3.36e+00 
   500| 7.45e-05  1.12e-04  2.62e-04 -4.24e+03  1.13e+01  7.70e+00 
   750| 5.24e-06  7.10e-05  7.16e-05 -4.24e+03  1.13e+01  1.20e+01 
  1000| 2.99e-06  1.02e-05  1.18e-04 -4.24e+03  1.13e+01  1.63e+01 
------------------------------------------------------------------
status:  solved
timings: total: 1.63e+01s = setup: 1.26e-02s + solve: 1.63e+01s
	 lin-sys: 9.59e-01s, cones: 1.51e+01s, accel: 7.08e-02s
------------------------------------------------------------------
objective = -4239.788550
------------------------------------------------------------------
===Terminated Graph Sampling=== rank:  [2, 3, 3, 3, 5, 4, 2]
------------------------------------------------------------------
	       SCS v3.2.9 - Splitting Conic Solver
	(c) Brendan O'Donoghue, Stanford University, 2012
------------------------------------------------------------------
problem:  variables n: 32896, constraints m: 33152
cones: 	  z: primal zero / dual free vars: 256
	  s: psd vars: 32896, ssize: 1
settings: eps_abs: 1.3e-06, eps_rel: 1.3e-06, eps_infeas: 1.0e-07
	  alpha: 1.50, scale: 1.00e-01, adaptive_scale: 1
	  max_iters: 100000, normalize: 1, rho_x: 1.00e-06
	  acceleration_lookback: 10, acceleration_interval: 10
lin-sys:  sparse-indirect-scs
	  nnz(A): 33152, nnz(P): 0
------------------------------------------------------------------
 iter | pri res | dua res |   gap   |   obj   |  scale  | time (s)
------------------------------------------------------------------
     0| 4.12e+01  4.86e+01  7.68e+04 -4.58e+04  1.00e-01  2.76e-02 
   250| 2.53e-03  1.58e-02  5.07e-02 -7.24e+03  2.06e+01  3.75e+00 
   500| 2.29e-05  2.76e-04  1.84e-04 -7.24e+03  2.06e+01  7.50e+00 
   750| 5.70e-06  2.06e-04  6.37e-04 -7.24e+03  2.06e+01  1.12e+01 
  1000| 2.24e-06  1.88e-04  4.45e-04 -7.24e+03  2.06e+01  1.49e+01 
  1250| 7.99e-07  1.79e-04  4.12e-04 -7.24e+03  2.06e+01  1.86e+01 
  1500| 3.03e-07  1.71e-04  3.73e-04 -7.24e+03  2.06e+01  2.24e+01 
  1750| 2.60e-03  5.36e-02  2.18e-04 -7.24e+03  2.06e+01  2.61e+01 
  2000| 2.78e-07  1.56e-04  3.13e-04 -7.24e+03  2.06e+01  2.98e+01 
  2250| 2.64e-07  1.49e-04  2.87e-04 -7.24e+03  2.06e+01  3.35e+01 
  2500| 2.52e-07  1.42e-04  2.63e-04 -7.24e+03  2.06e+01  3.72e+01 
  2750| 2.40e-07  1.35e-04  2.42e-04 -7.24e+03  2.06e+01  4.10e+01 
  3000| 2.28e-07  1.29e-04  2.22e-04 -7.24e+03  2.06e+01  4.47e+01 
  3250| 2.17e-07  1.23e-04  2.03e-04 -7.24e+03  2.06e+01  4.84e+01 
  3500| 2.07e-07  1.18e-04  1.86e-04 -7.24e+03  2.06e+01  5.21e+01 
  3750| 1.97e-07  1.12e-04  1.71e-04 -7.24e+03  2.06e+01  5.58e+01 
  4000| 1.88e-07  1.07e-04  1.57e-04 -7.24e+03  2.06e+01  5.95e+01 
  4250| 1.79e-07  1.02e-04  1.44e-04 -7.24e+03  2.06e+01  6.33e+01 
  4500| 8.69e-04  1.79e-02  1.01e-04 -7.24e+03  2.06e+01  6.70e+01 
  4750| 1.62e-07  9.33e-05  1.21e-04 -7.24e+03  2.06e+01  7.07e+01 
  5000| 1.55e-07  8.91e-05  1.11e-04 -7.24e+03  2.06e+01  7.44e+01 
  5250| 1.49e-07  8.50e-05  1.02e-04 -7.24e+03  2.06e+01  7.81e+01 
  5500| 1.42e-07  8.12e-05  9.37e-05 -7.24e+03  2.06e+01  8.18e+01 
  5750| 1.36e-07  7.78e-05  8.60e-05 -7.24e+03  2.06e+01  8.56e+01 
  6000| 1.31e-07  7.47e-05  7.89e-05 -7.24e+03  2.06e+01  8.93e+01 
  6250| 1.25e-07  7.18e-05  7.24e-05 -7.24e+03  2.06e+01  9.30e+01 
  6500| 1.20e-07  6.90e-05  6.65e-05 -7.24e+03  2.06e+01  9.67e+01 
  6650| 1.17e-07  6.73e-05  6.32e-05 -7.24e+03  2.06e+01  9.89e+01 
------------------------------------------------------------------
status:  solved
timings: total: 9.89e+01s = setup: 1.12e-02s + solve: 9.89e+01s
	 lin-sys: 6.07e+00s, cones: 9.12e+01s, accel: 3.89e-01s
------------------------------------------------------------------
objective = -7236.462987
------------------------------------------------------------------
===Terminated Graph Sampling=== rank:  [3, 4, 5, 4, 3, 3, 2]
------------------------------------------------------------------
	       SCS v3.2.9 - Splitting Conic Solver
	(c) Brendan O'Donoghue, Stanford University, 2012
------------------------------------------------------------------
problem:  variables n: 32896, constraints m: 33152
cones: 	  z: primal zero / dual free vars: 256
	  s: psd vars: 32896, ssize: 1
settings: eps_abs: 1.3e-06, eps_rel: 1.3e-06, eps_infeas: 1.0e-07
	  alpha: 1.50, scale: 1.00e-01, adaptive_scale: 1
	  max_iters: 100000, normalize: 1, rho_x: 1.00e-06
	  acceleration_lookback: 10, acceleration_interval: 10
lin-sys:  sparse-indirect-scs
	  nnz(A): 33152, nnz(P): 0
------------------------------------------------------------------
 iter | pri res | dua res |   gap   |   obj   |  scale  | time (s)
------------------------------------------------------------------
     0| 6.31e+01  5.02e+01  1.42e+05 -8.48e+04  1.00e-01  2.92e-02 
   250| 4.76e-03  7.24e-03  6.90e-01 -1.12e+04  2.34e+01  3.77e+00 
   500| 4.11e-05  2.79e-04  1.50e-02 -1.12e+04  2.34e+01  8.20e+00 
   750| 2.82e-06  1.52e-04  3.45e-03 -1.12e+04  2.34e+01  1.25e+01 
   900| 2.57e-06  9.09e-06  3.65e-04 -1.12e+04  2.34e+01  1.51e+01 
------------------------------------------------------------------
status:  solved
timings: total: 1.51e+01s = setup: 1.13e-02s + solve: 1.51e+01s
	 lin-sys: 8.48e-01s, cones: 1.40e+01s, accel: 6.33e-02s
------------------------------------------------------------------
objective = -11236.270495
------------------------------------------------------------------
===Terminated Graph Sampling=== rank:  [3, 3, 5, 5, 3, 2, 2]
------------------------------------------------------------------
	       SCS v3.2.9 - Splitting Conic Solver
	(c) Brendan O'Donoghue, Stanford University, 2012
------------------------------------------------------------------
problem:  variables n: 32896, constraints m: 33152
cones: 	  z: primal zero / dual free vars: 256
	  s: psd vars: 32896, ssize: 1
settings: eps_abs: 1.3e-06, eps_rel: 1.3e-06, eps_infeas: 1.0e-07
	  alpha: 1.50, scale: 1.00e-01, adaptive_scale: 1
	  max_iters: 100000, normalize: 1, rho_x: 1.00e-06
	  acceleration_lookback: 10, acceleration_interval: 10
lin-sys:  sparse-indirect-scs
	  nnz(A): 33152, nnz(P): 0
------------------------------------------------------------------
 iter | pri res | dua res |   gap   |   obj   |  scale  | time (s)
------------------------------------------------------------------
     0| 4.87e+01  3.26e+01  9.82e+04 -5.86e+04  1.00e-01  2.47e-02 
   250| 1.06e-03  1.00e-02  1.33e-02 -8.63e+03  1.22e+01  4.13e+00 
   500| 3.62e-04  9.33e-03  9.34e-03 -8.63e+03  1.22e+01  8.53e+00 
   750| 9.46e-03  1.15e-01  2.40e-01 -8.63e+03  1.22e+01  1.30e+01 
  1000| 1.12e-04  2.51e-04  2.50e-03 -8.63e+03  1.22e+01  1.74e+01 
  1250| 3.48e-06  2.19e-05  3.16e-04 -8.63e+03  1.22e+01  2.18e+01 
  1275| 3.00e-06  6.59e-06  2.35e-04 -8.63e+03  1.22e+01  2.22e+01 
------------------------------------------------------------------
status:  solved
timings: total: 2.22e+01s = setup: 1.14e-02s + solve: 2.22e+01s
	 lin-sys: 1.19e+00s, cones: 2.07e+01s, accel: 8.38e-02s
------------------------------------------------------------------
objective = -8630.424149
------------------------------------------------------------------
===Terminated Graph Sampling=== rank:  [3, 4, 5, 5, 5, 4, 3]
------------------------------------------------------------------
	       SCS v3.2.9 - Splitting Conic Solver
	(c) Brendan O'Donoghue, Stanford University, 2012
------------------------------------------------------------------
problem:  variables n: 32896, constraints m: 33152
cones: 	  z: primal zero / dual free vars: 256
	  s: psd vars: 32896, ssize: 1
settings: eps_abs: 1.3e-06, eps_rel: 1.3e-06, eps_infeas: 1.0e-07
	  alpha: 1.50, scale: 1.00e-01, adaptive_scale: 1
	  max_iters: 100000, normalize: 1, rho_x: 1.00e-06
	  acceleration_lookback: 10, acceleration_interval: 10
lin-sys:  sparse-indirect-scs
	  nnz(A): 33152, nnz(P): 0
------------------------------------------------------------------
 iter | pri res | dua res |   gap   |   obj   |  scale  | time (s)
------------------------------------------------------------------
     0| 5.81e+01  5.99e+01  1.62e+05 -9.67e+04  1.00e-01  2.53e-02 
   250| 2.90e-03  2.25e-02  4.04e-01 -1.37e+04  2.27e+01  3.92e+00 
   500| 2.92e-04  4.95e-03  2.14e-02 -1.37e+04  7.39e+01  7.76e+00 
   750| 4.47e-05  1.50e-03  1.09e-02 -1.37e+04  7.39e+01  1.16e+01 
  1000| 7.69e-06  1.33e-03  1.06e-02 -1.37e+04  7.39e+01  1.54e+01 
  1250| 1.73e-06  1.18e-03  9.01e-03 -1.37e+04  7.39e+01  1.91e+01 
  1500| 6.88e-07  1.06e-03  8.12e-03 -1.37e+04  7.39e+01  2.29e+01 
  1750| 3.38e-04  2.49e-02  8.12e-04 -1.37e+04  7.39e+01  2.67e+01 
  2000| 4.03e-07  8.47e-04  6.40e-03 -1.37e+04  7.39e+01  3.05e+01 
  2250| 3.64e-07  7.57e-04  5.69e-03 -1.37e+04  7.39e+01  3.43e+01 
  2500| 3.26e-07  6.77e-04  5.07e-03 -1.37e+04  7.39e+01  3.82e+01 
  2750| 3.45e-06  5.78e-04  1.29e-02 -1.37e+04  2.33e+01  4.20e+01 
  3000| 2.41e-06  1.47e-05  1.30e-04 -1.37e+04  2.33e+01  4.61e+01 
------------------------------------------------------------------
status:  solved
timings: total: 4.61e+01s = setup: 1.16e-02s + solve: 4.61e+01s
	 lin-sys: 2.72e+00s, cones: 4.26e+01s, accel: 1.82e-01s
------------------------------------------------------------------
objective = -13739.646073
------------------------------------------------------------------
Number of failed seeds: 0

================================================================================
                             FINAL RESULTS SUMMARY                              
================================================================================
Most metrics are reported as Mean ± Standard Deviation over all seeds [24, 8, 122, 416, 91].

  Metric                       |                     Value
  ---------------------------- | -------------------------
  Solution Time (s)            |           40.386 ± 31.224
  Runtime Median [IQR] (s)     |           22.291 [26.827]
  Worst Runtime (s)            |                    98.998
  Problem Creation (s)         |             0.013 ± 0.003
  Iterations                   |           2565.0 ± 2180.0
  Feasibility Error            |       1.19e-16 ± 7.54e-17
  Dual Feasibility Error       |       1.73e-06 ± 3.14e-06
  Duality Gap                  |       9.92e-05 ± 8.25e-05
  Peak Memory (MB)             |          104.695 ± 53.246
  Memory Median [IQR] (MB)     |            78.469 [0.359]
  Worst Memory (MB)            |                   211.176
  ---------------------------- | -------------------------
  Rank Statistics                                        
    Ranks X                 : [0.0±0.0]
    Ranks Y                 : [0.0±0.0]
    Ranks Z                 : [0.0±0.0]

================================================================================
✅ Completed dim=8 successfully

==== All runs completed at Tue 26 May 13:32:14 BST 2026 ====
