013 (563.000.000) 05/26 13:27:28 Job was released.
	via condor_release (by user fjk20)
...
001 (563.000.000) 05/26 13:29:12 Job executing on host: <146.169.52.33:9618?addrs=146.169.52.33-9618+[2a0c-5bc0-40-11c4-5aff-825c-375b-e094]-9618&noUDP&sock=50710_bc14_4>
...
006 (563.000.000) 05/26 13:29:20 Image size of job updated: 4
	5  -  MemoryUsage of job (MB)
	5016  -  ResidentSetSize of job (KB)
...
006 (563.000.000) 05/26 13:34:20 Image size of job updated: 9783540
	452  -  MemoryUsage of job (MB)
	462288  -  ResidentSetSize of job (KB)
...
005 (563.000.000) 05/26 13:36:24 Job terminated.
	(1) Normal termination (return value 0)
		Usr 0 00:12:44, Sys 0 00:02:14  -  Run Remote Usage
		Usr 0 00:00:00, Sys 0 00:00:00  -  Run Local Usage
		Usr 0 00:12:44, Sys 0 00:02:14  -  Total Remote Usage
		Usr 0 00:00:00, Sys 0 00:00:00  -  Total Local Usage
	0  -  Run Bytes Sent By Job
	0  -  Run Bytes Received By Job
	0  -  Total Bytes Sent By Job
	0  -  Total Bytes Received By Job
	Partitionable Resources :    Usage  Request Allocated 
	   Cpus                 :     2.12        1        16 
	   Disk (KB)            :     4           4  15198128 
	   Gpus                 :                           0 
	   Memory (MB)          :   452           1     31636 
...
