Running: maxcut_scs (rank=3)
==== maxcut SCS Batch Run Started at Tue 26 May 13:29:23 BST 2026 ====

▶ Running dim=9 with config=configs/maxcut_9.yaml at Tue 26 May 13:29:23 BST 2026
===Terminated Graph Sampling=== rank:  [2, 2, 2, 3, 3, 2, 1, 1]
------------------------------------------------------------------
	       SCS v3.2.9 - Splitting Conic Solver
	(c) Brendan O'Donoghue, Stanford University, 2012
------------------------------------------------------------------
problem:  variables n: 131328, constraints m: 131840
cones: 	  z: primal zero / dual free vars: 512
	  s: psd vars: 131328, ssize: 1
settings: eps_abs: 1.1e-06, eps_rel: 1.1e-06, eps_infeas: 1.0e-07
	  alpha: 1.50, scale: 1.00e-01, adaptive_scale: 1
	  max_iters: 100000, normalize: 1, rho_x: 1.00e-06
	  acceleration_lookback: 10, acceleration_interval: 10
lin-sys:  sparse-indirect-scs
	  nnz(A): 131840, nnz(P): 0
------------------------------------------------------------------
 iter | pri res | dua res |   gap   |   obj   |  scale  | time (s)
------------------------------------------------------------------
     0| 3.98e+01  7.08e+01  2.37e+05 -1.41e+05  1.00e-01  1.46e-01 
   250| 8.89e-03  2.78e-02  3.59e-01 -2.27e+04  4.19e+01  2.26e+01 
   500| 3.88e-06  2.08e-05  7.87e-06 -2.27e+04  1.37e+02  4.65e+01 
   550| 3.01e-09  1.22e-07  1.87e-04 -2.27e+04  1.37e+02  5.13e+01 
------------------------------------------------------------------
status:  solved
timings: total: 5.13e+01s = setup: 4.50e-02s + solve: 5.12e+01s
	 lin-sys: 3.19e+00s, cones: 4.73e+01s, accel: 1.99e-01s
------------------------------------------------------------------
objective = -22656.000100
------------------------------------------------------------------
===Terminated Graph Sampling=== rank:  [2, 2, 2, 2, 3, 2, 2, 1]
------------------------------------------------------------------
	       SCS v3.2.9 - Splitting Conic Solver
	(c) Brendan O'Donoghue, Stanford University, 2012
------------------------------------------------------------------
problem:  variables n: 131328, constraints m: 131840
cones: 	  z: primal zero / dual free vars: 512
	  s: psd vars: 131328, ssize: 1
settings: eps_abs: 1.1e-06, eps_rel: 1.1e-06, eps_infeas: 1.0e-07
	  alpha: 1.50, scale: 1.00e-01, adaptive_scale: 1
	  max_iters: 100000, normalize: 1, rho_x: 1.00e-06
	  acceleration_lookback: 10, acceleration_interval: 10
lin-sys:  sparse-indirect-scs
	  nnz(A): 131840, nnz(P): 0
------------------------------------------------------------------
 iter | pri res | dua res |   gap   |   obj   |  scale  | time (s)
------------------------------------------------------------------
     0| 3.40e+01  6.19e+01  1.70e+05 -1.01e+05  1.00e-01  1.12e-01 
   250| 1.44e-02  1.20e-01  5.19e+01 -1.43e+04  1.92e+01  1.66e+01 
   500| 2.03e-05  1.14e-04  1.10e-02 -1.43e+04  6.26e+01  4.02e+01 
   550| 1.54e-08  1.58e-06  5.92e-04 -1.43e+04  6.26e+01  4.53e+01 
------------------------------------------------------------------
status:  solved
timings: total: 4.53e+01s = setup: 4.38e-02s + solve: 4.52e+01s
	 lin-sys: 3.16e+00s, cones: 4.13e+01s, accel: 2.02e-01s
------------------------------------------------------------------
objective = -14335.999638
------------------------------------------------------------------
===Terminated Graph Sampling=== rank:  [2, 3, 3, 3, 3, 1, 1, 2]
------------------------------------------------------------------
	       SCS v3.2.9 - Splitting Conic Solver
	(c) Brendan O'Donoghue, Stanford University, 2012
------------------------------------------------------------------
problem:  variables n: 131328, constraints m: 131840
cones: 	  z: primal zero / dual free vars: 512
	  s: psd vars: 131328, ssize: 1
settings: eps_abs: 1.1e-06, eps_rel: 1.1e-06, eps_infeas: 1.0e-07
	  alpha: 1.50, scale: 1.00e-01, adaptive_scale: 1
	  max_iters: 100000, normalize: 1, rho_x: 1.00e-06
	  acceleration_lookback: 10, acceleration_interval: 10
lin-sys:  sparse-indirect-scs
	  nnz(A): 131840, nnz(P): 0
------------------------------------------------------------------
 iter | pri res | dua res |   gap   |   obj   |  scale  | time (s)
------------------------------------------------------------------
     0| 4.96e+01  1.17e+02  9.18e+05 -5.43e+05  1.00e-01  1.14e-01 
   250| 1.26e-02  1.17e-01  7.58e-02 -8.42e+04  1.76e+02  2.23e+01 
   425| 2.44e-06  6.51e-05  7.85e-06 -8.42e+04  5.82e+02  3.95e+01 
------------------------------------------------------------------
status:  solved
timings: total: 3.95e+01s = setup: 4.38e-02s + solve: 3.94e+01s
	 lin-sys: 2.47e+00s, cones: 3.64e+01s, accel: 1.55e-01s
------------------------------------------------------------------
objective = -84223.994143
------------------------------------------------------------------
===Terminated Graph Sampling=== rank:  [2, 3, 3, 2, 2, 3, 3, 2]
------------------------------------------------------------------
	       SCS v3.2.9 - Splitting Conic Solver
	(c) Brendan O'Donoghue, Stanford University, 2012
------------------------------------------------------------------
problem:  variables n: 131328, constraints m: 131840
cones: 	  z: primal zero / dual free vars: 512
	  s: psd vars: 131328, ssize: 1
settings: eps_abs: 1.1e-06, eps_rel: 1.1e-06, eps_infeas: 1.0e-07
	  alpha: 1.50, scale: 1.00e-01, adaptive_scale: 1
	  max_iters: 100000, normalize: 1, rho_x: 1.00e-06
	  acceleration_lookback: 10, acceleration_interval: 10
lin-sys:  sparse-indirect-scs
	  nnz(A): 131840, nnz(P): 0
------------------------------------------------------------------
 iter | pri res | dua res |   gap   |   obj   |  scale  | time (s)
------------------------------------------------------------------
     0| 5.12e+01  5.51e+01  2.27e+05 -1.35e+05  1.00e-01  1.15e-01 
   250| 2.31e-02  1.83e-02  3.99e+00 -1.92e+04  1.35e+01  2.07e+01 
   500| 1.56e-05  8.48e-05  2.87e-03 -1.92e+04  5.17e+01  3.96e+01 
   625| 2.17e-06  5.90e-05  1.18e-04 -1.92e+04  5.17e+01  4.91e+01 
------------------------------------------------------------------
status:  solved
timings: total: 4.91e+01s = setup: 4.51e-02s + solve: 4.91e+01s
	 lin-sys: 3.62e+00s, cones: 4.46e+01s, accel: 2.19e-01s
------------------------------------------------------------------
objective = -19157.415637
------------------------------------------------------------------
===Terminated Graph Sampling=== rank:  [3, 2, 2, 2, 2, 1, 1, 1]
------------------------------------------------------------------
	       SCS v3.2.9 - Splitting Conic Solver
	(c) Brendan O'Donoghue, Stanford University, 2012
------------------------------------------------------------------
problem:  variables n: 131328, constraints m: 131840
cones: 	  z: primal zero / dual free vars: 512
	  s: psd vars: 131328, ssize: 1
settings: eps_abs: 1.1e-06, eps_rel: 1.1e-06, eps_infeas: 1.0e-07
	  alpha: 1.50, scale: 1.00e-01, adaptive_scale: 1
	  max_iters: 100000, normalize: 1, rho_x: 1.00e-06
	  acceleration_lookback: 10, acceleration_interval: 10
lin-sys:  sparse-indirect-scs
	  nnz(A): 131840, nnz(P): 0
------------------------------------------------------------------
 iter | pri res | dua res |   gap   |   obj   |  scale  | time (s)
------------------------------------------------------------------
     0| 3.17e+01  9.36e+01  6.57e+05 -3.90e+05  1.00e-01  1.19e-01 
   250| 2.16e-02  1.85e-02  9.10e+00 -5.50e+04  3.73e+01  2.16e+01 
   500| 3.04e-04  1.30e-03  1.04e-01 -5.53e+04  1.20e+02  4.44e+01 
   700| 1.67e-08  1.69e-06  9.88e-05 -5.53e+04  1.20e+02  5.99e+01 
------------------------------------------------------------------
status:  solved
timings: total: 5.99e+01s = setup: 4.49e-02s + solve: 5.99e+01s
	 lin-sys: 4.07e+00s, cones: 5.48e+01s, accel: 2.61e-01s
------------------------------------------------------------------
objective = -55296.000229
------------------------------------------------------------------
Number of failed seeds: 0

================================================================================
                             FINAL RESULTS SUMMARY                              
================================================================================
Most metrics are reported as Mean ± Standard Deviation over all seeds [395, 9313, 332, 261, 266].

  Metric                       |                     Value
  ---------------------------- | -------------------------
  Solution Time (s)            |            49.749 ± 7.070
  Runtime Median [IQR] (s)     |            49.247 [9.002]
  Worst Runtime (s)            |                    60.068
  Problem Creation (s)         |             0.020 ± 0.010
  Iterations                   |              570.0 ± 91.4
  Feasibility Error            |       8.11e-17 ± 1.01e-16
  Dual Feasibility Error       |       3.78e-06 ± 4.66e-06
  Duality Gap                  |       1.48e-03 ± 2.23e-03
  Peak Memory (MB)             |          189.702 ± 73.061
  Memory Median [IQR] (MB)     |          148.203 [28.195]
  Worst Memory (MB)            |                   333.914
  ---------------------------- | -------------------------
  Rank Statistics                                        
    Ranks X                 : [0.0±0.0]
    Ranks Y                 : [0.0±0.0]
    Ranks Z                 : [0.0±0.0]

================================================================================
✅ Completed dim=9 successfully

==== All runs completed at Tue 26 May 13:33:37 BST 2026 ====
