013 (564.000.000) 05/26 13:27:28 Job was released.
	via condor_release (by user fjk20)
...
001 (564.000.000) 05/26 13:29:21 Job executing on host: <146.169.52.32:9618?addrs=146.169.52.32-9618+[2a0c-5bc0-40-11c4-5dfd-1d4f-fb21-2833]-9618&noUDP&sock=51304_2b55_4>
...
006 (564.000.000) 05/26 13:29:29 Image size of job updated: 2197220
	35  -  MemoryUsage of job (MB)
	35076  -  ResidentSetSize of job (KB)
...
006 (564.000.000) 05/26 13:33:37 Image size of job updated: 9785244
	95  -  MemoryUsage of job (MB)
	96468  -  ResidentSetSize of job (KB)
...
005 (564.000.000) 05/26 13:33:37 Job terminated.
	(1) Normal termination (return value 0)
		Usr 0 00:06:13, Sys 0 00:01:02  -  Run Remote Usage
		Usr 0 00:00:00, Sys 0 00:00:00  -  Run Local Usage
		Usr 0 00:06:13, Sys 0 00:01:02  -  Total Remote Usage
		Usr 0 00:00:00, Sys 0 00:00:00  -  Total Local Usage
	0  -  Run Bytes Sent By Job
	0  -  Run Bytes Received By Job
	0  -  Total Bytes Sent By Job
	0  -  Total Bytes Received By Job
	Partitionable Resources :    Usage  Request Allocated 
	   Cpus                 :     1.84        1        16 
	   Disk (KB)            :     4           4  14471576 
	   Gpus                 :                           0 
	   Memory (MB)          :    95           1     31636 
...
