Running: maxcut_scs (rank=4)
==== maxcut SCS Batch Run Started at Tue 26 May 13:29:25 BST 2026 ====

▶ Running dim=9 with config=configs/maxcut_9.yaml at Tue 26 May 13:29:25 BST 2026
===Terminated Graph Sampling=== rank:  [3, 4, 3, 3, 3, 2, 2, 2]
------------------------------------------------------------------
	       SCS v3.2.9 - Splitting Conic Solver
	(c) Brendan O'Donoghue, Stanford University, 2012
------------------------------------------------------------------
problem:  variables n: 131328, constraints m: 131840
cones: 	  z: primal zero / dual free vars: 512
	  s: psd vars: 131328, ssize: 1
settings: eps_abs: 1.1e-06, eps_rel: 1.1e-06, eps_infeas: 1.0e-07
	  alpha: 1.50, scale: 1.00e-01, adaptive_scale: 1
	  max_iters: 100000, normalize: 1, rho_x: 1.00e-06
	  acceleration_lookback: 10, acceleration_interval: 10
lin-sys:  sparse-indirect-scs
	  nnz(A): 131840, nnz(P): 0
------------------------------------------------------------------
 iter | pri res | dua res |   gap   |   obj   |  scale  | time (s)
------------------------------------------------------------------
     0| 4.60e+01  3.29e+01  2.47e+05 -1.48e+05  1.00e-01  1.87e-01 
   250| 1.01e-02  4.18e-02  2.19e-01 -2.20e+04  2.55e+01  2.64e+01 
   500| 5.86e-05  4.86e-04  5.88e-03 -2.20e+04  2.55e+01  5.07e+01 
   750| 2.31e-05  4.37e-04  7.81e-03 -2.20e+04  2.55e+01  7.63e+01 
  1000| 6.37e-06  3.63e-04  7.52e-03 -2.20e+04  2.55e+01  1.03e+02 
  1250| 1.89e-06  3.08e-04  7.03e-03 -2.20e+04  2.55e+01  1.29e+02 
  1500| 1.08e-06  2.66e-04  6.53e-03 -2.20e+04  2.55e+01  1.56e+02 
  1750| 3.72e-05  9.50e-04  1.70e-04 -2.20e+04  2.55e+01  1.83e+02 
  2000| 7.81e-07  2.07e-04  5.63e-03 -2.20e+04  2.55e+01  2.10e+02 
  2250| 7.15e-07  1.85e-04  5.22e-03 -2.20e+04  2.55e+01  2.36e+02 
  2500| 6.61e-07  1.67e-04  4.83e-03 -2.20e+04  2.55e+01  2.62e+02 
  2750| 6.12e-07  1.51e-04  4.47e-03 -2.20e+04  2.55e+01  2.88e+02 
  3000| 5.66e-07  1.38e-04  4.13e-03 -2.20e+04  2.55e+01  3.15e+02 
  3250| 5.22e-07  1.26e-04  3.82e-03 -2.20e+04  2.55e+01  3.41e+02 
  3500| 4.82e-07  1.15e-04  3.53e-03 -2.20e+04  2.55e+01  3.68e+02 
  3750| 4.45e-07  1.06e-04  3.26e-03 -2.20e+04  2.55e+01  3.94e+02 
  4000| 4.10e-07  9.74e-05  3.01e-03 -2.20e+04  2.55e+01  4.21e+02 
  4250| 3.79e-07  8.97e-05  2.78e-03 -2.20e+04  2.55e+01  4.47e+02 
  4500| 1.13e-05  2.87e-04  7.40e-07 -2.20e+04  2.55e+01  4.73e+02 
  4750| 3.23e-07  7.61e-05  2.37e-03 -2.20e+04  2.55e+01  5.00e+02 
  5000| 2.98e-07  7.02e-05  2.19e-03 -2.20e+04  2.55e+01  5.27e+02 
  5250| 2.75e-07  6.47e-05  2.02e-03 -2.20e+04  2.55e+01  5.53e+02 
  5500| 2.54e-07  5.97e-05  1.86e-03 -2.20e+04  2.55e+01  5.80e+02 
  5750| 2.34e-07  5.51e-05  1.72e-03 -2.20e+04  2.55e+01  6.06e+02 
  6000| 2.16e-07  5.08e-05  1.59e-03 -2.20e+04  2.55e+01  6.33e+02 
  6250| 1.99e-07  4.69e-05  1.46e-03 -2.20e+04  2.55e+01  6.59e+02 
  6500| 1.84e-07  4.33e-05  1.35e-03 -2.20e+04  2.55e+01  6.86e+02 
  6675| 1.74e-07  4.09e-05  1.28e-03 -2.20e+04  2.55e+01  7.04e+02 
------------------------------------------------------------------
status:  solved
timings: total: 7.04e+02s = setup: 4.79e-02s + solve: 7.04e+02s
	 lin-sys: 4.17e+01s, cones: 6.52e+02s, accel: 2.51e+00s
------------------------------------------------------------------
objective = -22028.863542
------------------------------------------------------------------
===Terminated Graph Sampling=== rank:  [1, 2, 3, 3, 4, 2, 1, 1]
------------------------------------------------------------------
	       SCS v3.2.9 - Splitting Conic Solver
	(c) Brendan O'Donoghue, Stanford University, 2012
------------------------------------------------------------------
problem:  variables n: 131328, constraints m: 131840
cones: 	  z: primal zero / dual free vars: 512
	  s: psd vars: 131328, ssize: 1
settings: eps_abs: 1.1e-06, eps_rel: 1.1e-06, eps_infeas: 1.0e-07
	  alpha: 1.50, scale: 1.00e-01, adaptive_scale: 1
	  max_iters: 100000, normalize: 1, rho_x: 1.00e-06
	  acceleration_lookback: 10, acceleration_interval: 10
lin-sys:  sparse-indirect-scs
	  nnz(A): 131840, nnz(P): 0
------------------------------------------------------------------
 iter | pri res | dua res |   gap   |   obj   |  scale  | time (s)
------------------------------------------------------------------
     0| 6.09e+01  1.06e+02  3.96e+05 -2.35e+05  1.00e-01  1.54e-01 
   250| 1.96e-02  9.32e-02  4.16e-01 -3.53e+04  7.29e+01  2.19e+01 
   500| 2.74e-05  7.64e-04  8.37e-05 -3.53e+04  2.50e+02  4.20e+01 
   550| 2.45e-08  6.43e-06  3.21e-04 -3.53e+04  2.50e+02  4.60e+01 
------------------------------------------------------------------
status:  solved
timings: total: 4.60e+01s = setup: 4.62e-02s + solve: 4.60e+01s
	 lin-sys: 3.46e+00s, cones: 4.16e+01s, accel: 2.28e-01s
------------------------------------------------------------------
objective = -35327.999463
------------------------------------------------------------------
===Terminated Graph Sampling=== rank:  [3, 4, 4, 3, 3, 3, 4, 3]
------------------------------------------------------------------
	       SCS v3.2.9 - Splitting Conic Solver
	(c) Brendan O'Donoghue, Stanford University, 2012
------------------------------------------------------------------
problem:  variables n: 131328, constraints m: 131840
cones: 	  z: primal zero / dual free vars: 512
	  s: psd vars: 131328, ssize: 1
settings: eps_abs: 1.1e-06, eps_rel: 1.1e-06, eps_infeas: 1.0e-07
	  alpha: 1.50, scale: 1.00e-01, adaptive_scale: 1
	  max_iters: 100000, normalize: 1, rho_x: 1.00e-06
	  acceleration_lookback: 10, acceleration_interval: 10
lin-sys:  sparse-indirect-scs
	  nnz(A): 131840, nnz(P): 0
------------------------------------------------------------------
 iter | pri res | dua res |   gap   |   obj   |  scale  | time (s)
------------------------------------------------------------------
     0| 3.34e+01  1.25e+01  9.32e+04 -5.57e+04  1.00e-01  1.64e-01 
   250| 4.57e-03  8.03e-03  4.83e-03 -8.87e+03  1.18e+01  3.26e+01 
   500| 8.64e-05  1.39e-04  4.63e-04 -8.87e+03  1.18e+01  6.51e+01 
   750| 4.29e-05  8.24e-05  4.95e-04 -8.87e+03  1.18e+01  9.78e+01 
  1000| 2.01e-05  6.32e-05  3.70e-04 -8.87e+03  1.18e+01  1.30e+02 
  1250| 9.98e-06  5.13e-05  2.84e-04 -8.87e+03  1.18e+01  1.63e+02 
  1500| 5.14e-06  4.22e-05  2.28e-04 -8.87e+03  1.18e+01  1.96e+02 
  1750| 7.04e-05  1.22e-04  1.31e-04 -8.87e+03  1.18e+01  2.29e+02 
  2000| 1.25e-06  2.91e-05  1.55e-04 -8.87e+03  1.18e+01  2.61e+02 
  2250| 6.44e-07  2.44e-05  1.30e-04 -8.87e+03  1.18e+01  2.94e+02 
  2500| 3.41e-07  2.07e-05  1.10e-04 -8.87e+03  1.18e+01  3.27e+02 
  2650| 1.52e-07  1.88e-05  1.01e-04 -8.87e+03  1.18e+01  3.46e+02 
------------------------------------------------------------------
status:  solved
timings: total: 3.46e+02s = setup: 4.47e-02s + solve: 3.46e+02s
	 lin-sys: 1.53e+01s, cones: 3.27e+02s, accel: 8.98e-01s
------------------------------------------------------------------
objective = -8867.829546
------------------------------------------------------------------
===Terminated Graph Sampling=== rank:  [2, 2, 3, 4, 4, 3, 2, 2]
------------------------------------------------------------------
	       SCS v3.2.9 - Splitting Conic Solver
	(c) Brendan O'Donoghue, Stanford University, 2012
------------------------------------------------------------------
problem:  variables n: 131328, constraints m: 131840
cones: 	  z: primal zero / dual free vars: 512
	  s: psd vars: 131328, ssize: 1
settings: eps_abs: 1.1e-06, eps_rel: 1.1e-06, eps_infeas: 1.0e-07
	  alpha: 1.50, scale: 1.00e-01, adaptive_scale: 1
	  max_iters: 100000, normalize: 1, rho_x: 1.00e-06
	  acceleration_lookback: 10, acceleration_interval: 10
lin-sys:  sparse-indirect-scs
	  nnz(A): 131840, nnz(P): 0
------------------------------------------------------------------
 iter | pri res | dua res |   gap   |   obj   |  scale  | time (s)
------------------------------------------------------------------
     0| 3.69e+01  8.10e+01  5.15e+05 -3.06e+05  1.00e-01  9.24e-02 
   250| 5.84e-02  1.43e-01  1.75e+01 -3.97e+04  2.54e+01  1.28e+01 
   500| 9.12e-04  2.48e-02  2.26e-01 -3.98e+04  9.61e+01  2.54e+01 
   675| 4.99e-07  7.06e-05  2.75e-04 -3.98e+04  9.61e+01  3.39e+01 
------------------------------------------------------------------
status:  solved
timings: total: 3.39e+01s = setup: 4.38e-02s + solve: 3.39e+01s
	 lin-sys: 3.62e+00s, cones: 2.93e+01s, accel: 2.24e-01s
------------------------------------------------------------------
objective = -39848.638897
------------------------------------------------------------------
===Terminated Graph Sampling=== rank:  [1, 2, 3, 4, 4, 3, 2, 1]
------------------------------------------------------------------
	       SCS v3.2.9 - Splitting Conic Solver
	(c) Brendan O'Donoghue, Stanford University, 2012
------------------------------------------------------------------
problem:  variables n: 131328, constraints m: 131840
cones: 	  z: primal zero / dual free vars: 512
	  s: psd vars: 131328, ssize: 1
settings: eps_abs: 1.1e-06, eps_rel: 1.1e-06, eps_infeas: 1.0e-07
	  alpha: 1.50, scale: 1.00e-01, adaptive_scale: 1
	  max_iters: 100000, normalize: 1, rho_x: 1.00e-06
	  acceleration_lookback: 10, acceleration_interval: 10
lin-sys:  sparse-indirect-scs
	  nnz(A): 131840, nnz(P): 0
------------------------------------------------------------------
 iter | pri res | dua res |   gap   |   obj   |  scale  | time (s)
------------------------------------------------------------------
     0| 3.93e+01  5.29e+01  2.91e+05 -1.74e+05  1.00e-01  1.41e-01 
   250| 8.05e-03  2.09e-02  2.70e+00 -2.50e+04  2.75e+01  2.35e+01 
   500| 1.66e-03  1.29e-02  7.71e-02 -2.50e+04  9.47e+01  4.28e+01 
   750| 4.23e-04  7.43e-03  1.93e-01 -2.50e+04  9.47e+01  6.10e+01 
  1000| 2.00e-04  2.42e-03  3.21e-02 -2.50e+04  9.47e+01  7.93e+01 
  1250| 9.11e-05  1.37e-03  7.49e-03 -2.50e+04  9.47e+01  9.74e+01 
  1500| 3.28e-05  1.27e-03  2.46e-03 -2.50e+04  9.47e+01  1.16e+02 
  1750| 6.27e-06  1.18e-03  6.24e-04 -2.50e+04  9.47e+01  1.34e+02 
  2000| 2.51e-06  1.10e-03  1.08e-03 -2.50e+04  9.47e+01  1.52e+02 
  2250| 2.01e-06  1.02e-03  1.22e-03 -2.50e+04  9.47e+01  1.70e+02 
  2500| 2.96e-04  2.81e-02  5.90e-03 -2.50e+04  9.47e+01  1.88e+02 
  2750| 2.61e-07  8.94e-04  1.94e-03 -2.50e+04  9.47e+01  2.07e+02 
  3000| 2.43e-07  8.38e-04  2.08e-03 -2.50e+04  9.47e+01  2.25e+02 
  3250| 2.29e-07  7.87e-04  2.22e-03 -2.50e+04  9.47e+01  2.43e+02 
  3500| 2.09e-07  7.40e-04  2.29e-03 -2.50e+04  9.47e+01  2.61e+02 
  3750| 1.95e-07  6.96e-04  2.32e-03 -2.50e+04  9.47e+01  2.80e+02 
  4000| 1.88e-07  6.55e-04  2.33e-03 -2.50e+04  9.47e+01  2.98e+02 
  4250| 1.80e-07  6.18e-04  2.32e-03 -2.50e+04  9.47e+01  3.16e+02 
  4500| 1.73e-07  5.84e-04  2.29e-03 -2.50e+04  9.47e+01  3.34e+02 
  4750| 1.52e-06  5.14e-04  6.71e-03 -2.50e+04  2.98e+01  3.57e+02 
  5000| 1.33e-06  4.42e-04  6.06e-03 -2.50e+04  2.98e+01  3.80e+02 
  5250| 1.14e-06  3.78e-04  5.32e-03 -2.50e+04  2.98e+01  4.03e+02 
  5500| 9.73e-07  3.23e-04  4.62e-03 -2.50e+04  2.98e+01  4.27e+02 
  5750| 8.28e-07  2.75e-04  3.99e-03 -2.50e+04  2.98e+01  4.51e+02 
  6000| 7.05e-07  2.35e-04  3.42e-03 -2.50e+04  2.98e+01  4.74e+02 
  6250| 5.99e-07  2.00e-04  2.93e-03 -2.50e+04  2.98e+01  4.97e+02 
  6500| 5.09e-07  1.70e-04  2.50e-03 -2.50e+04  2.98e+01  5.20e+02 
  6750| 1.40e-05  4.17e-04  2.47e-05 -2.50e+04  2.98e+01  5.43e+02 
  7000| 3.68e-07  1.23e-04  1.82e-03 -2.50e+04  2.98e+01  5.66e+02 
  7250| 3.12e-07  1.05e-04  1.55e-03 -2.50e+04  2.98e+01  5.89e+02 
  7500| 2.66e-07  8.93e-05  1.32e-03 -2.50e+04  2.98e+01  6.13e+02 
  7750| 2.26e-07  7.61e-05  1.12e-03 -2.50e+04  2.98e+01  6.35e+02 
  8000| 1.92e-07  6.47e-05  9.57e-04 -2.50e+04  2.98e+01  6.58e+02 
  8050| 1.86e-07  6.27e-05  9.27e-04 -2.50e+04  2.98e+01  6.62e+02 
------------------------------------------------------------------
status:  solved
timings: total: 6.62e+02s = setup: 4.37e-02s + solve: 6.62e+02s
	 lin-sys: 4.64e+01s, cones: 6.05e+02s, accel: 2.71e+00s
------------------------------------------------------------------
objective = -25027.310481
------------------------------------------------------------------
Number of failed seeds: 0

================================================================================
                             FINAL RESULTS SUMMARY                              
================================================================================
Most metrics are reported as Mean ± Standard Deviation over all seeds [395, 9313, 332, 261, 266].

  Metric                       |                     Value
  ---------------------------- | -------------------------
  Solution Time (s)            |         359.284 ± 288.768
  Runtime Median [IQR] (s)     |         346.468 [616.254]
  Worst Runtime (s)            |                   707.253
  Problem Creation (s)         |             0.022 ± 0.011
  Iterations                   |           3720.0 ± 3096.7
  Feasibility Error            |       1.45e-17 ± 1.26e-17
  Dual Feasibility Error       |       1.88e-05 ± 1.96e-05
  Duality Gap                  |       5.66e-04 ± 3.75e-04
  Peak Memory (MB)             |          189.922 ± 73.209
  Memory Median [IQR] (MB)     |          148.816 [32.887]
  Worst Memory (MB)            |                   334.262
  ---------------------------- | -------------------------
  Rank Statistics                                        
    Ranks X                 : [0.0±0.0]
    Ranks Y                 : [0.0±0.0]
    Ranks Z                 : [0.0±0.0]

================================================================================
✅ Completed dim=9 successfully

==== All runs completed at Tue 26 May 13:59:27 BST 2026 ====
