Running: maxcut_scs (rank=5)
==== maxcut SCS Batch Run Started at Tue 26 May 13:30:11 BST 2026 ====

▶ Running dim=9 with config=configs/maxcut_9.yaml at Tue 26 May 13:30:11 BST 2026
===Terminated Graph Sampling=== rank:  [2, 2, 4, 5, 5, 4, 3, 1]
------------------------------------------------------------------
	       SCS v3.2.9 - Splitting Conic Solver
	(c) Brendan O'Donoghue, Stanford University, 2012
------------------------------------------------------------------
problem:  variables n: 131328, constraints m: 131840
cones: 	  z: primal zero / dual free vars: 512
	  s: psd vars: 131328, ssize: 1
settings: eps_abs: 1.1e-06, eps_rel: 1.1e-06, eps_infeas: 1.0e-07
	  alpha: 1.50, scale: 1.00e-01, adaptive_scale: 1
	  max_iters: 100000, normalize: 1, rho_x: 1.00e-06
	  acceleration_lookback: 10, acceleration_interval: 10
lin-sys:  sparse-indirect-scs
	  nnz(A): 131840, nnz(P): 0
------------------------------------------------------------------
 iter | pri res | dua res |   gap   |   obj   |  scale  | time (s)
------------------------------------------------------------------
     0| 4.52e+01  6.07e+01  2.12e+05 -1.26e+05  1.00e-01  1.15e-01 
   250| 1.88e-02  5.40e-02  6.79e+00 -1.62e+04  1.77e+01  1.51e+01 
   500| 1.85e-03  2.96e-02  5.01e-01 -1.62e+04  6.68e+01  2.98e+01 
   750| 1.60e-04  2.83e-03  9.61e-03 -1.62e+04  6.68e+01  4.44e+01 
  1000| 3.80e-06  2.82e-04  3.97e-03 -1.62e+04  6.68e+01  6.11e+01 
  1250| 7.03e-07  2.44e-04  3.56e-03 -1.62e+04  6.68e+01  7.55e+01 
  1500| 1.40e-07  2.08e-04  3.12e-03 -1.62e+04  6.68e+01  8.99e+01 
  1550| 1.98e-06  6.22e-05  8.41e-05 -1.62e+04  6.68e+01  9.29e+01 
------------------------------------------------------------------
status:  solved
timings: total: 9.29e+01s = setup: 4.67e-02s + solve: 9.29e+01s
	 lin-sys: 9.91e+00s, cones: 8.05e+01s, accel: 6.01e-01s
------------------------------------------------------------------
objective = -16222.399357
------------------------------------------------------------------
===Terminated Graph Sampling=== rank:  [3, 3, 3, 4, 5, 5, 4, 2]
------------------------------------------------------------------
	       SCS v3.2.9 - Splitting Conic Solver
	(c) Brendan O'Donoghue, Stanford University, 2012
------------------------------------------------------------------
problem:  variables n: 131328, constraints m: 131840
cones: 	  z: primal zero / dual free vars: 512
	  s: psd vars: 131328, ssize: 1
settings: eps_abs: 1.1e-06, eps_rel: 1.1e-06, eps_infeas: 1.0e-07
	  alpha: 1.50, scale: 1.00e-01, adaptive_scale: 1
	  max_iters: 100000, normalize: 1, rho_x: 1.00e-06
	  acceleration_lookback: 10, acceleration_interval: 10
lin-sys:  sparse-indirect-scs
	  nnz(A): 131840, nnz(P): 0
------------------------------------------------------------------
 iter | pri res | dua res |   gap   |   obj   |  scale  | time (s)
------------------------------------------------------------------
     0| 7.97e+01  1.29e+02  8.56e+05 -5.06e+05  1.00e-01  1.33e-01 
   250| 1.04e-02  4.01e-02  6.79e+00 -5.87e+04  3.74e+01  2.40e+01 
   500| 1.22e-03  2.20e-02  1.88e+00 -5.86e+04  1.40e+02  4.70e+01 
   750| 5.97e-04  1.13e-02  2.04e-01 -5.86e+04  1.40e+02  6.89e+01 
  1000| 2.79e-04  5.92e-03  1.43e-01 -5.86e+04  1.40e+02  9.08e+01 
  1250| 1.84e-04  5.58e-03  2.12e-01 -5.86e+04  1.40e+02  1.13e+02 
  1500| 3.53e-05  5.09e-03  1.35e-01 -5.86e+04  1.40e+02  1.34e+02 
  1750| 5.86e-05  4.75e-03  1.46e-01 -5.86e+04  1.40e+02  1.56e+02 
  2000| 8.35e-06  4.41e-03  1.36e-01 -5.86e+04  1.40e+02  1.78e+02 
  2250| 1.35e-05  4.10e-03  1.28e-01 -5.86e+04  1.40e+02  2.00e+02 
  2500| 3.95e-04  5.53e-02  6.60e-03 -5.86e+04  1.40e+02  2.22e+02 
  2750| 1.38e-06  3.56e-03  1.15e-01 -5.86e+04  1.40e+02  2.44e+02 
  3000| 2.05e-06  3.32e-03  1.09e-01 -5.86e+04  1.40e+02  2.66e+02 
  3250| 4.39e-07  3.09e-03  1.03e-01 -5.86e+04  1.40e+02  2.88e+02 
  3500| 7.12e-07  2.89e-03  9.67e-02 -5.86e+04  1.40e+02  3.10e+02 
  3750| 4.18e-07  2.69e-03  9.11e-02 -5.86e+04  1.40e+02  3.32e+02 
  4000| 3.68e-07  2.52e-03  8.57e-02 -5.86e+04  1.40e+02  3.54e+02 
  4250| 3.46e-07  2.35e-03  8.06e-02 -5.86e+04  1.40e+02  3.76e+02 
  4500| 3.25e-07  2.19e-03  7.57e-02 -5.86e+04  1.40e+02  3.98e+02 
  4750| 3.06e-07  2.05e-03  7.11e-02 -5.86e+04  1.40e+02  4.20e+02 
  5000| 2.88e-07  1.91e-03  6.67e-02 -5.86e+04  1.40e+02  4.42e+02 
  5250| 1.17e-04  1.63e-02  1.32e-03 -5.86e+04  1.40e+02  4.64e+02 
  5500| 2.54e-07  1.67e-03  5.88e-02 -5.86e+04  1.40e+02  4.86e+02 
  5750| 2.38e-07  1.56e-03  5.51e-02 -5.86e+04  1.40e+02  5.08e+02 
  6000| 2.24e-07  1.46e-03  5.17e-02 -5.86e+04  1.40e+02  5.30e+02 
  6250| 3.10e-06  1.34e-03  1.67e-01 -5.86e+04  4.41e+01  5.53e+02 
  6500| 1.37e-05  1.31e-04  1.60e-03 -5.86e+04  4.41e+01  5.79e+02 
  6725| 1.36e-06  3.15e-05  1.16e-03 -5.86e+04  4.41e+01  6.02e+02 
------------------------------------------------------------------
status:  solved
timings: total: 6.02e+02s = setup: 4.53e-02s + solve: 6.02e+02s
	 lin-sys: 3.93e+01s, cones: 5.54e+02s, accel: 2.29e+00s
------------------------------------------------------------------
objective = -58644.710602
------------------------------------------------------------------
===Terminated Graph Sampling=== rank:  [3, 5, 4, 3, 3, 3, 2, 2]
