Running: maxcut_scs (rank=3)
==== maxcut SCS Batch Run Started at Tue 26 May 13:33:40 BST 2026 ====

▶ Running dim=10 with config=configs/maxcut_10.yaml at Tue 26 May 13:33:40 BST 2026
===Terminated Graph Sampling=== rank:  [2, 2, 2, 3, 3, 3, 3, 2, 2]
------------------------------------------------------------------
	       SCS v3.2.9 - Splitting Conic Solver
	(c) Brendan O'Donoghue, Stanford University, 2012
------------------------------------------------------------------
problem:  variables n: 524800, constraints m: 525824
cones: 	  z: primal zero / dual free vars: 1024
	  s: psd vars: 524800, ssize: 1
settings: eps_abs: 1.0e-06, eps_rel: 1.0e-06, eps_infeas: 1.0e-07
	  alpha: 1.50, scale: 1.00e-01, adaptive_scale: 1
	  max_iters: 100000, normalize: 1, rho_x: 1.00e-06
	  acceleration_lookback: 10, acceleration_interval: 10
lin-sys:  sparse-indirect-scs
	  nnz(A): 525824, nnz(P): 0
------------------------------------------------------------------
 iter | pri res | dua res |   gap   |   obj   |  scale  | time (s)
------------------------------------------------------------------
     0| 6.32e+01  6.22e+01  2.81e+05 -1.67e+05  1.00e-01  4.91e-01 
   250| 1.14e-02  5.72e-02  1.95e+00 -2.22e+04  2.68e+01  8.64e+01 
   500| 1.66e-03  2.40e-02  1.24e-01 -2.22e+04  8.95e+01  1.88e+02 
   750| 6.03e-04  6.30e-03  4.29e-02 -2.22e+04  8.95e+01  2.89e+02 
  1000| 2.15e-04  2.61e-03  2.25e-02 -2.22e+04  8.95e+01  3.89e+02 
  1250| 5.40e-05  2.70e-03  4.12e-02 -2.22e+04  8.95e+01  4.90e+02 
  1500| 1.56e-05  2.49e-03  2.88e-02 -2.22e+04  8.95e+01  5.91e+02 
  1750| 8.26e-06  2.43e-03  3.16e-02 -2.22e+04  8.95e+01  6.92e+02 
  2000| 4.11e-06  2.32e-03  2.89e-02 -2.22e+04  8.95e+01  7.92e+02 
  2250| 1.28e-06  2.23e-03  2.77e-02 -2.22e+04  8.95e+01  8.93e+02 
  2500| 2.60e-03  2.32e-01  4.24e-06 -2.22e+04  8.95e+01  9.93e+02 
  2750| 5.47e-07  2.04e-03  2.51e-02 -2.22e+04  8.95e+01  1.09e+03 
  3000| 4.90e-07  1.95e-03  2.40e-02 -2.22e+04  8.95e+01  1.19e+03 
  3250| 4.62e-07  1.86e-03  2.28e-02 -2.22e+04  8.95e+01  1.29e+03 
  3500| 4.47e-07  1.78e-03  2.17e-02 -2.22e+04  8.95e+01  1.40e+03 
  3750| 4.21e-07  1.70e-03  2.06e-02 -2.22e+04  8.95e+01  1.50e+03 
  4000| 4.03e-07  1.62e-03  1.96e-02 -2.22e+04  8.95e+01  1.60e+03 
  4250| 3.67e-06  1.41e-03  5.29e-02 -2.22e+04  2.83e+01  1.71e+03 
  4500| 2.94e-06  1.21e-03  4.50e-02 -2.22e+04  2.83e+01  1.81e+03 
  4750| 2.55e-06  1.03e-03  3.82e-02 -2.22e+04  2.83e+01  1.91e+03 
  5000| 2.17e-06  8.81e-04  3.24e-02 -2.22e+04  2.83e+01  2.01e+03 
  5250| 1.85e-06  7.51e-04  2.74e-02 -2.22e+04  2.83e+01  2.11e+03 
  5500| 1.58e-06  6.40e-04  2.31e-02 -2.22e+04  2.83e+01  2.21e+03 
  5750| 1.34e-06  5.44e-04  1.95e-02 -2.22e+04  2.83e+01  2.31e+03 
  6000| 5.96e-05  1.69e-03  7.11e-04 -2.22e+04  2.83e+01  2.41e+03 
  6250| 9.70e-07  3.93e-04  1.39e-02 -2.22e+04  2.83e+01  2.51e+03 
  6500| 8.24e-07  3.34e-04  1.17e-02 -2.22e+04  2.83e+01  2.61e+03 
  6750| 7.00e-07  2.84e-04  9.86e-03 -2.22e+04  2.83e+01  2.72e+03 
  7000| 5.95e-07  2.41e-04  8.31e-03 -2.22e+04  2.83e+01  2.82e+03 
  7250| 5.05e-07  2.05e-04  7.01e-03 -2.22e+04  2.83e+01  2.92e+03 
  7500| 4.28e-07  1.74e-04  5.91e-03 -2.22e+04  2.83e+01  3.02e+03 
  7750| 3.63e-07  1.48e-04  4.98e-03 -2.22e+04  2.83e+01  3.12e+03 
  8000| 3.09e-07  1.26e-04  4.20e-03 -2.22e+04  2.83e+01  3.22e+03 
  8225| 1.02e-06  1.73e-05  8.22e-05 -2.22e+04  2.83e+01  3.31e+03 
------------------------------------------------------------------
status:  solved
timings: total: 3.31e+03s = setup: 2.12e-01s + solve: 3.31e+03s
	 lin-sys: 1.98e+02s, cones: 3.06e+03s, accel: 1.15e+01s
------------------------------------------------------------------
objective = -22215.846190
------------------------------------------------------------------
===Terminated Graph Sampling=== rank:  [1, 1, 2, 3, 3, 2, 2, 2, 2]
------------------------------------------------------------------
	       SCS v3.2.9 - Splitting Conic Solver
	(c) Brendan O'Donoghue, Stanford University, 2012
------------------------------------------------------------------
problem:  variables n: 524800, constraints m: 525824
cones: 	  z: primal zero / dual free vars: 1024
	  s: psd vars: 524800, ssize: 1
settings: eps_abs: 1.0e-06, eps_rel: 1.0e-06, eps_infeas: 1.0e-07
	  alpha: 1.50, scale: 1.00e-01, adaptive_scale: 1
	  max_iters: 100000, normalize: 1, rho_x: 1.00e-06
	  acceleration_lookback: 10, acceleration_interval: 10
lin-sys:  sparse-indirect-scs
	  nnz(A): 525824, nnz(P): 0
------------------------------------------------------------------
 iter | pri res | dua res |   gap   |   obj   |  scale  | time (s)
------------------------------------------------------------------
     0| 3.85e+01  9.31e+01  4.48e+05 -2.66e+05  1.00e-01  4.13e-01 
   250| 8.55e-03  1.06e-01  1.59e+01 -3.59e+04  3.79e+01  7.27e+01 
   500| 1.32e-05  4.17e-04  1.69e-03 -3.60e+04  1.22e+02  1.53e+02 
   750| 9.38e-07  1.45e-04  1.40e-04 -3.60e+04  1.22e+02  2.41e+02 
   875| 1.55e-06  3.37e-05  2.48e-04 -3.60e+04  1.22e+02  2.88e+02 
------------------------------------------------------------------
status:  solved
timings: total: 2.88e+02s = setup: 1.97e-01s + solve: 2.87e+02s
	 lin-sys: 1.84e+01s, cones: 2.64e+02s, accel: 1.10e+00s
------------------------------------------------------------------
objective = -35950.251518
------------------------------------------------------------------
===Terminated Graph Sampling=== rank:  [3, 3, 3, 3, 2, 2, 1, 1, 1]
------------------------------------------------------------------
	       SCS v3.2.9 - Splitting Conic Solver
	(c) Brendan O'Donoghue, Stanford University, 2012
------------------------------------------------------------------
problem:  variables n: 524800, constraints m: 525824
cones: 	  z: primal zero / dual free vars: 1024
	  s: psd vars: 524800, ssize: 1
settings: eps_abs: 1.0e-06, eps_rel: 1.0e-06, eps_infeas: 1.0e-07
	  alpha: 1.50, scale: 1.00e-01, adaptive_scale: 1
	  max_iters: 100000, normalize: 1, rho_x: 1.00e-06
	  acceleration_lookback: 10, acceleration_interval: 10
lin-sys:  sparse-indirect-scs
	  nnz(A): 525824, nnz(P): 0
------------------------------------------------------------------
 iter | pri res | dua res |   gap   |   obj   |  scale  | time (s)
------------------------------------------------------------------
     0| 5.24e+01  1.08e+02  3.92e+05 -2.34e+05  1.00e-01  5.77e-01 
   250| 7.36e-03  8.20e-02  1.16e+01 -3.76e+04  5.04e+01  1.06e+02 
   500| 1.42e-05  9.15e-05  2.71e-05 -3.76e+04  1.94e+02  2.70e+02 
   550| 1.47e-08  1.32e-06  6.84e-04 -3.76e+04  1.94e+02  3.03e+02 
------------------------------------------------------------------
status:  solved
timings: total: 3.03e+02s = setup: 2.08e-01s + solve: 3.03e+02s
	 lin-sys: 1.29e+01s, cones: 2.86e+02s, accel: 7.94e-01s
------------------------------------------------------------------
objective = -37631.999770
------------------------------------------------------------------
===Terminated Graph Sampling=== rank:  [2, 2, 3, 2, 2, 2, 2, 2, 2]
------------------------------------------------------------------
	       SCS v3.2.9 - Splitting Conic Solver
	(c) Brendan O'Donoghue, Stanford University, 2012
------------------------------------------------------------------
problem:  variables n: 524800, constraints m: 525824
cones: 	  z: primal zero / dual free vars: 1024
	  s: psd vars: 524800, ssize: 1
settings: eps_abs: 1.0e-06, eps_rel: 1.0e-06, eps_infeas: 1.0e-07
	  alpha: 1.50, scale: 1.00e-01, adaptive_scale: 1
	  max_iters: 100000, normalize: 1, rho_x: 1.00e-06
	  acceleration_lookback: 10, acceleration_interval: 10
lin-sys:  sparse-indirect-scs
	  nnz(A): 525824, nnz(P): 0
------------------------------------------------------------------
 iter | pri res | dua res |   gap   |   obj   |  scale  | time (s)
------------------------------------------------------------------
     0| 2.95e+01  4.60e+01  5.06e+05 -3.02e+05  1.00e-01  6.16e-01 
   250| 6.93e-03  1.17e-02  1.95e-01 -4.92e+04  2.02e+01  1.55e+02 
   450| 1.89e-08  8.99e-08  2.55e-04 -4.92e+04  2.02e+01  2.79e+02 
------------------------------------------------------------------
status:  solved
timings: total: 2.79e+02s = setup: 2.17e-01s + solve: 2.79e+02s
	 lin-sys: 1.07e+01s, cones: 2.65e+02s, accel: 6.92e-01s
------------------------------------------------------------------
objective = -49151.999843
------------------------------------------------------------------
===Terminated Graph Sampling=== rank:  [2, 2, 2, 2, 2, 3, 2, 2, 2]
------------------------------------------------------------------
	       SCS v3.2.9 - Splitting Conic Solver
	(c) Brendan O'Donoghue, Stanford University, 2012
------------------------------------------------------------------
problem:  variables n: 524800, constraints m: 525824
cones: 	  z: primal zero / dual free vars: 1024
	  s: psd vars: 524800, ssize: 1
settings: eps_abs: 1.0e-06, eps_rel: 1.0e-06, eps_infeas: 1.0e-07
	  alpha: 1.50, scale: 1.00e-01, adaptive_scale: 1
	  max_iters: 100000, normalize: 1, rho_x: 1.00e-06
	  acceleration_lookback: 10, acceleration_interval: 10
lin-sys:  sparse-indirect-scs
	  nnz(A): 525824, nnz(P): 0
------------------------------------------------------------------
 iter | pri res | dua res |   gap   |   obj   |  scale  | time (s)
------------------------------------------------------------------
     0| 5.06e+01  3.16e+02  2.86e+06 -1.67e+06  1.00e-01  8.52e-01 
   250| 3.06e-02  2.84e-01  2.61e+02 -2.05e+05  8.57e+01  1.48e+02 
   500| 5.95e-03  2.29e-01  1.14e+01 -2.05e+05  4.30e+02  2.70e+02 
   750| 4.88e-03  7.77e-02  5.44e+00 -2.05e+05  4.30e+02  3.87e+02 
  1000| 1.89e-03  8.94e-02  1.61e+00 -2.05e+05  4.30e+02  5.06e+02 
  1250| 2.26e-04  6.67e-02  6.10e+00 -2.05e+05  4.30e+02  6.25e+02 
  1500| 9.46e-04  4.58e-02  3.68e+00 -2.05e+05  4.30e+02  7.44e+02 
  1750| 7.74e-04  1.77e-02  1.19e+00 -2.05e+05  4.30e+02  8.62e+02 
  2000| 3.31e-04  1.69e-02  1.35e+00 -2.05e+05  4.30e+02  9.80e+02 
  2250| 9.29e-05  1.66e-02  7.69e-01 -2.05e+05  4.30e+02  1.10e+03 
  2500| 1.01e-01  4.35e+01  7.67e+00 -2.07e+05  4.30e+02  1.22e+03 
  2750| 9.73e-05  1.61e-02  5.33e-01 -2.05e+05  4.30e+02  1.34e+03 
  3000| 3.73e-05  1.59e-02  5.36e-01 -2.05e+05  4.30e+02  1.45e+03 
  3250| 1.41e-05  1.57e-02  2.93e-01 -2.05e+05  4.30e+02  1.57e+03 
  3500| 1.96e-05  1.56e-02  1.95e-01 -2.05e+05  4.30e+02  1.69e+03 
  3750| 1.37e-05  1.54e-02  1.58e-02 -2.06e+05  4.30e+02  1.81e+03 
  4000| 3.78e-06  1.54e-02  9.15e-02 -2.06e+05  4.30e+02  1.92e+03 
  4250| 3.83e-06  1.54e-02  2.41e-01 -2.06e+05  4.30e+02  2.05e+03 
  4500| 3.60e-06  1.54e-02  3.51e-01 -2.06e+05  4.30e+02  2.17e+03 
  4750| 1.25e-06  1.54e-02  4.77e-01 -2.06e+05  4.30e+02  2.29e+03 
  5000| 1.52e-06  1.53e-02  5.88e-01 -2.06e+05  4.30e+02  2.41e+03 
  5250| 1.12e+00  4.82e+02  3.04e+01 -2.08e+05  4.30e+02  2.52e+03 
  5500| 1.14e-06  1.53e-02  8.07e-01 -2.06e+05  4.30e+02  2.64e+03 
  5750| 9.35e-07  1.53e-02  9.12e-01 -2.06e+05  4.30e+02  2.76e+03 
  6000| 1.30e-06  1.53e-02  1.01e+00 -2.06e+05  4.30e+02  2.88e+03 
  6250| 1.02e-06  1.53e-02  1.11e+00 -2.06e+05  4.30e+02  3.00e+03 
  6500| 1.24e-06  1.53e-02  1.21e+00 -2.06e+05  4.30e+02  3.12e+03 
  6750| 1.13e-06  1.53e-02  1.30e+00 -2.06e+05  4.30e+02  3.24e+03 
  7000| 1.29e-06  1.53e-02  1.39e+00 -2.06e+05  4.30e+02  3.36e+03 
  7250| 1.23e-06  1.53e-02  1.48e+00 -2.06e+05  4.30e+02  3.48e+03 
  7500| 1.32e-06  1.53e-02  1.56e+00 -2.06e+05  4.30e+02  3.59e+03 
  7750| 1.31e-06  1.53e-02  1.64e+00 -2.06e+05  4.30e+02  3.71e+03 
  8000| 2.93e+00  1.26e+03  7.11e+00 -2.10e+05  4.30e+02  3.83e+03 
  8250| 1.38e-06  1.52e-02  1.80e+00 -2.06e+05  4.30e+02  3.95e+03 
  8500| 1.43e-06  1.52e-02  1.88e+00 -2.06e+05  4.30e+02  4.07e+03 
  8750| 1.45e-06  1.52e-02  1.96e+00 -2.06e+05  4.30e+02  4.19e+03 
  9000| 1.48e-06  1.52e-02  2.03e+00 -2.06e+05  4.30e+02  4.31e+03 
  9250| 1.51e-06  1.52e-02  2.10e+00 -2.06e+05  4.30e+02  4.43e+03 
  9500| 1.54e-06  1.52e-02  2.18e+00 -2.06e+05  4.30e+02  4.55e+03 
  9750| 1.57e-06  1.52e-02  2.24e+00 -2.06e+05  4.30e+02  4.67e+03 
 10000| 1.60e-06  1.52e-02  2.31e+00 -2.06e+05  4.30e+02  4.79e+03 
 10250| 1.63e-06  1.52e-02  2.38e+00 -2.06e+05  4.30e+02  4.91e+03 
 10500| 1.67e-06  1.53e-02  2.44e+00 -2.06e+05  4.30e+02  5.03e+03 
 10750| 4.12e+00  1.77e+03  9.81e+00 -2.10e+05  4.30e+02  5.15e+03 
 11000| 1.75e-06  1.55e-02  2.57e+00 -2.06e+05  4.30e+02  5.27e+03 
 11250| 1.78e-06  1.56e-02  2.63e+00 -2.06e+05  4.30e+02  5.39e+03 
 11500| 1.82e-06  1.57e-02  2.69e+00 -2.06e+05  4.30e+02  5.50e+03 
 11750| 1.82e-05  1.59e-02  8.84e+00 -2.06e+05  1.36e+02  5.62e+03 
 12000| 1.99e-05  1.62e-02  9.40e+00 -2.06e+05  1.36e+02  5.74e+03 
 12250| 2.08e-05  1.67e-02  9.92e+00 -2.06e+05  1.36e+02  5.86e+03 
 12500| 2.16e-05  1.71e-02  1.04e+01 -2.06e+05  1.36e+02  5.98e+03 
 12750| 2.25e-05  1.77e-02  1.09e+01 -2.06e+05  1.36e+02  6.10e+03 
 13000| 2.32e-05  1.83e-02  1.13e+01 -2.06e+05  1.36e+02  6.21e+03 
 13250| 4.80e+00  6.52e+02  3.51e+01 -2.06e+05  1.36e+02  6.33e+03 
 13500| 2.45e-05  1.99e-02  1.21e+01 -2.06e+05  1.36e+02  6.46e+03 
 13750| 2.51e-05  2.09e-02  1.25e+01 -2.06e+05  1.36e+02  6.58e+03 
 14000| 2.55e-05  2.21e-02  1.28e+01 -2.06e+05  1.36e+02  6.70e+03 
 14250| 2.58e-05  2.37e-02  1.31e+01 -2.06e+05  1.36e+02  6.82e+03 
 14500| 2.58e-05  2.58e-02  1.33e+01 -2.06e+05  1.36e+02  6.93e+03 
 14750| 8.45e-04  6.14e-03  6.88e-01 -2.06e+05  1.36e+02  7.05e+03 
 15000| 1.67e-04  6.38e-03  5.64e-01 -2.06e+05  1.36e+02  7.17e+03 
 15250| 3.29e-04  5.44e-03  6.39e-01 -2.06e+05  1.36e+02  7.29e+03 
 15500| 6.63e-05  4.98e-03  6.83e-01 -2.06e+05  1.36e+02  7.41e+03 
 15750| 1.25e-04  4.89e-03  6.24e-01 -2.06e+05  1.36e+02  7.53e+03 
 16000| 2.61e-03  3.55e-01  6.74e-01 -2.07e+05  1.36e+02  7.65e+03 
 16250| 4.08e-05  4.34e-03  6.40e-01 -2.06e+05  1.36e+02  7.76e+03 
 16500| 1.38e-05  4.15e-03  6.08e-01 -2.06e+05  1.36e+02  7.88e+03 
 16750| 1.74e-05  4.00e-03  5.98e-01 -2.06e+05  1.36e+02  8.00e+03 
 17000| 6.43e-06  3.83e-03  5.83e-01 -2.06e+05  1.36e+02  8.12e+03 
 17250| 6.64e-06  3.66e-03  5.58e-01 -2.06e+05  1.36e+02  8.24e+03 
 17500| 4.33e-06  3.49e-03  5.39e-01 -2.06e+05  1.36e+02  8.36e+03 
 17750| 4.40e-06  3.32e-03  5.20e-01 -2.06e+05  1.36e+02  8.48e+03 
 18000| 4.42e-06  3.16e-03  4.98e-01 -2.06e+05  1.36e+02  8.60e+03 
 18250| 3.59e-06  3.00e-03  4.77e-01 -2.06e+05  1.36e+02  8.72e+03 
 18500| 3.51e-06  2.84e-03  4.57e-01 -2.06e+05  1.36e+02  8.83e+03 
 18750| 9.73e-04  1.33e-01  2.65e-02 -2.06e+05  1.36e+02  8.95e+03 
 19000| 3.08e-06  2.55e-03  4.16e-01 -2.06e+05  1.36e+02  9.07e+03 
 19250| 2.92e-06  2.41e-03  3.96e-01 -2.06e+05  1.36e+02  9.19e+03 
 19500| 2.77e-06  2.28e-03  3.77e-01 -2.06e+05  1.36e+02  9.31e+03 
 19750| 2.57e-06  2.15e-03  3.59e-01 -2.06e+05  1.36e+02  9.43e+03 
 20000| 2.42e-06  2.03e-03  3.41e-01 -2.06e+05  1.36e+02  9.55e+03 
 20250| 2.28e-06  1.91e-03  3.23e-01 -2.06e+05  1.36e+02  9.67e+03 
 20500| 2.14e-06  1.81e-03  3.07e-01 -2.06e+05  1.36e+02  9.79e+03 
 20750| 2.01e-06  1.70e-03  2.91e-01 -2.06e+05  1.36e+02  9.91e+03 
 21000| 1.89e-06  1.60e-03  2.75e-01 -2.06e+05  1.36e+02  1.00e+04 
 21250| 1.77e-06  1.51e-03  2.61e-01 -2.06e+05  1.36e+02  1.01e+04 
 21500| 2.46e-04  3.34e-02  2.16e-02 -2.06e+05  1.36e+02  1.03e+04 
 21750| 1.56e-06  1.34e-03  2.33e-01 -2.06e+05  1.36e+02  1.04e+04 
 22000| 1.47e-06  1.26e-03  2.20e-01 -2.06e+05  1.36e+02  1.05e+04 
 22250| 1.38e-06  1.19e-03  2.08e-01 -2.06e+05  1.36e+02  1.06e+04 
 22500| 1.29e-06  1.12e-03  1.97e-01 -2.06e+05  1.36e+02  1.07e+04 
 22750| 1.21e-06  1.05e-03  1.86e-01 -2.06e+05  1.36e+02  1.09e+04 
 23000| 1.14e-06  9.87e-04  1.75e-01 -2.06e+05  1.36e+02  1.10e+04 
 23250| 1.07e-06  9.28e-04  1.65e-01 -2.06e+05  1.36e+02  1.11e+04 
 23500| 1.01e-06  8.73e-04  1.56e-01 -2.06e+05  1.36e+02  1.12e+04 
 23750| 9.45e-07  8.21e-04  1.47e-01 -2.06e+05  1.36e+02  1.14e+04 
 24000| 8.87e-07  7.71e-04  1.39e-01 -2.06e+05  1.36e+02  1.15e+04 
 24250| 8.07e-05  1.10e-02  7.26e-03 -2.06e+05  1.36e+02  1.16e+04 
 24500| 7.83e-07  6.82e-04  1.23e-01 -2.06e+05  1.36e+02  1.17e+04 
 24750| 7.35e-07  6.40e-04  1.16e-01 -2.06e+05  1.36e+02  1.18e+04 
 25000| 6.91e-07  6.02e-04  1.09e-01 -2.06e+05  1.36e+02  1.20e+04 
 25250| 6.49e-07  5.66e-04  1.03e-01 -2.06e+05  1.36e+02  1.21e+04 
 25500| 6.09e-07  5.31e-04  9.67e-02 -2.06e+05  1.36e+02  1.22e+04 
 25750| 5.72e-07  4.99e-04  9.11e-02 -2.06e+05  1.36e+02  1.23e+04 
 26000| 5.37e-07  4.69e-04  8.57e-02 -2.06e+05  1.36e+02  1.24e+04 
 26250| 5.05e-07  4.41e-04  8.06e-02 -2.06e+05  1.36e+02  1.25e+04 
 26500| 4.74e-07  4.14e-04  7.59e-02 -2.06e+05  1.36e+02  1.27e+04 
 26750| 4.45e-07  3.89e-04  7.14e-02 -2.06e+05  1.36e+02  1.28e+04 
 27000| 2.18e-05  2.95e-03  1.96e-03 -2.06e+05  1.36e+02  1.29e+04 
 27250| 3.93e-07  3.43e-04  6.31e-02 -2.06e+05  1.36e+02  1.30e+04 
 27500| 3.69e-07  3.22e-04  5.94e-02 -2.06e+05  1.36e+02  1.32e+04 
 27525| 3.66e-07  3.20e-04  5.90e-02 -2.06e+05  1.36e+02  1.32e+04 
------------------------------------------------------------------
status:  solved
timings: total: 1.32e+04s = setup: 2.03e-01s + solve: 1.32e+04s
	 lin-sys: 5.69e+02s, cones: 1.24e+04s, accel: 3.27e+01s
------------------------------------------------------------------
objective = -206491.704411
------------------------------------------------------------------
Number of failed seeds: 0

================================================================================
                             FINAL RESULTS SUMMARY                              
================================================================================
Most metrics are reported as Mean ± Standard Deviation over all seeds [41, 23, 235, 35, 14].

  Metric                       |                     Value
  ---------------------------- | -------------------------
  Solution Time (s)            |       3470.368 ± 4987.083
  Runtime Median [IQR] (s)     |        303.406 [3026.823]
  Worst Runtime (s)            |                 13165.492
  Problem Creation (s)         |             0.026 ± 0.010
  Iterations                   |          7525.0 ± 10425.1
  Feasibility Error            |       1.31e-16 ± 1.45e-16
  Dual Feasibility Error       |       1.10e-03 ± 2.20e-03
  Duality Gap                  |       1.87e-03 ± 3.32e-03
  Peak Memory (MB)             |          654.063 ± 93.016
  Memory Median [IQR] (MB)     |          630.125 [18.953]
  Worst Memory (MB)            |                   826.172
  ---------------------------- | -------------------------
  Rank Statistics                                        
    Ranks X                 : [0.0±0.0]
    Ranks Y                 : [0.0±0.0]
    Ranks Z                 : [0.0±0.0]

================================================================================
✅ Completed dim=10 successfully

==== All runs completed at Tue 26 May 18:22:57 BST 2026 ====
