013 (569.000.000) 05/26 13:27:28 Job was released.
	via condor_release (by user fjk20)
...
001 (569.000.000) 05/26 13:33:38 Job executing on host: <146.169.52.32:9618?addrs=146.169.52.32-9618+[2a0c-5bc0-40-11c4-5dfd-1d4f-fb21-2833]-9618&noUDP&sock=51304_2b55_4>
...
006 (569.000.000) 05/26 13:33:46 Image size of job updated: 61396
	35  -  MemoryUsage of job (MB)
	35736  -  ResidentSetSize of job (KB)
...
006 (569.000.000) 05/26 13:38:46 Image size of job updated: 10263616
	923  -  MemoryUsage of job (MB)
	944768  -  ResidentSetSize of job (KB)
...
006 (569.000.000) 05/26 14:33:51 Image size of job updated: 10323488
	988  -  MemoryUsage of job (MB)
	1011132  -  ResidentSetSize of job (KB)
...
006 (569.000.000) 05/26 14:43:52 Image size of job updated: 10325508
	988  -  MemoryUsage of job (MB)
	1011132  -  ResidentSetSize of job (KB)
...
006 (569.000.000) 05/26 14:48:53 Image size of job updated: 10325508
	992  -  MemoryUsage of job (MB)
	1015568  -  ResidentSetSize of job (KB)
...
006 (569.000.000) 05/26 16:39:05 Image size of job updated: 10325508
	992  -  MemoryUsage of job (MB)
	1015696  -  ResidentSetSize of job (KB)
...
005 (569.000.000) 05/26 18:22:57 Job terminated.
	(1) Normal termination (return value 0)
		Usr 0 08:05:49, Sys 0 00:42:04  -  Run Remote Usage
		Usr 0 00:00:00, Sys 0 00:00:00  -  Run Local Usage
		Usr 0 08:05:49, Sys 0 00:42:04  -  Total Remote Usage
		Usr 0 00:00:00, Sys 0 00:00:00  -  Total Local Usage
	0  -  Run Bytes Sent By Job
	0  -  Run Bytes Received By Job
	0  -  Total Bytes Sent By Job
	0  -  Total Bytes Received By Job
	Partitionable Resources :    Usage  Request Allocated 
	   Cpus                 :     1.79        1        16 
	   Disk (KB)            :     4           4  14471576 
	   Gpus                 :                           0 
	   Memory (MB)          :   992           1     31636 
...
