013 (570.000.000) 05/26 13:27:28 Job was released.
	via condor_release (by user fjk20)
...
001 (570.000.000) 05/26 13:36:24 Job executing on host: <146.169.52.33:9618?addrs=146.169.52.33-9618+[2a0c-5bc0-40-11c4-5aff-825c-375b-e094]-9618&noUDP&sock=50710_bc14_4>
...
006 (570.000.000) 05/26 13:36:33 Image size of job updated: 4
	6  -  MemoryUsage of job (MB)
	5180  -  ResidentSetSize of job (KB)
...
006 (570.000.000) 05/26 13:41:34 Image size of job updated: 10322872
	777  -  MemoryUsage of job (MB)
	795592  -  ResidentSetSize of job (KB)
...
006 (570.000.000) 05/26 13:46:34 Image size of job updated: 10322872
	978  -  MemoryUsage of job (MB)
	1000776  -  ResidentSetSize of job (KB)
...
006 (570.000.000) 05/26 15:16:43 Image size of job updated: 10327080
	978  -  MemoryUsage of job (MB)
	1000776  -  ResidentSetSize of job (KB)
...
006 (570.000.000) 05/26 15:21:44 Image size of job updated: 10327080
	991  -  MemoryUsage of job (MB)
	1014408  -  ResidentSetSize of job (KB)
...
005 (570.000.000) 05/26 20:58:52 Job terminated.
	(1) Normal termination (return value 0)
		Usr 0 12:18:40, Sys 0 01:04:29  -  Run Remote Usage
		Usr 0 00:00:00, Sys 0 00:00:00  -  Run Local Usage
		Usr 0 12:18:40, Sys 0 01:04:29  -  Total Remote Usage
		Usr 0 00:00:00, Sys 0 00:00:00  -  Total Local Usage
	0  -  Run Bytes Sent By Job
	0  -  Run Bytes Received By Job
	0  -  Total Bytes Sent By Job
	0  -  Total Bytes Received By Job
	Partitionable Resources :    Usage  Request Allocated 
	   Cpus                 :     2.15        1        16 
	   Disk (KB)            :     4           4  15198128 
	   Gpus                 :                           0 
	   Memory (MB)          :   991           1     31636 
...
