Running: maxcut_scs (rank=4)
==== maxcut SCS Batch Run Started at Tue 26 May 13:36:27 BST 2026 ====

▶ Running dim=10 with config=configs/maxcut_10.yaml at Tue 26 May 13:36:27 BST 2026
===Terminated Graph Sampling=== rank:  [2, 4, 4, 4, 4, 2, 1, 1, 1]
------------------------------------------------------------------
	       SCS v3.2.9 - Splitting Conic Solver
	(c) Brendan O'Donoghue, Stanford University, 2012
------------------------------------------------------------------
problem:  variables n: 524800, constraints m: 525824
cones: 	  z: primal zero / dual free vars: 1024
	  s: psd vars: 524800, ssize: 1
settings: eps_abs: 1.0e-06, eps_rel: 1.0e-06, eps_infeas: 1.0e-07
	  alpha: 1.50, scale: 1.00e-01, adaptive_scale: 1
	  max_iters: 100000, normalize: 1, rho_x: 1.00e-06
	  acceleration_lookback: 10, acceleration_interval: 10
lin-sys:  sparse-indirect-scs
	  nnz(A): 525824, nnz(P): 0
------------------------------------------------------------------
 iter | pri res | dua res |   gap   |   obj   |  scale  | time (s)
------------------------------------------------------------------
     0| 4.47e+01  3.72e+01  2.00e+05 -1.19e+05  1.00e-01  5.58e-01 
   250| 5.79e-03  1.11e-01  3.78e-01 -1.95e+04  3.21e+01  1.15e+02 
   450| 9.47e-08  6.81e-06  4.47e-04 -1.95e+04  1.07e+02  2.72e+02 
------------------------------------------------------------------
status:  solved
timings: total: 2.72e+02s = setup: 2.04e-01s + solve: 2.72e+02s
	 lin-sys: 1.07e+01s, cones: 2.58e+02s, accel: 7.22e-01s
------------------------------------------------------------------
objective = -19488.000672
------------------------------------------------------------------
===Terminated Graph Sampling=== rank:  [2, 3, 3, 4, 4, 4, 2, 1, 1]
------------------------------------------------------------------
	       SCS v3.2.9 - Splitting Conic Solver
	(c) Brendan O'Donoghue, Stanford University, 2012
------------------------------------------------------------------
problem:  variables n: 524800, constraints m: 525824
cones: 	  z: primal zero / dual free vars: 1024
	  s: psd vars: 524800, ssize: 1
settings: eps_abs: 1.0e-06, eps_rel: 1.0e-06, eps_infeas: 1.0e-07
	  alpha: 1.50, scale: 1.00e-01, adaptive_scale: 1
	  max_iters: 100000, normalize: 1, rho_x: 1.00e-06
	  acceleration_lookback: 10, acceleration_interval: 10
lin-sys:  sparse-indirect-scs
	  nnz(A): 525824, nnz(P): 0
------------------------------------------------------------------
 iter | pri res | dua res |   gap   |   obj   |  scale  | time (s)
------------------------------------------------------------------
     0| 5.81e+01  4.76e+01  1.38e+05 -8.23e+04  1.00e-01  4.51e-01 
   250| 5.51e-03  2.60e-02  1.01e-01 -1.14e+04  2.34e+01  1.15e+02 
   500| 1.12e-03  9.58e-03  3.57e-02 -1.14e+04  7.71e+01  1.97e+02 
   750| 1.30e-04  3.93e-03  3.25e-02 -1.14e+04  7.71e+01  2.78e+02 
  1000| 8.63e-05  1.21e-03  3.20e-02 -1.14e+04  7.71e+01  3.63e+02 
  1250| 5.81e-06  1.15e-03  3.06e-02 -1.14e+04  7.71e+01  4.48e+02 
  1500| 8.37e-04  6.49e-02  6.43e-03 -1.14e+04  7.71e+01  5.27e+02 
  1750| 7.25e-07  1.05e-03  2.82e-02 -1.14e+04  7.71e+01  6.06e+02 
  2000| 7.15e-07  1.00e-03  2.71e-02 -1.14e+04  7.71e+01  6.86e+02 
  2250| 5.27e-07  9.62e-04  2.62e-02 -1.14e+04  7.71e+01  7.66e+02 
  2500| 5.18e-07  9.25e-04  2.53e-02 -1.14e+04  7.71e+01  8.45e+02 
  2750| 4.95e-07  8.90e-04  2.44e-02 -1.14e+04  7.71e+01  9.24e+02 
  3000| 4.86e-07  8.58e-04  2.37e-02 -1.14e+04  7.71e+01  1.00e+03 
  3250| 4.78e-07  8.29e-04  2.29e-02 -1.14e+04  7.71e+01  1.08e+03 
  3500| 4.70e-07  8.02e-04  2.23e-02 -1.14e+04  7.71e+01  1.16e+03 
  3750| 4.47e-06  7.41e-04  6.49e-02 -1.14e+04  2.43e+01  1.24e+03 
  4000| 4.22e-06  6.79e-04  5.98e-02 -1.14e+04  2.43e+01  1.32e+03 
  4250| 4.00e-06  6.29e-04  5.55e-02 -1.14e+04  2.43e+01  1.40e+03 
  4500| 3.79e-06  5.86e-04  5.18e-02 -1.14e+04  2.43e+01  1.48e+03 
  4750| 3.59e-06  5.49e-04  4.85e-02 -1.14e+04  2.43e+01  1.56e+03 
  5000| 6.94e-04  1.69e-02  1.79e-03 -1.14e+04  2.43e+01  1.67e+03 
  5250| 3.23e-06  4.87e-04  4.30e-02 -1.14e+04  2.43e+01  1.83e+03 
  5500| 3.07e-06  4.60e-04  4.06e-02 -1.14e+04  2.43e+01  1.93e+03 
  5750| 2.92e-06  4.36e-04  3.84e-02 -1.14e+04  2.43e+01  2.01e+03 
  6000| 2.77e-06  4.13e-04  3.64e-02 -1.14e+04  2.43e+01  2.09e+03 
  6250| 2.64e-06  3.92e-04  3.45e-02 -1.14e+04  2.43e+01  2.18e+03 
  6500| 2.51e-06  3.73e-04  3.28e-02 -1.14e+04  2.43e+01  2.26e+03 
  6750| 2.39e-06  3.55e-04  3.11e-02 -1.14e+04  2.43e+01  2.34e+03 
  7000| 2.27e-06  3.37e-04  2.96e-02 -1.14e+04  2.43e+01  2.41e+03 
  7250| 2.16e-06  3.21e-04  2.82e-02 -1.14e+04  2.43e+01  2.49e+03 
  7500| 2.06e-06  3.06e-04  2.68e-02 -1.14e+04  2.43e+01  2.57e+03 
  7750| 2.83e-04  6.86e-03  4.27e-04 -1.14e+04  2.43e+01  2.65e+03 
  8000| 1.87e-06  2.77e-04  2.43e-02 -1.14e+04  2.43e+01  2.73e+03 
  8250| 1.78e-06  2.64e-04  2.31e-02 -1.14e+04  2.43e+01  2.81e+03 
  8500| 1.69e-06  2.52e-04  2.20e-02 -1.14e+04  2.43e+01  2.89e+03 
  8750| 1.61e-06  2.40e-04  2.10e-02 -1.14e+04  2.43e+01  2.97e+03 
  9000| 1.54e-06  2.29e-04  2.00e-02 -1.14e+04  2.43e+01  3.05e+03 
  9250| 1.46e-06  2.18e-04  1.90e-02 -1.14e+04  2.43e+01  3.13e+03 
  9500| 1.39e-06  2.08e-04  1.81e-02 -1.14e+04  2.43e+01  3.22e+03 
  9750| 1.33e-06  1.98e-04  1.73e-02 -1.14e+04  2.43e+01  3.30e+03 
 10000| 1.27e-06  1.89e-04  1.65e-02 -1.14e+04  2.43e+01  3.37e+03 
 10250| 1.21e-06  1.80e-04  1.57e-02 -1.14e+04  2.43e+01  3.45e+03 
 10500| 1.30e-04  3.16e-03  2.40e-04 -1.14e+04  2.43e+01  3.53e+03 
 10750| 1.10e-06  1.64e-04  1.43e-02 -1.14e+04  2.43e+01  3.61e+03 
 11000| 1.05e-06  1.56e-04  1.36e-02 -1.14e+04  2.43e+01  3.69e+03 
 11250| 9.98e-07  1.49e-04  1.30e-02 -1.14e+04  2.43e+01  3.77e+03 
 11500| 9.51e-07  1.42e-04  1.24e-02 -1.14e+04  2.43e+01  3.85e+03 
 11750| 9.07e-07  1.36e-04  1.18e-02 -1.14e+04  2.43e+01  3.92e+03 
 12000| 8.65e-07  1.29e-04  1.12e-02 -1.14e+04  2.43e+01  4.00e+03 
 12250| 8.25e-07  1.24e-04  1.07e-02 -1.14e+04  2.43e+01  4.08e+03 
 12500| 7.87e-07  1.18e-04  1.02e-02 -1.14e+04  2.43e+01  4.16e+03 
 12750| 7.51e-07  1.13e-04  9.76e-03 -1.14e+04  2.43e+01  4.24e+03 
 13000| 7.16e-07  1.07e-04  9.31e-03 -1.14e+04  2.43e+01  4.31e+03 
 13250| 4.91e-05  1.19e-03  1.03e-04 -1.14e+04  2.43e+01  4.39e+03 
 13500| 6.52e-07  9.78e-05  8.48e-03 -1.14e+04  2.43e+01  4.47e+03 
 13750| 6.22e-07  9.34e-05  8.09e-03 -1.14e+04  2.43e+01  4.55e+03 
 14000| 5.94e-07  8.91e-05  7.72e-03 -1.14e+04  2.43e+01  4.63e+03 
 14250| 5.67e-07  8.51e-05  7.37e-03 -1.14e+04  2.43e+01  4.71e+03 
 14500| 5.41e-07  8.12e-05  7.03e-03 -1.14e+04  2.43e+01  4.78e+03 
 14750| 5.16e-07  7.75e-05  6.71e-03 -1.14e+04  2.43e+01  4.86e+03 
 15000| 4.93e-07  7.40e-05  6.41e-03 -1.14e+04  2.43e+01  4.94e+03 
 15250| 4.70e-07  7.07e-05  6.12e-03 -1.14e+04  2.43e+01  5.02e+03 
 15500| 4.49e-07  6.75e-05  5.84e-03 -1.14e+04  2.43e+01  5.10e+03 
 15750| 4.28e-07  6.44e-05  5.57e-03 -1.14e+04  2.43e+01  5.18e+03 
 16000| 1.82e-05  4.42e-04  4.02e-05 -1.14e+04  2.43e+01  5.26e+03 
 16250| 3.90e-07  5.87e-05  5.08e-03 -1.14e+04  2.43e+01  5.33e+03 
 16500| 3.73e-07  5.61e-05  4.85e-03 -1.14e+04  2.43e+01  5.41e+03 
 16750| 3.56e-07  5.36e-05  4.63e-03 -1.14e+04  2.43e+01  5.49e+03 
 16825| 3.51e-07  5.28e-05  4.57e-03 -1.14e+04  2.43e+01  5.52e+03 
------------------------------------------------------------------
status:  solved
timings: total: 5.52e+03s = setup: 2.01e-01s + solve: 5.52e+03s
	 lin-sys: 3.50e+02s, cones: 5.06e+03s, accel: 2.00e+01s
------------------------------------------------------------------
objective = -11387.733793
------------------------------------------------------------------
===Terminated Graph Sampling=== rank:  [2, 3, 3, 4, 3, 4, 4, 3, 2]
------------------------------------------------------------------
	       SCS v3.2.9 - Splitting Conic Solver
	(c) Brendan O'Donoghue, Stanford University, 2012
------------------------------------------------------------------
problem:  variables n: 524800, constraints m: 525824
cones: 	  z: primal zero / dual free vars: 1024
	  s: psd vars: 524800, ssize: 1
settings: eps_abs: 1.0e-06, eps_rel: 1.0e-06, eps_infeas: 1.0e-07
	  alpha: 1.50, scale: 1.00e-01, adaptive_scale: 1
	  max_iters: 100000, normalize: 1, rho_x: 1.00e-06
	  acceleration_lookback: 10, acceleration_interval: 10
lin-sys:  sparse-indirect-scs
	  nnz(A): 525824, nnz(P): 0
------------------------------------------------------------------
 iter | pri res | dua res |   gap   |   obj   |  scale  | time (s)
------------------------------------------------------------------
     0| 6.14e+01  1.44e+02  8.59e+05 -5.09e+05  1.00e-01  6.09e-01 
   250| 2.39e-02  1.21e-01  1.24e+01 -6.61e+04  5.38e+01  1.56e+02 
   500| 3.92e-03  1.05e-01  3.11e-01 -6.61e+04  2.12e+02  2.93e+02 
   750| 2.52e-03  3.93e-02  3.31e-01 -6.62e+04  2.12e+02  4.26e+02 
  1000| 1.02e-03  1.71e-02  1.55e-01 -6.62e+04  2.12e+02  5.57e+02 
  1250| 3.75e-04  1.58e-02  3.40e-01 -6.62e+04  2.12e+02  6.89e+02 
  1500| 2.30e-04  1.46e-02  3.93e-01 -6.62e+04  2.12e+02  8.20e+02 
  1750| 1.43e-04  1.37e-02  3.96e-01 -6.62e+04  2.12e+02  9.52e+02 
  2000| 5.02e-05  1.27e-02  4.30e-01 -6.62e+04  2.12e+02  1.09e+03 
  2250| 1.81e-05  1.18e-02  4.52e-01 -6.62e+04  2.12e+02  1.22e+03 
  2500| 7.97e-01  1.69e+02  3.46e+00 -6.63e+04  2.12e+02  1.36e+03 
  2750| 6.69e-06  1.19e-02  4.87e-01 -6.62e+04  2.12e+02  1.49e+03 
  3000| 2.66e-06  1.21e-02  5.06e-01 -6.62e+04  2.12e+02  1.62e+03 
  3250| 2.11e-06  1.25e-02  5.20e-01 -6.62e+04  2.12e+02  1.75e+03 
  3500| 1.46e-06  1.31e-02  5.33e-01 -6.62e+04  2.12e+02  1.89e+03 
  3750| 1.73e-04  5.81e-03  9.57e-02 -6.62e+04  2.12e+02  2.03e+03 
  4000| 5.72e-05  5.25e-03  7.76e-02 -6.62e+04  2.12e+02  2.16e+03 
  4250| 1.91e-05  5.11e-03  6.51e-02 -6.62e+04  2.12e+02  2.30e+03 
  4500| 2.12e-05  4.83e-03  5.97e-02 -6.62e+04  2.12e+02  2.43e+03 
  4750| 6.94e-06  4.61e-03  5.16e-02 -6.62e+04  2.12e+02  2.57e+03 
  5000| 4.74e-06  4.39e-03  4.77e-02 -6.62e+04  2.12e+02  2.71e+03 
  5250| 6.68e-03  1.45e+00  3.55e-02 -6.62e+04  2.12e+02  2.85e+03 
  5500| 1.85e-06  3.96e-03  3.84e-02 -6.62e+04  2.12e+02  2.98e+03 
  5750| 1.25e-06  3.76e-03  3.41e-02 -6.62e+04  2.12e+02  3.12e+03 
  6000| 6.89e-07  3.57e-03  3.00e-02 -6.62e+04  2.12e+02  3.26e+03 
  6250| 3.59e-07  3.39e-03  2.61e-02 -6.62e+04  2.12e+02  3.39e+03 
  6500| 3.53e-07  3.24e-03  2.25e-02 -6.62e+04  2.12e+02  3.53e+03 
  6750| 3.30e-07  3.10e-03  1.90e-02 -6.62e+04  2.12e+02  3.66e+03 
  7000| 3.15e-07  2.98e-03  1.57e-02 -6.62e+04  2.12e+02  3.80e+03 
  7250| 3.01e-07  2.87e-03  1.26e-02 -6.62e+04  2.12e+02  3.94e+03 
  7500| 2.99e-07  2.76e-03  9.71e-03 -6.62e+04  2.12e+02  4.07e+03 
  7750| 2.94e-07  2.65e-03  6.92e-03 -6.62e+04  2.12e+02  4.21e+03 
  8000| 8.52e-03  1.81e+00  8.63e-02 -6.62e+04  2.12e+02  4.34e+03 
  8250| 2.79e-07  2.46e-03  1.78e-03 -6.62e+04  2.12e+02  4.48e+03 
  8500| 2.71e-07  2.37e-03  5.94e-04 -6.62e+04  2.12e+02  4.61e+03 
  8750| 2.64e-07  2.28e-03  2.85e-03 -6.62e+04  2.12e+02  4.74e+03 
  9000| 2.58e-07  2.20e-03  4.99e-03 -6.62e+04  2.12e+02  4.88e+03 
  9250| 3.70e-06  2.07e-03  2.62e-02 -6.62e+04  6.68e+01  5.01e+03 
  9500| 9.50e-03  6.35e-01  1.07e-01 -6.62e+04  6.68e+01  5.14e+03 
  9750| 2.07e-06  1.66e-03  5.93e-02 -6.62e+04  6.68e+01  5.28e+03 
 10000| 2.10e-06  1.49e-03  7.24e-02 -6.62e+04  6.68e+01  5.41e+03 
 10250| 2.02e-06  1.35e-03  8.37e-02 -6.62e+04  6.68e+01  5.54e+03 
 10500| 1.92e-06  1.23e-03  9.33e-02 -6.62e+04  6.68e+01  5.68e+03 
 10750| 1.87e-06  1.13e-03  1.02e-01 -6.62e+04  6.68e+01  5.81e+03 
 11000| 1.81e-06  1.08e-03  1.09e-01 -6.62e+04  6.68e+01  5.95e+03 
 11250| 1.75e-06  1.09e-03  1.15e-01 -6.62e+04  6.68e+01  6.08e+03 
 11500| 1.70e-06  1.09e-03  1.20e-01 -6.62e+04  6.68e+01  6.21e+03 
 11750| 1.66e-06  1.09e-03  1.25e-01 -6.62e+04  6.68e+01  6.34e+03 
 12000| 1.63e-06  1.09e-03  1.28e-01 -6.62e+04  6.68e+01  6.47e+03 
 12250| 7.00e-03  4.67e-01  9.29e-02 -6.62e+04  6.68e+01  6.61e+03 
 12500| 1.59e-06  1.08e-03  1.34e-01 -6.62e+04  6.68e+01  6.74e+03 
 12750| 1.59e-06  1.07e-03  1.36e-01 -6.62e+04  6.68e+01  6.88e+03 
 13000| 1.59e-06  1.06e-03  1.38e-01 -6.62e+04  6.68e+01  7.02e+03 
 13250| 1.59e-06  1.05e-03  1.40e-01 -6.62e+04  6.68e+01  7.15e+03 
 13500| 1.58e-06  1.04e-03  1.41e-01 -6.62e+04  6.68e+01  7.29e+03 
 13750| 1.57e-06  1.03e-03  1.41e-01 -6.62e+04  6.68e+01  7.42e+03 
 14000| 1.57e-06  1.02e-03  1.42e-01 -6.62e+04  6.68e+01  7.56e+03 
 14250| 1.56e-06  1.01e-03  1.42e-01 -6.62e+04  6.68e+01  7.70e+03 
 14500| 1.55e-06  9.97e-04  1.42e-01 -6.62e+04  6.68e+01  7.83e+03 
 14750| 1.54e-06  9.84e-04  1.42e-01 -6.62e+04  6.68e+01  7.96e+03 
 15000| 4.32e-03  2.89e-01  4.34e-02 -6.62e+04  6.68e+01  8.10e+03 
 15250| 1.51e-06  9.58e-04  1.41e-01 -6.62e+04  6.68e+01  8.23e+03 
 15500| 1.50e-06  9.45e-04  1.40e-01 -6.62e+04  6.68e+01  8.37e+03 
 15750| 1.49e-06  9.31e-04  1.39e-01 -6.62e+04  6.68e+01  8.50e+03 
 16000| 1.47e-06  9.17e-04  1.38e-01 -6.62e+04  6.68e+01  8.64e+03 
 16250| 1.46e-06  9.03e-04  1.37e-01 -6.62e+04  6.68e+01  8.77e+03 
 16500| 1.44e-06  8.89e-04  1.36e-01 -6.62e+04  6.68e+01  8.91e+03 
 16750| 1.42e-06  8.75e-04  1.35e-01 -6.62e+04  6.68e+01  9.04e+03 
 17000| 1.41e-06  8.61e-04  1.34e-01 -6.62e+04  6.68e+01  9.18e+03 
 17250| 1.39e-06  8.47e-04  1.32e-01 -6.62e+04  6.68e+01  9.32e+03 
 17500| 1.37e-06  8.33e-04  1.31e-01 -6.62e+04  6.68e+01  9.46e+03 
 17750| 3.04e-03  2.03e-01  3.14e-02 -6.62e+04  6.68e+01  9.59e+03 
 18000| 1.34e-06  8.06e-04  1.28e-01 -6.62e+04  6.68e+01  9.73e+03 
 18250| 1.32e-06  7.92e-04  1.26e-01 -6.62e+04  6.68e+01  9.86e+03 
 18500| 1.30e-06  7.78e-04  1.25e-01 -6.62e+04  6.68e+01  1.00e+04 
 18750| 1.28e-06  7.64e-04  1.23e-01 -6.62e+04  6.68e+01  1.01e+04 
 19000| 1.26e-06  7.50e-04  1.22e-01 -6.62e+04  6.68e+01  1.03e+04 
 19250| 1.24e-06  7.37e-04  1.20e-01 -6.62e+04  6.68e+01  1.04e+04 
 19500| 1.22e-06  7.23e-04  1.18e-01 -6.62e+04  6.68e+01  1.05e+04 
 19750| 1.21e-06  7.10e-04  1.16e-01 -6.62e+04  6.68e+01  1.07e+04 
 20000| 1.19e-06  6.97e-04  1.15e-01 -6.62e+04  6.68e+01  1.08e+04 
 20250| 1.17e-06  6.84e-04  1.13e-01 -6.62e+04  6.68e+01  1.10e+04 
 20500| 2.25e-03  1.50e-01  2.11e-02 -6.62e+04  6.68e+01  1.11e+04 
 20750| 1.13e-06  6.58e-04  1.09e-01 -6.62e+04  6.68e+01  1.12e+04 
 21000| 1.11e-06  6.45e-04  1.08e-01 -6.62e+04  6.68e+01  1.14e+04 
 21250| 1.09e-06  6.33e-04  1.06e-01 -6.62e+04  6.68e+01  1.15e+04 
 21500| 1.07e-06  6.20e-04  1.04e-01 -6.62e+04  6.68e+01  1.16e+04 
 21750| 1.05e-06  6.08e-04  1.02e-01 -6.62e+04  6.68e+01  1.18e+04 
 22000| 1.03e-06  5.96e-04  1.01e-01 -6.62e+04  6.68e+01  1.19e+04 
 22250| 1.02e-06  5.84e-04  9.88e-02 -6.62e+04  6.68e+01  1.20e+04 
 22500| 9.98e-07  5.72e-04  9.71e-02 -6.62e+04  6.68e+01  1.22e+04 
 22750| 9.79e-07  5.61e-04  9.54e-02 -6.62e+04  6.68e+01  1.23e+04 
 23000| 9.61e-07  5.49e-04  9.37e-02 -6.62e+04  6.68e+01  1.24e+04 
 23250| 1.56e-03  1.04e-01  1.23e-02 -6.62e+04  6.68e+01  1.26e+04 
 23500| 9.26e-07  5.27e-04  9.03e-02 -6.62e+04  6.68e+01  1.27e+04 
 23750| 9.08e-07  5.16e-04  8.86e-02 -6.62e+04  6.68e+01  1.28e+04 
 24000| 8.91e-07  5.05e-04  8.70e-02 -6.62e+04  6.68e+01  1.30e+04 
 24250| 8.74e-07  4.95e-04  8.53e-02 -6.62e+04  6.68e+01  1.31e+04 
 24500| 8.57e-07  4.85e-04  8.37e-02 -6.62e+04  6.68e+01  1.32e+04 
 24750| 8.40e-07  4.74e-04  8.21e-02 -6.62e+04  6.68e+01  1.34e+04 
 25000| 8.24e-07  4.64e-04  8.05e-02 -6.62e+04  6.68e+01  1.35e+04 
 25250| 8.07e-07  4.55e-04  7.89e-02 -6.62e+04  6.68e+01  1.36e+04 
 25500| 7.91e-07  4.45e-04  7.74e-02 -6.62e+04  6.68e+01  1.38e+04 
 25750| 7.75e-07  4.36e-04  7.59e-02 -6.62e+04  6.68e+01  1.39e+04 
 26000| 1.02e-03  6.79e-02  6.73e-03 -6.62e+04  6.68e+01  1.41e+04 
 26250| 7.44e-07  4.17e-04  7.29e-02 -6.62e+04  6.68e+01  1.42e+04 
 26500| 7.29e-07  4.08e-04  7.14e-02 -6.62e+04  6.68e+01  1.43e+04 
 26750| 7.14e-07  4.00e-04  7.00e-02 -6.62e+04  6.68e+01  1.45e+04 
 27000| 7.00e-07  3.92e-04  6.85e-02 -6.62e+04  6.68e+01  1.46e+04 
 27250| 6.85e-07  3.83e-04  6.71e-02 -6.62e+04  6.68e+01  1.47e+04 
 27500| 6.71e-07  3.75e-04  6.58e-02 -6.62e+04  6.68e+01  1.49e+04 
 27750| 6.57e-07  3.67e-04  6.44e-02 -6.62e+04  6.68e+01  1.50e+04 
 28000| 6.43e-07  3.59e-04  6.31e-02 -6.62e+04  6.68e+01  1.51e+04 
 28250| 6.29e-07  3.52e-04  6.18e-02 -6.62e+04  6.68e+01  1.53e+04 
 28500| 6.16e-07  3.44e-04  6.05e-02 -6.62e+04  6.68e+01  1.54e+04 
 28750| 6.37e-04  4.26e-02  3.55e-03 -6.62e+04  6.68e+01  1.55e+04 
 29000| 5.90e-07  3.30e-04  5.79e-02 -6.62e+04  6.68e+01  1.57e+04 
 29250| 5.78e-07  3.23e-04  5.67e-02 -6.62e+04  6.68e+01  1.58e+04 
 29500| 5.65e-07  3.16e-04  5.55e-02 -6.62e+04  6.68e+01  1.59e+04 
 29750| 5.53e-07  3.10e-04  5.43e-02 -6.62e+04  6.68e+01  1.60e+04 
 30000| 5.41e-07  3.03e-04  5.32e-02 -6.62e+04  6.68e+01  1.62e+04 
 30250| 5.29e-07  2.97e-04  5.20e-02 -6.62e+04  6.68e+01  1.63e+04 
 30500| 5.18e-07  2.90e-04  5.09e-02 -6.62e+04  6.68e+01  1.64e+04 
 30750| 5.06e-07  2.84e-04  4.98e-02 -6.62e+04  6.68e+01  1.66e+04 
 31000| 4.95e-07  2.78e-04  4.87e-02 -6.62e+04  6.68e+01  1.67e+04 
 31250| 4.84e-07  2.72e-04  4.76e-02 -6.62e+04  6.68e+01  1.68e+04 
 31500| 3.91e-04  2.61e-02  1.82e-03 -6.62e+04  6.68e+01  1.70e+04 
 31750| 4.63e-07  2.61e-04  4.56e-02 -6.62e+04  6.68e+01  1.71e+04 
 32000| 4.53e-07  2.55e-04  4.46e-02 -6.62e+04  6.68e+01  1.72e+04 
 32250| 4.43e-07  2.49e-04  4.36e-02 -6.62e+04  6.68e+01  1.74e+04 
 32500| 4.33e-07  2.44e-04  4.26e-02 -6.62e+04  6.68e+01  1.75e+04 
 32750| 4.23e-07  2.39e-04  4.17e-02 -6.62e+04  6.68e+01  1.76e+04 
 33000| 4.14e-07  2.33e-04  4.07e-02 -6.62e+04  6.68e+01  1.78e+04 
 33250| 4.05e-07  2.28e-04  3.98e-02 -6.62e+04  6.68e+01  1.79e+04 
 33500| 3.96e-07  2.23e-04  3.90e-02 -6.62e+04  6.68e+01  1.80e+04 
 33750| 3.87e-07  2.18e-04  3.81e-02 -6.62e+04  6.68e+01  1.82e+04 
 34000| 3.78e-07  2.14e-04  3.72e-02 -6.62e+04  6.68e+01  1.83e+04 
 34250| 2.36e-04  1.58e-02  9.16e-04 -6.62e+04  6.68e+01  1.84e+04 
 34500| 3.61e-07  2.04e-04  3.56e-02 -6.62e+04  6.68e+01  1.86e+04 
 34750| 3.53e-07  2.00e-04  3.48e-02 -6.62e+04  6.68e+01  1.87e+04 
 35000| 3.45e-07  1.95e-04  3.40e-02 -6.62e+04  6.68e+01  1.88e+04 
 35250| 3.37e-07  1.91e-04  3.32e-02 -6.62e+04  6.68e+01  1.90e+04 
 35500| 3.29e-07  1.87e-04  3.25e-02 -6.62e+04  6.68e+01  1.91e+04 
 35750| 3.22e-07  1.82e-04  3.17e-02 -6.62e+04  6.68e+01  1.92e+04 
 36000| 3.14e-07  1.78e-04  3.10e-02 -6.62e+04  6.68e+01  1.94e+04 
 36250| 3.07e-07  1.74e-04  3.03e-02 -6.62e+04  6.68e+01  1.95e+04 
 36500| 3.00e-07  1.70e-04  2.96e-02 -6.62e+04  6.68e+01  1.96e+04 
 36750| 2.93e-07  1.67e-04  2.89e-02 -6.62e+04  6.68e+01  1.98e+04 
 37000| 1.42e-04  9.46e-03  4.50e-04 -6.62e+04  6.68e+01  1.99e+04 
 37250| 2.80e-07  1.59e-04  2.76e-02 -6.62e+04  6.68e+01  2.00e+04 
 37500| 2.74e-07  1.56e-04  2.70e-02 -6.62e+04  6.68e+01  2.02e+04 
 37750| 2.67e-07  1.52e-04  2.64e-02 -6.62e+04  6.68e+01  2.03e+04 
 37850| 2.65e-07  1.51e-04  2.61e-02 -6.62e+04  6.68e+01  2.03e+04 
------------------------------------------------------------------
status:  solved
timings: total: 2.03e+04s = setup: 1.89e-01s + solve: 2.03e+04s
	 lin-sys: 7.78e+02s, cones: 1.93e+04s, accel: 4.51e+01s
------------------------------------------------------------------
objective = -66237.681693
------------------------------------------------------------------
===Terminated Graph Sampling=== rank:  [1, 2, 2, 4, 4, 4, 3, 2, 2]
------------------------------------------------------------------
	       SCS v3.2.9 - Splitting Conic Solver
	(c) Brendan O'Donoghue, Stanford University, 2012
------------------------------------------------------------------
problem:  variables n: 524800, constraints m: 525824
cones: 	  z: primal zero / dual free vars: 1024
	  s: psd vars: 524800, ssize: 1
settings: eps_abs: 1.0e-06, eps_rel: 1.0e-06, eps_infeas: 1.0e-07
	  alpha: 1.50, scale: 1.00e-01, adaptive_scale: 1
	  max_iters: 100000, normalize: 1, rho_x: 1.00e-06
	  acceleration_lookback: 10, acceleration_interval: 10
lin-sys:  sparse-indirect-scs
	  nnz(A): 525824, nnz(P): 0
------------------------------------------------------------------
 iter | pri res | dua res |   gap   |   obj   |  scale  | time (s)
------------------------------------------------------------------
     0| 4.32e+01  7.68e+01  8.47e+05 -5.02e+05  1.00e-01  5.02e-01 
   250| 6.54e-03  1.67e-02  3.41e-01 -6.55e+04  4.48e+01  1.08e+02 
   500| 9.11e-09  7.83e-07  1.86e-04 -6.55e+04  1.46e+02  2.75e+02 
------------------------------------------------------------------
status:  solved
timings: total: 2.75e+02s = setup: 1.88e-01s + solve: 2.75e+02s
	 lin-sys: 1.02e+01s, cones: 2.61e+02s, accel: 6.47e-01s
------------------------------------------------------------------
objective = -65535.999914
------------------------------------------------------------------
===Terminated Graph Sampling=== rank:  [3, 3, 4, 4, 2, 1, 1, 1, 1]
------------------------------------------------------------------
	       SCS v3.2.9 - Splitting Conic Solver
	(c) Brendan O'Donoghue, Stanford University, 2012
------------------------------------------------------------------
problem:  variables n: 524800, constraints m: 525824
cones: 	  z: primal zero / dual free vars: 1024
	  s: psd vars: 524800, ssize: 1
settings: eps_abs: 1.0e-06, eps_rel: 1.0e-06, eps_infeas: 1.0e-07
	  alpha: 1.50, scale: 1.00e-01, adaptive_scale: 1
	  max_iters: 100000, normalize: 1, rho_x: 1.00e-06
	  acceleration_lookback: 10, acceleration_interval: 10
lin-sys:  sparse-indirect-scs
	  nnz(A): 525824, nnz(P): 0
------------------------------------------------------------------
 iter | pri res | dua res |   gap   |   obj   |  scale  | time (s)
------------------------------------------------------------------
     0| 3.74e+01  2.73e+01  1.78e+05 -1.06e+05  1.00e-01  7.14e-01 
   250| 3.23e-03  9.02e-03  2.67e-03 -1.74e+04  2.54e+01  9.85e+01 
   350| 6.14e-07  3.27e-06  1.21e-04 -1.74e+04  2.54e+01  1.36e+02 
------------------------------------------------------------------
status:  solved
timings: total: 1.36e+02s = setup: 2.10e-01s + solve: 1.35e+02s
	 lin-sys: 8.35e+00s, cones: 1.24e+02s, accel: 5.43e-01s
------------------------------------------------------------------
objective = -17408.000141
------------------------------------------------------------------
Number of failed seeds: 0

================================================================================
                             FINAL RESULTS SUMMARY                              
================================================================================
Most metrics are reported as Mean ± Standard Deviation over all seeds [41, 23, 235, 35, 14].

  Metric                       |                     Value
  ---------------------------- | -------------------------
  Solution Time (s)            |       5307.914 ± 7788.705
  Runtime Median [IQR] (s)     |        275.400 [5240.296]
  Worst Runtime (s)            |                 20337.072
  Problem Creation (s)         |             0.036 ± 0.016
  Iterations                   |         11195.0 ± 14762.4
  Feasibility Error            |       4.10e-17 ± 2.82e-17
  Dual Feasibility Error       |       2.07e-04 ± 4.07e-04
  Duality Gap                  |       9.56e-04 ± 1.21e-03
  Peak Memory (MB)             |          649.084 ± 88.893
  Memory Median [IQR] (MB)     |          628.918 [19.656]
  Worst Memory (MB)            |                   814.355
  ---------------------------- | -------------------------
  Rank Statistics                                        
    Ranks X                 : [0.0±0.0]
    Ranks Y                 : [0.0±0.0]
    Ranks Z                 : [0.0±0.0]

================================================================================
✅ Completed dim=10 successfully

==== All runs completed at Tue 26 May 20:58:52 BST 2026 ====
