Running: maxcut_scs (rank=5)
==== maxcut SCS Batch Run Started at Tue 26 May 13:42:04 BST 2026 ====

▶ Running dim=10 with config=configs/maxcut_10.yaml at Tue 26 May 13:42:04 BST 2026
===Terminated Graph Sampling=== rank:  [3, 4, 5, 5, 3, 2, 1, 1, 1]
------------------------------------------------------------------
	       SCS v3.2.9 - Splitting Conic Solver
	(c) Brendan O'Donoghue, Stanford University, 2012
------------------------------------------------------------------
problem:  variables n: 524800, constraints m: 525824
cones: 	  z: primal zero / dual free vars: 1024
	  s: psd vars: 524800, ssize: 1
settings: eps_abs: 1.0e-06, eps_rel: 1.0e-06, eps_infeas: 1.0e-07
	  alpha: 1.50, scale: 1.00e-01, adaptive_scale: 1
	  max_iters: 100000, normalize: 1, rho_x: 1.00e-06
	  acceleration_lookback: 10, acceleration_interval: 10
lin-sys:  sparse-indirect-scs
	  nnz(A): 525824, nnz(P): 0
------------------------------------------------------------------
 iter | pri res | dua res |   gap   |   obj   |  scale  | time (s)
------------------------------------------------------------------
     0| 5.01e+01  1.32e+02  2.25e+06 -1.32e+06  1.00e-01  5.82e-01 
   250| 2.37e-02  3.78e-02  8.87e+00 -2.03e+05  9.26e+01  1.29e+02 
   500| 3.65e-05  7.38e-04  1.29e-05 -2.03e+05  3.77e+02  2.52e+02 
   550| 2.46e-08  1.20e-06  5.09e-04 -2.03e+05  3.77e+02  2.73e+02 
------------------------------------------------------------------
status:  solved
timings: total: 2.73e+02s = setup: 1.87e-01s + solve: 2.73e+02s
	 lin-sys: 1.13e+01s, cones: 2.58e+02s, accel: 7.22e-01s
------------------------------------------------------------------
objective = -202752.000261
------------------------------------------------------------------
===Terminated Graph Sampling=== rank:  [3, 5, 3, 2, 1, 1, 1, 1, 1]
------------------------------------------------------------------
	       SCS v3.2.9 - Splitting Conic Solver
	(c) Brendan O'Donoghue, Stanford University, 2012
------------------------------------------------------------------
problem:  variables n: 524800, constraints m: 525824
cones: 	  z: primal zero / dual free vars: 1024
	  s: psd vars: 524800, ssize: 1
settings: eps_abs: 1.0e-06, eps_rel: 1.0e-06, eps_infeas: 1.0e-07
	  alpha: 1.50, scale: 1.00e-01, adaptive_scale: 1
	  max_iters: 100000, normalize: 1, rho_x: 1.00e-06
	  acceleration_lookback: 10, acceleration_interval: 10
lin-sys:  sparse-indirect-scs
	  nnz(A): 525824, nnz(P): 0
------------------------------------------------------------------
 iter | pri res | dua res |   gap   |   obj   |  scale  | time (s)
------------------------------------------------------------------
     0| 3.61e+01  2.04e+01  7.31e+04 -4.35e+04  1.00e-01  4.70e-01 
   250| 4.56e-02  9.72e-03  3.70e+00 -5.89e+03  7.61e+00  9.11e+01 
   500| 2.33e-06  1.43e-05  5.18e-05 -5.89e+03  4.07e+01  1.90e+02 
------------------------------------------------------------------
status:  solved
timings: total: 1.90e+02s = setup: 2.01e-01s + solve: 1.89e+02s
	 lin-sys: 1.02e+01s, cones: 1.76e+02s, accel: 5.94e-01s
------------------------------------------------------------------
objective = -5887.999617
------------------------------------------------------------------
===Terminated Graph Sampling=== rank:  [3, 4, 5, 4, 3, 2, 1, 1, 1]
------------------------------------------------------------------
	       SCS v3.2.9 - Splitting Conic Solver
	(c) Brendan O'Donoghue, Stanford University, 2012
------------------------------------------------------------------
problem:  variables n: 524800, constraints m: 525824
cones: 	  z: primal zero / dual free vars: 1024
	  s: psd vars: 524800, ssize: 1
settings: eps_abs: 1.0e-06, eps_rel: 1.0e-06, eps_infeas: 1.0e-07
	  alpha: 1.50, scale: 1.00e-01, adaptive_scale: 1
	  max_iters: 100000, normalize: 1, rho_x: 1.00e-06
	  acceleration_lookback: 10, acceleration_interval: 10
lin-sys:  sparse-indirect-scs
	  nnz(A): 525824, nnz(P): 0
------------------------------------------------------------------
 iter | pri res | dua res |   gap   |   obj   |  scale  | time (s)
------------------------------------------------------------------
     0| 5.30e+01  6.81e+01  3.73e+05 -2.22e+05  1.00e-01  7.50e-01 
   250| 1.12e-02  1.05e-01  2.68e-01 -3.52e+04  7.82e+01  1.02e+02 
   425| 2.26e-06  4.86e-05  1.10e-05 -3.52e+04  7.82e+01  1.66e+02 
------------------------------------------------------------------
status:  solved
timings: total: 1.66e+02s = setup: 1.95e-01s + solve: 1.66e+02s
	 lin-sys: 8.58e+00s, cones: 1.55e+02s, accel: 5.49e-01s
------------------------------------------------------------------
objective = -35231.996978
------------------------------------------------------------------
===Terminated Graph Sampling=== rank:  [3, 4, 5, 3, 2, 1, 1, 1, 1]
------------------------------------------------------------------
	       SCS v3.2.9 - Splitting Conic Solver
	(c) Brendan O'Donoghue, Stanford University, 2012
------------------------------------------------------------------
problem:  variables n: 524800, constraints m: 525824
cones: 	  z: primal zero / dual free vars: 1024
	  s: psd vars: 524800, ssize: 1
settings: eps_abs: 1.0e-06, eps_rel: 1.0e-06, eps_infeas: 1.0e-07
	  alpha: 1.50, scale: 1.00e-01, adaptive_scale: 1
	  max_iters: 100000, normalize: 1, rho_x: 1.00e-06
	  acceleration_lookback: 10, acceleration_interval: 10
lin-sys:  sparse-indirect-scs
	  nnz(A): 525824, nnz(P): 0
------------------------------------------------------------------
 iter | pri res | dua res |   gap   |   obj   |  scale  | time (s)
------------------------------------------------------------------
     0| 4.20e+01  3.71e+01  3.67e+05 -2.19e+05  1.00e-01  5.72e-01 
   250| 2.21e-02  2.45e-02  4.26e+00 -3.59e+04  2.06e+01  1.27e+02 
   500| 3.31e-05  1.15e-03  3.84e-03 -3.59e+04  9.21e+01  2.52e+02 
   550| 2.09e-07  3.07e-06  2.76e-03 -3.59e+04  9.21e+01  2.76e+02 
------------------------------------------------------------------
status:  solved
timings: total: 2.76e+02s = setup: 1.97e-01s + solve: 2.76e+02s
	 lin-sys: 1.11e+01s, cones: 2.62e+02s, accel: 7.23e-01s
------------------------------------------------------------------
objective = -35904.001443
------------------------------------------------------------------
===Terminated Graph Sampling=== rank:  [2, 2, 3, 4, 4, 5, 4, 2, 2]
------------------------------------------------------------------
	       SCS v3.2.9 - Splitting Conic Solver
	(c) Brendan O'Donoghue, Stanford University, 2012
------------------------------------------------------------------
problem:  variables n: 524800, constraints m: 525824
cones: 	  z: primal zero / dual free vars: 1024
	  s: psd vars: 524800, ssize: 1
settings: eps_abs: 1.0e-06, eps_rel: 1.0e-06, eps_infeas: 1.0e-07
	  alpha: 1.50, scale: 1.00e-01, adaptive_scale: 1
	  max_iters: 100000, normalize: 1, rho_x: 1.00e-06
	  acceleration_lookback: 10, acceleration_interval: 10
lin-sys:  sparse-indirect-scs
	  nnz(A): 525824, nnz(P): 0
------------------------------------------------------------------
 iter | pri res | dua res |   gap   |   obj   |  scale  | time (s)
------------------------------------------------------------------
     0| 6.08e+01  2.84e+02  3.90e+06 -2.28e+06  1.00e-01  5.60e-01 
   250| 3.03e-02  3.30e-01  1.24e+02 -2.75e+05  1.02e+02  1.35e+02 
   500| 1.61e-03  7.85e-02  5.65e+00 -2.75e+05  3.66e+02  2.72e+02 
   750| 2.21e-04  1.95e-02  4.68e+00 -2.75e+05  3.66e+02  3.99e+02 
  1000| 1.00e-04  1.97e-02  6.27e-01 -2.75e+05  3.66e+02  5.27e+02 
  1250| 5.18e-05  2.00e-02  5.82e-01 -2.75e+05  3.66e+02  6.54e+02 
  1500| 2.80e-05  2.01e-02  5.56e-01 -2.75e+05  3.66e+02  7.82e+02 
  1750| 2.15e-05  2.00e-02  5.40e-01 -2.75e+05  3.66e+02  9.09e+02 
  2000| 8.63e-06  2.00e-02  5.20e-01 -2.75e+05  3.66e+02  1.04e+03 
  2250| 6.97e-06  2.00e-02  5.03e-01 -2.75e+05  3.66e+02  1.16e+03 
  2500| 7.86e+00  2.88e+03  6.10e+00 -2.79e+05  3.66e+02  1.29e+03 
  2750| 3.51e-06  2.00e-02  4.81e-01 -2.75e+05  3.66e+02  1.42e+03 
  3000| 3.02e-06  2.00e-02  4.74e-01 -2.75e+05  3.66e+02  1.55e+03 
  3250| 3.29e-06  2.00e-02  4.68e-01 -2.75e+05  3.66e+02  1.67e+03 
  3500| 1.77e-06  2.00e-02  4.63e-01 -2.75e+05  3.66e+02  1.80e+03 
  3750| 1.87e-06  2.00e-02  4.60e-01 -2.75e+05  3.66e+02  1.93e+03 
  4000| 1.84e-06  2.00e-02  4.59e-01 -2.75e+05  3.66e+02  2.06e+03 
  4250| 6.88e-07  2.00e-02  4.58e-01 -2.75e+05  3.66e+02  2.18e+03 
  4500| 5.16e-07  2.00e-02  4.58e-01 -2.75e+05  3.66e+02  2.31e+03 
  4750| 3.68e-06  2.00e-02  1.45e+00 -2.75e+05  1.15e+02  2.46e+03 
  5000| 6.35e-04  3.75e-03  8.78e+00 -2.76e+05  2.32e+01  2.58e+03 
  5250| 1.43e-04  5.83e-03  7.15e-01 -2.76e+05  3.14e+02  2.73e+03 
  5500| 1.30e-04  3.13e-03  7.41e-01 -2.76e+05  3.14e+02  2.86e+03 
  5750| 9.55e-05  3.15e-03  6.96e-01 -2.76e+05  3.14e+02  2.99e+03 
  6000| 6.22e-04  1.92e-01  2.69e-02 -2.76e+05  3.14e+02  3.12e+03 
  6250| 3.81e-05  2.70e-03  6.68e-01 -2.76e+05  3.14e+02  3.25e+03 
  6500| 3.51e-05  2.61e-03  6.21e-01 -2.76e+05  3.14e+02  3.38e+03 
  6750| 1.73e-05  2.55e-03  5.99e-01 -2.76e+05  3.14e+02  3.51e+03 
  7000| 1.64e-05  2.44e-03  5.69e-01 -2.76e+05  3.14e+02  3.63e+03 
  7250| 1.49e-05  2.35e-03  5.43e-01 -2.76e+05  3.14e+02  3.76e+03 
  7500| 9.22e-06  2.26e-03  5.14e-01 -2.76e+05  3.14e+02  3.89e+03 
  7750| 5.14e-06  2.18e-03  4.90e-01 -2.76e+05  3.14e+02  4.02e+03 
  8000| 3.81e-06  2.09e-03  4.69e-01 -2.76e+05  3.14e+02  4.15e+03 
  8250| 2.83e-06  2.01e-03  4.48e-01 -2.76e+05  3.14e+02  4.27e+03 
  8500| 2.72e-06  1.93e-03  4.28e-01 -2.76e+05  3.14e+02  4.40e+03 
  8750| 2.59e-04  8.14e-02  8.75e-03 -2.76e+05  3.14e+02  4.53e+03 
  9000| 1.11e-06  1.78e-03  3.90e-01 -2.76e+05  3.14e+02  4.66e+03 
  9250| 7.70e-07  1.71e-03  3.72e-01 -2.76e+05  3.14e+02  4.79e+03 
  9500| 1.65e-06  1.64e-03  3.55e-01 -2.76e+05  3.14e+02  4.92e+03 
  9750| 1.41e-06  1.57e-03  3.40e-01 -2.76e+05  3.14e+02  5.05e+03 
 10000| 5.52e-07  1.50e-03  3.24e-01 -2.76e+05  3.14e+02  5.17e+03 
 10250| 5.08e-07  1.44e-03  3.10e-01 -2.76e+05  3.14e+02  5.30e+03 
 10500| 4.91e-07  1.38e-03  2.96e-01 -2.76e+05  3.14e+02  5.43e+03 
 10750| 4.86e-07  1.32e-03  2.83e-01 -2.76e+05  3.14e+02  5.56e+03 
 11000| 4.69e-07  1.26e-03  2.70e-01 -2.76e+05  3.14e+02  5.69e+03 
 11250| 4.41e-07  1.21e-03  2.58e-01 -2.76e+05  3.14e+02  5.82e+03 
 11500| 1.01e-04  3.17e-02  2.33e-03 -2.76e+05  3.14e+02  5.95e+03 
 11750| 3.95e-07  1.11e-03  2.36e-01 -2.76e+05  3.14e+02  6.08e+03 
 12000| 3.81e-07  1.06e-03  2.25e-01 -2.76e+05  3.14e+02  6.20e+03 
 12250| 3.67e-07  1.01e-03  2.15e-01 -2.76e+05  3.14e+02  6.33e+03 
 12500| 3.51e-07  9.71e-04  2.06e-01 -2.76e+05  3.14e+02  6.46e+03 
 12750| 3.34e-07  9.29e-04  1.96e-01 -2.76e+05  3.14e+02  6.59e+03 
 13000| 3.18e-07  8.89e-04  1.88e-01 -2.76e+05  3.14e+02  6.73e+03 
 13250| 3.05e-07  8.50e-04  1.79e-01 -2.76e+05  3.14e+02  6.86e+03 
 13500| 2.93e-07  8.13e-04  1.72e-01 -2.76e+05  3.14e+02  6.99e+03 
 13750| 2.80e-07  7.78e-04  1.64e-01 -2.76e+05  3.14e+02  7.12e+03 
 14000| 2.67e-07  7.44e-04  1.57e-01 -2.76e+05  3.14e+02  7.25e+03 
 14250| 3.92e-05  1.23e-02  6.60e-04 -2.76e+05  3.14e+02  7.38e+03 
 14500| 2.44e-07  6.80e-04  1.43e-01 -2.76e+05  3.14e+02  7.51e+03 
 14750| 2.33e-07  6.50e-04  1.37e-01 -2.76e+05  3.14e+02  7.63e+03 
 15000| 2.23e-07  6.22e-04  1.31e-01 -2.76e+05  3.14e+02  7.76e+03 
 15250| 2.13e-07  5.95e-04  1.25e-01 -2.76e+05  3.14e+02  7.89e+03 
 15500| 2.04e-07  5.69e-04  1.19e-01 -2.76e+05  3.14e+02  8.02e+03 
 15750| 1.95e-07  5.44e-04  1.14e-01 -2.76e+05  3.14e+02  8.15e+03 
 16000| 1.87e-07  5.20e-04  1.09e-01 -2.76e+05  3.14e+02  8.28e+03 
 16250| 1.78e-07  4.97e-04  1.04e-01 -2.76e+05  3.14e+02  8.41e+03 
 16500| 1.71e-07  4.75e-04  9.98e-02 -2.76e+05  3.14e+02  8.54e+03 
 16750| 1.63e-07  4.54e-04  9.54e-02 -2.76e+05  3.14e+02  8.67e+03 
 17000| 1.48e-05  4.64e-03  2.25e-04 -2.76e+05  3.14e+02  8.80e+03 
 17250| 1.49e-07  4.15e-04  8.72e-02 -2.76e+05  3.14e+02  8.93e+03 
 17500| 1.43e-07  3.97e-04  8.33e-02 -2.76e+05  3.14e+02  9.06e+03 
 17750| 1.36e-07  3.80e-04  7.97e-02 -2.76e+05  3.14e+02  9.19e+03 
 18000| 1.30e-07  3.63e-04  7.62e-02 -2.76e+05  3.14e+02  9.32e+03 
 18250| 1.25e-07  3.47e-04  7.28e-02 -2.76e+05  3.14e+02  9.45e+03 
 18500| 1.19e-07  3.32e-04  6.96e-02 -2.76e+05  3.14e+02  9.57e+03 
 18750| 1.14e-07  3.17e-04  6.65e-02 -2.76e+05  3.14e+02  9.70e+03 
 19000| 1.09e-07  3.03e-04  6.36e-02 -2.76e+05  3.14e+02  9.83e+03 
 19250| 1.04e-07  2.90e-04  6.08e-02 -2.76e+05  3.14e+02  9.96e+03 
 19275| 1.04e-07  2.89e-04  6.06e-02 -2.76e+05  3.14e+02  9.97e+03 
------------------------------------------------------------------
status:  solved
timings: total: 9.97e+03s = setup: 1.88e-01s + solve: 9.97e+03s
	 lin-sys: 3.92e+02s, cones: 9.47e+03s, accel: 2.28e+01s
------------------------------------------------------------------
objective = -275542.017781
------------------------------------------------------------------
Number of failed seeds: 0

================================================================================
                             FINAL RESULTS SUMMARY                              
================================================================================
Most metrics are reported as Mean ± Standard Deviation over all seeds [41, 23, 235, 35, 14].

  Metric                       |                     Value
  ---------------------------- | -------------------------
  Solution Time (s)            |       2177.092 ± 3899.183
  Runtime Median [IQR] (s)     |          276.320 [86.743]
  Worst Runtime (s)            |                  9974.952
  Problem Creation (s)         |             0.035 ± 0.016
  Iterations                   |           4260.0 ± 7507.6
  Feasibility Error            |       1.60e-16 ± 1.86e-16
  Dual Feasibility Error       |       5.31e-04 ± 1.06e-03
  Duality Gap                  |       1.63e-03 ± 1.64e-03
  Peak Memory (MB)             |          685.547 ± 71.251
  Memory Median [IQR] (MB)     |          669.152 [50.168]
  Worst Memory (MB)            |                   821.641
  ---------------------------- | -------------------------
  Rank Statistics                                        
    Ranks X                 : [0.0±0.0]
    Ranks Y                 : [0.0±0.0]
    Ranks Z                 : [0.0±0.0]

================================================================================
✅ Completed dim=10 successfully

==== All runs completed at Tue 26 May 16:43:34 BST 2026 ====
