013 (571.000.000) 05/26 13:27:28 Job was released.
	via condor_release (by user fjk20)
...
001 (571.000.000) 05/26 13:42:02 Job executing on host: <146.169.52.31:9618?addrs=146.169.52.31-9618+[2a0c-5bc0-40-11c4-f32-7d0e-d117-d411]-9618&noUDP&sock=51507_ec4d_4>
...
006 (571.000.000) 05/26 13:42:11 Image size of job updated: 7082380
	218  -  MemoryUsage of job (MB)
	222512  -  ResidentSetSize of job (KB)
...
006 (571.000.000) 05/26 13:47:12 Image size of job updated: 10317316
	895  -  MemoryUsage of job (MB)
	916392  -  ResidentSetSize of job (KB)
...
006 (571.000.000) 05/26 13:52:13 Image size of job updated: 10317316
	978  -  MemoryUsage of job (MB)
	1001444  -  ResidentSetSize of job (KB)
...
006 (571.000.000) 05/26 13:57:13 Image size of job updated: 10319164
	979  -  MemoryUsage of job (MB)
	1002476  -  ResidentSetSize of job (KB)
...
006 (571.000.000) 05/26 14:02:13 Image size of job updated: 10319164
	985  -  MemoryUsage of job (MB)
	1008444  -  ResidentSetSize of job (KB)
...
005 (571.000.000) 05/26 16:43:34 Job terminated.
	(1) Normal termination (return value 0)
		Usr 0 04:49:26, Sys 0 00:23:56  -  Run Remote Usage
		Usr 0 00:00:00, Sys 0 00:00:00  -  Run Local Usage
		Usr 0 04:49:26, Sys 0 00:23:56  -  Total Remote Usage
		Usr 0 00:00:00, Sys 0 00:00:00  -  Total Local Usage
	0  -  Run Bytes Sent By Job
	0  -  Run Bytes Received By Job
	0  -  Total Bytes Sent By Job
	0  -  Total Bytes Received By Job
	Partitionable Resources :    Usage  Request Allocated 
	   Cpus                 :     1.75        1        16 
	   Disk (KB)            :     4           4  14527292 
	   Gpus                 :                           0 
	   Memory (MB)          :   985           1     31636 
...
