Running: maxcut_scs (rank=1)
==== maxcut SCS Batch Run Started at Tue 26 May 13:56:12 BST 2026 ====

▶ Running dim=11 with config=configs/maxcut_11.yaml at Tue 26 May 13:56:12 BST 2026
===Terminated Graph Sampling=== rank:  [1, 1, 1, 1, 1, 1, 1, 1, 1, 1]
------------------------------------------------------------------
	       SCS v3.2.9 - Splitting Conic Solver
	(c) Brendan O'Donoghue, Stanford University, 2012
------------------------------------------------------------------
problem:  variables n: 2098176, constraints m: 2100224
cones: 	  z: primal zero / dual free vars: 2048
	  s: psd vars: 2098176, ssize: 1
settings: eps_abs: 9.1e-07, eps_rel: 9.1e-07, eps_infeas: 1.0e-07
	  alpha: 1.50, scale: 1.00e-01, adaptive_scale: 1
	  max_iters: 100000, normalize: 1, rho_x: 1.00e-06
	  acceleration_lookback: 10, acceleration_interval: 10
lin-sys:  sparse-indirect-scs
	  nnz(A): 2100224, nnz(P): 0
------------------------------------------------------------------
 iter | pri res | dua res |   gap   |   obj   |  scale  | time (s)
------------------------------------------------------------------
     0| 3.40e+01  2.53e+02  5.08e+06 -2.98e+06  1.00e-01  4.90e+00 
   250| 2.08e-03  3.12e-01  2.71e+02 -4.42e+05  1.27e+02  9.91e+02 
   500| 9.66e-05  5.56e-03  3.98e-04 -4.42e+05  4.68e+02  1.84e+03 
   550| 8.56e-09  2.71e-07  1.74e-04 -4.42e+05  4.68e+02  2.00e+03 
------------------------------------------------------------------
status:  solved
timings: total: 2.00e+03s = setup: 8.70e-01s + solve: 2.00e+03s
	 lin-sys: 4.50e+01s, cones: 1.95e+03s, accel: 2.11e+00s
------------------------------------------------------------------
objective = -442368.000353
------------------------------------------------------------------
===Terminated Graph Sampling=== rank:  [1, 1, 1, 1, 1, 1, 1, 1, 1, 1]
------------------------------------------------------------------
	       SCS v3.2.9 - Splitting Conic Solver
	(c) Brendan O'Donoghue, Stanford University, 2012
------------------------------------------------------------------
problem:  variables n: 2098176, constraints m: 2100224
cones: 	  z: primal zero / dual free vars: 2048
	  s: psd vars: 2098176, ssize: 1
settings: eps_abs: 9.1e-07, eps_rel: 9.1e-07, eps_infeas: 1.0e-07
	  alpha: 1.50, scale: 1.00e-01, adaptive_scale: 1
	  max_iters: 100000, normalize: 1, rho_x: 1.00e-06
	  acceleration_lookback: 10, acceleration_interval: 10
lin-sys:  sparse-indirect-scs
	  nnz(A): 2100224, nnz(P): 0
------------------------------------------------------------------
 iter | pri res | dua res |   gap   |   obj   |  scale  | time (s)
------------------------------------------------------------------
     0| 9.98e-01  2.00e-01  4.09e+02  2.05e+02  1.00e-01  2.77e+00 
    75| 2.12e-13  1.47e-12  2.98e-09 -3.04e-10  1.00e-01  2.55e+02 
------------------------------------------------------------------
status:  solved
timings: total: 2.55e+02s = setup: 8.48e-01s + solve: 2.54e+02s
	 lin-sys: 5.91e+00s, cones: 2.47e+02s, accel: 3.83e-01s
------------------------------------------------------------------
objective = -0.000000
------------------------------------------------------------------
===Terminated Graph Sampling=== rank:  [1, 1, 1, 1, 1, 1, 1, 1, 1, 1]
------------------------------------------------------------------
	       SCS v3.2.9 - Splitting Conic Solver
	(c) Brendan O'Donoghue, Stanford University, 2012
------------------------------------------------------------------
problem:  variables n: 2098176, constraints m: 2100224
cones: 	  z: primal zero / dual free vars: 2048
	  s: psd vars: 2098176, ssize: 1
settings: eps_abs: 9.1e-07, eps_rel: 9.1e-07, eps_infeas: 1.0e-07
	  alpha: 1.50, scale: 1.00e-01, adaptive_scale: 1
	  max_iters: 100000, normalize: 1, rho_x: 1.00e-06
	  acceleration_lookback: 10, acceleration_interval: 10
lin-sys:  sparse-indirect-scs
	  nnz(A): 2100224, nnz(P): 0
------------------------------------------------------------------
 iter | pri res | dua res |   gap   |   obj   |  scale  | time (s)
------------------------------------------------------------------
     0| 9.98e-01  2.00e-01  4.09e+02  2.05e+02  1.00e-01  1.79e+00 
    75| 2.12e-13  1.48e-12  3.01e-09 -1.51e-09  1.00e-01  1.81e+02 
------------------------------------------------------------------
status:  solved
timings: total: 1.81e+02s = setup: 9.16e-01s + solve: 1.80e+02s
	 lin-sys: 5.88e+00s, cones: 1.72e+02s, accel: 3.72e-01s
------------------------------------------------------------------
objective = -0.000000
------------------------------------------------------------------
===Terminated Graph Sampling=== rank:  [1, 1, 1, 1, 1, 1, 1, 1, 1, 1]
------------------------------------------------------------------
	       SCS v3.2.9 - Splitting Conic Solver
	(c) Brendan O'Donoghue, Stanford University, 2012
------------------------------------------------------------------
problem:  variables n: 2098176, constraints m: 2100224
cones: 	  z: primal zero / dual free vars: 2048
	  s: psd vars: 2098176, ssize: 1
settings: eps_abs: 9.1e-07, eps_rel: 9.1e-07, eps_infeas: 1.0e-07
	  alpha: 1.50, scale: 1.00e-01, adaptive_scale: 1
	  max_iters: 100000, normalize: 1, rho_x: 1.00e-06
	  acceleration_lookback: 10, acceleration_interval: 10
lin-sys:  sparse-indirect-scs
	  nnz(A): 2100224, nnz(P): 0
------------------------------------------------------------------
 iter | pri res | dua res |   gap   |   obj   |  scale  | time (s)
------------------------------------------------------------------
     0| 3.40e+01  1.25e+02  2.38e+06 -1.41e+06  1.00e-01  3.69e+00 
   250| 1.41e-02  1.00e-01  3.09e-01 -2.22e+05  1.19e+02  7.63e+02 
   450| 4.69e-09  4.18e-06  2.69e-03 -2.21e+05  1.19e+02  1.39e+03 
------------------------------------------------------------------
status:  solved
timings: total: 1.39e+03s = setup: 9.13e-01s + solve: 1.39e+03s
	 lin-sys: 3.61e+01s, cones: 1.34e+03s, accel: 1.77e+00s
------------------------------------------------------------------
objective = -221184.001008
------------------------------------------------------------------
===Terminated Graph Sampling=== rank:  [1, 1, 1, 1, 1, 1, 1, 1, 1, 1]
------------------------------------------------------------------
	       SCS v3.2.9 - Splitting Conic Solver
	(c) Brendan O'Donoghue, Stanford University, 2012
------------------------------------------------------------------
problem:  variables n: 2098176, constraints m: 2100224
cones: 	  z: primal zero / dual free vars: 2048
	  s: psd vars: 2098176, ssize: 1
settings: eps_abs: 9.1e-07, eps_rel: 9.1e-07, eps_infeas: 1.0e-07
	  alpha: 1.50, scale: 1.00e-01, adaptive_scale: 1
	  max_iters: 100000, normalize: 1, rho_x: 1.00e-06
	  acceleration_lookback: 10, acceleration_interval: 10
lin-sys:  sparse-indirect-scs
	  nnz(A): 2100224, nnz(P): 0
------------------------------------------------------------------
 iter | pri res | dua res |   gap   |   obj   |  scale  | time (s)
------------------------------------------------------------------
     0| 2.54e+01  1.02e+03  4.04e+07 -2.25e+07  1.00e-01  3.57e+00 
   250| 1.21e-01  8.76e-01  2.41e+03 -2.27e+06  3.10e+02  6.14e+02 
   500| 1.51e-03  8.90e-01  1.09e+02 -2.36e+06  4.68e+03  1.54e+03 
   750| 1.47e-03  5.35e-01  6.63e-02 -2.36e+06  4.68e+03  2.30e+03 
   875| 1.35e-06  4.76e-04  1.06e-04 -2.36e+06  4.68e+03  2.67e+03 
------------------------------------------------------------------
status:  solved
timings: total: 2.67e+03s = setup: 9.04e-01s + solve: 2.67e+03s
	 lin-sys: 7.00e+01s, cones: 2.58e+03s, accel: 3.00e+00s
------------------------------------------------------------------
objective = -2359295.533543
------------------------------------------------------------------
Number of failed seeds: 0

================================================================================
                             FINAL RESULTS SUMMARY                              
================================================================================
Most metrics are reported as Mean ± Standard Deviation over all seeds [48, 23, 235, 35, 14].

  Metric                       |                     Value
  ---------------------------- | -------------------------
  Solution Time (s)            |        1301.842 ± 972.238
  Runtime Median [IQR] (s)     |       1388.359 [1753.115]
  Worst Runtime (s)            |                  2670.504
  Problem Creation (s)         |             0.048 ± 0.012
  Iterations                   |             405.0 ± 303.9
  Feasibility Error            |       2.77e-16 ± 5.54e-16
  Dual Feasibility Error       |       1.87e-02 ± 3.73e-02
  Duality Gap                  |       9.32e-02 ± 1.86e-01
  Peak Memory (MB)             |        2344.096 ± 249.929
  Memory Median [IQR] (MB)     |        2376.488 [277.902]
  Worst Memory (MB)            |                  2749.145
  ---------------------------- | -------------------------
  Rank Statistics                                        
    Ranks X                 : [0.0±0.0]
    Ranks Y                 : [0.0±0.0]
    Ranks Z                 : [0.0±0.0]

================================================================================
✅ Completed dim=11 successfully

==== All runs completed at Tue 26 May 15:44:47 BST 2026 ====
