Running: maxcut_scs (rank=2)
==== maxcut SCS Batch Run Started at Tue 26 May 14:02:12 BST 2026 ====

▶ Running dim=11 with config=configs/maxcut_11.yaml at Tue 26 May 14:02:12 BST 2026
===Terminated Graph Sampling=== rank:  [2, 2, 2, 2, 2, 2, 2, 2, 2, 2]
------------------------------------------------------------------
	       SCS v3.2.9 - Splitting Conic Solver
	(c) Brendan O'Donoghue, Stanford University, 2012
------------------------------------------------------------------
problem:  variables n: 2098176, constraints m: 2100224
cones: 	  z: primal zero / dual free vars: 2048
	  s: psd vars: 2098176, ssize: 1
settings: eps_abs: 9.1e-07, eps_rel: 9.1e-07, eps_infeas: 1.0e-07
	  alpha: 1.50, scale: 1.00e-01, adaptive_scale: 1
	  max_iters: 100000, normalize: 1, rho_x: 1.00e-06
	  acceleration_lookback: 10, acceleration_interval: 10
lin-sys:  sparse-indirect-scs
	  nnz(A): 2100224, nnz(P): 0
------------------------------------------------------------------
 iter | pri res | dua res |   gap   |   obj   |  scale  | time (s)
------------------------------------------------------------------
     0| 6.67e+01  1.35e+02  1.24e+06 -7.36e+05  1.00e-01  2.72e+00 
   250| 3.49e-02  9.79e-02  1.83e+01 -1.14e+05  5.75e+01  8.31e+02 
   500| 1.12e-02  8.47e-02  1.68e+00 -1.14e+05  2.23e+02  1.93e+03 
   750| 5.27e-03  6.34e-02  1.99e+00 -1.14e+05  2.23e+02  3.02e+03 
  1000| 2.27e-03  5.44e-02  1.89e+00 -1.14e+05  2.23e+02  4.12e+03 
  1250| 1.39e-03  3.07e-02  1.66e+00 -1.14e+05  2.23e+02  5.23e+03 
  1500| 8.09e-04  2.90e-02  1.67e+00 -1.14e+05  2.23e+02  6.34e+03 
  1750| 6.35e-04  2.58e-02  1.43e+00 -1.14e+05  2.23e+02  7.45e+03 
  2000| 5.81e-04  2.54e-02  1.39e+00 -1.15e+05  2.23e+02  8.54e+03 
  2250| 4.46e-04  2.56e-02  1.31e+00 -1.15e+05  2.23e+02  9.64e+03 
  2500| 7.21e-01  1.61e+02  4.16e+00 -1.15e+05  2.23e+02  1.07e+04 
  2750| 2.37e-04  2.52e-02  9.26e-01 -1.15e+05  2.23e+02  1.18e+04 
  3000| 1.60e-04  2.65e-02  1.03e+00 -1.15e+05  2.23e+02  1.29e+04 
  3250| 1.13e-04  2.69e-02  9.43e-01 -1.15e+05  2.23e+02  1.40e+04 
  3500| 8.94e-05  2.78e-02  8.11e-01 -1.15e+05  2.23e+02  1.51e+04 
  3750| 1.24e-04  2.87e-02  6.10e-01 -1.15e+05  2.23e+02  1.62e+04 
  4000| 1.13e-04  2.93e-02  5.69e-01 -1.15e+05  2.23e+02  1.73e+04 
  4250| 7.27e-05  3.07e-02  3.99e-01 -1.15e+05  2.23e+02  1.84e+04 
  4500| 5.22e-04  1.80e-02  1.60e-01 -1.15e+05  2.23e+02  1.95e+04 
  4750| 7.18e-05  1.41e-02  1.22e-01 -1.15e+05  2.23e+02  2.06e+04 
  5000| 2.02e-04  8.19e-03  1.06e-01 -1.15e+05  2.23e+02  2.17e+04 
  5250| 4.74e+00  1.06e+03  2.05e+00 -1.15e+05  2.23e+02  2.28e+04 
  5500| 3.57e-04  4.81e-03  1.05e-01 -1.15e+05  2.23e+02  2.39e+04 
  5750| 3.03e-04  5.61e-03  1.05e-01 -1.15e+05  2.23e+02  2.50e+04 
  6000| 2.15e-04  4.73e-03  1.06e-01 -1.15e+05  2.23e+02  2.61e+04 
  6250| 1.13e-04  5.30e-03  1.06e-01 -1.15e+05  2.23e+02  2.71e+04 
  6500| 2.72e-05  4.74e-03  1.07e-01 -1.15e+05  2.23e+02  2.82e+04 
  6750| 3.58e-05  5.10e-03  1.07e-01 -1.15e+05  2.23e+02  2.93e+04 
  6900| 3.55e-07  3.38e-05  4.55e-05 -1.15e+05  2.23e+02  3.00e+04 
------------------------------------------------------------------
status:  solved
timings: total: 3.00e+04s = setup: 8.46e-01s + solve: 3.00e+04s
	 lin-sys: 5.71e+02s, cones: 2.93e+04s, accel: 2.32e+01s
------------------------------------------------------------------
objective = -114688.000870
------------------------------------------------------------------
===Terminated Graph Sampling=== rank:  [2, 2, 2, 2, 2, 2, 2, 1, 1, 1]
