Running: maxcut_scs (rank=3)
==== maxcut SCS Batch Run Started at Tue 26 May 14:35:11 BST 2026 ====

▶ Running dim=11 with config=configs/maxcut_11.yaml at Tue 26 May 14:35:11 BST 2026
===Terminated Graph Sampling=== rank:  [2, 3, 3, 3, 3, 2, 1, 1, 1, 1]
------------------------------------------------------------------
	       SCS v3.2.9 - Splitting Conic Solver
	(c) Brendan O'Donoghue, Stanford University, 2012
------------------------------------------------------------------
problem:  variables n: 2098176, constraints m: 2100224
cones: 	  z: primal zero / dual free vars: 2048
	  s: psd vars: 2098176, ssize: 1
settings: eps_abs: 9.1e-07, eps_rel: 9.1e-07, eps_infeas: 1.0e-07
	  alpha: 1.50, scale: 1.00e-01, adaptive_scale: 1
	  max_iters: 100000, normalize: 1, rho_x: 1.00e-06
	  acceleration_lookback: 10, acceleration_interval: 10
lin-sys:  sparse-indirect-scs
	  nnz(A): 2100224, nnz(P): 0
------------------------------------------------------------------
 iter | pri res | dua res |   gap   |   obj   |  scale  | time (s)
------------------------------------------------------------------
     0| 3.80e+01  6.14e+01  9.00e+05 -5.37e+05  1.00e-01  5.48e+00 
   250| 5.22e-02  1.49e-01  3.37e+01 -8.72e+04  1.48e+01  9.39e+02 
   500| 1.68e-03  1.72e-02  1.25e+00 -8.70e+04  5.62e+01  1.89e+03 
   550| 1.43e-06  4.13e-05  2.14e-05 -8.70e+04  5.62e+01  2.08e+03 
------------------------------------------------------------------
status:  solved
timings: total: 2.08e+03s = setup: 9.39e-01s + solve: 2.08e+03s
	 lin-sys: 5.40e+01s, cones: 2.01e+03s, accel: 2.45e+00s
------------------------------------------------------------------
objective = -87040.005404
------------------------------------------------------------------
===Terminated Graph Sampling=== rank:  [2, 2, 2, 2, 3, 3, 3, 3, 3, 3]
------------------------------------------------------------------
	       SCS v3.2.9 - Splitting Conic Solver
	(c) Brendan O'Donoghue, Stanford University, 2012
------------------------------------------------------------------
problem:  variables n: 2098176, constraints m: 2100224
cones: 	  z: primal zero / dual free vars: 2048
	  s: psd vars: 2098176, ssize: 1
settings: eps_abs: 9.1e-07, eps_rel: 9.1e-07, eps_infeas: 1.0e-07
	  alpha: 1.50, scale: 1.00e-01, adaptive_scale: 1
	  max_iters: 100000, normalize: 1, rho_x: 1.00e-06
	  acceleration_lookback: 10, acceleration_interval: 10
lin-sys:  sparse-indirect-scs
	  nnz(A): 2100224, nnz(P): 0
------------------------------------------------------------------
 iter | pri res | dua res |   gap   |   obj   |  scale  | time (s)
------------------------------------------------------------------
     0| 6.07e+01  3.79e+02  7.08e+06 -4.14e+06  1.00e-01  5.32e+00 
   250| 9.28e-02  6.14e-01  8.68e+02 -6.03e+05  9.33e+01  1.07e+03 
   500| 5.39e-03  1.41e-01  8.37e+00 -6.00e+05  3.09e+02  2.05e+03 
   750| 1.93e-03  1.89e-01  8.25e-01 -6.00e+05  1.01e+03  3.01e+03 
  1000| 3.80e-03  7.09e-02  4.07e-01 -6.00e+05  1.01e+03  3.97e+03 
  1225| 4.45e-09  1.16e-06  5.05e-04 -6.00e+05  1.01e+03  4.78e+03 
------------------------------------------------------------------
status:  solved
timings: total: 4.78e+03s = setup: 8.91e-01s + solve: 4.78e+03s
	 lin-sys: 1.02e+02s, cones: 4.65e+03s, accel: 4.36e+00s
------------------------------------------------------------------
objective = -600063.999886
------------------------------------------------------------------
===Terminated Graph Sampling=== rank:  [2, 2, 3, 3, 2, 1, 1, 1, 1, 1]
------------------------------------------------------------------
	       SCS v3.2.9 - Splitting Conic Solver
	(c) Brendan O'Donoghue, Stanford University, 2012
------------------------------------------------------------------
problem:  variables n: 2098176, constraints m: 2100224
cones: 	  z: primal zero / dual free vars: 2048
	  s: psd vars: 2098176, ssize: 1
settings: eps_abs: 9.1e-07, eps_rel: 9.1e-07, eps_infeas: 1.0e-07
	  alpha: 1.50, scale: 1.00e-01, adaptive_scale: 1
	  max_iters: 100000, normalize: 1, rho_x: 1.00e-06
	  acceleration_lookback: 10, acceleration_interval: 10
lin-sys:  sparse-indirect-scs
	  nnz(A): 2100224, nnz(P): 0
------------------------------------------------------------------
 iter | pri res | dua res |   gap   |   obj   |  scale  | time (s)
------------------------------------------------------------------
     0| 6.15e+01  2.84e+02  7.96e+06 -4.64e+06  1.00e-01  3.43e+00 
   250| 1.73e-02  5.42e-01  3.39e+02 -6.62e+05  1.69e+02  8.08e+02 
   500| 6.26e-06  5.01e-04  4.85e-02 -6.64e+05  5.34e+02  1.66e+03 
   600| 1.51e-08  2.63e-07  5.60e-03 -6.64e+05  5.34e+02  1.96e+03 
------------------------------------------------------------------
status:  solved
timings: total: 1.96e+03s = setup: 8.91e-01s + solve: 1.96e+03s
	 lin-sys: 5.01e+01s, cones: 1.89e+03s, accel: 2.21e+00s
------------------------------------------------------------------
objective = -663552.001049
------------------------------------------------------------------
===Terminated Graph Sampling=== rank:  [2, 2, 2, 2, 3, 3, 3, 2, 2, 2]
------------------------------------------------------------------
	       SCS v3.2.9 - Splitting Conic Solver
	(c) Brendan O'Donoghue, Stanford University, 2012
------------------------------------------------------------------
problem:  variables n: 2098176, constraints m: 2100224
cones: 	  z: primal zero / dual free vars: 2048
	  s: psd vars: 2098176, ssize: 1
settings: eps_abs: 9.1e-07, eps_rel: 9.1e-07, eps_infeas: 1.0e-07
	  alpha: 1.50, scale: 1.00e-01, adaptive_scale: 1
	  max_iters: 100000, normalize: 1, rho_x: 1.00e-06
	  acceleration_lookback: 10, acceleration_interval: 10
lin-sys:  sparse-indirect-scs
	  nnz(A): 2100224, nnz(P): 0
------------------------------------------------------------------
 iter | pri res | dua res |   gap   |   obj   |  scale  | time (s)
------------------------------------------------------------------
     0| 5.10e+01  1.64e+02  4.04e+06 -2.38e+06  1.00e-01  3.52e+00 
   250| 2.46e-02  1.19e-01  1.54e+01 -3.56e+05  6.88e+01  1.02e+03 
   500| 3.80e-03  6.48e-02  2.90e-01 -3.56e+05  2.94e+02  1.90e+03 
   750| 2.18e-03  2.45e-02  2.34e+00 -3.56e+05  2.94e+02  2.73e+03 
  1000| 9.56e-04  2.08e-02  2.54e+00 -3.56e+05  2.94e+02  3.56e+03 
  1250| 6.81e-04  1.49e-02  9.30e-01 -3.56e+05  2.94e+02  4.39e+03 
  1500| 6.00e-04  6.28e-03  1.89e+00 -3.56e+05  2.94e+02  5.22e+03 
  1750| 4.01e-04  5.25e-03  8.07e-01 -3.56e+05  2.94e+02  6.04e+03 
  2000| 2.89e-04  5.66e-03  1.04e-01 -3.56e+05  2.94e+02  6.86e+03 
  2250| 2.64e-04  3.26e-03  3.98e-01 -3.56e+05  2.94e+02  7.68e+03 
  2500| 2.63e-01  7.51e+01  1.32e+00 -3.57e+05  2.94e+02  8.51e+03 
  2750| 1.10e-04  3.47e-03  2.93e-01 -3.56e+05  2.94e+02  9.33e+03 
  3000| 1.50e-04  3.09e-03  3.77e-01 -3.56e+05  2.94e+02  1.02e+04 
  3250| 6.26e-05  3.12e-03  4.99e-01 -3.56e+05  2.94e+02  1.10e+04 
  3500| 5.39e-05  3.03e-03  3.66e-01 -3.56e+05  2.94e+02  1.18e+04 
  3750| 5.32e-05  3.02e-03  3.83e-01 -3.56e+05  2.94e+02  1.26e+04 
  4000| 2.65e-05  3.02e-03  4.46e-01 -3.56e+05  2.94e+02  1.34e+04 
  4250| 2.85e-05  2.99e-03  3.95e-01 -3.56e+05  2.94e+02  1.43e+04 
  4500| 2.75e-05  2.98e-03  3.95e-01 -3.56e+05  2.94e+02  1.51e+04 
  4750| 1.50e-05  2.99e-03  4.25e-01 -3.56e+05  2.94e+02  1.59e+04 
  5000| 1.69e-05  2.97e-03  4.08e-01 -3.56e+05  2.94e+02  1.67e+04 
  5250| 8.43e+00  2.48e+03  1.22e+00 -3.66e+05  2.94e+02  1.75e+04 
  5500| 1.18e-05  2.97e-03  4.16e-01 -3.56e+05  2.94e+02  1.84e+04 
  5750| 9.21e-06  2.97e-03  4.11e-01 -3.56e+05  2.94e+02  1.92e+04 
  6000| 7.89e-06  2.97e-03  4.08e-01 -3.56e+05  2.94e+02  2.00e+04 
  6250| 1.14e-05  2.97e-03  4.12e-01 -3.56e+05  2.94e+02  2.08e+04 
  6500| 6.97e-06  2.96e-03  4.12e-01 -3.56e+05  2.94e+02  2.16e+04 
  6750| 4.79e-06  2.96e-03  4.11e-01 -3.56e+05  2.94e+02  2.25e+04 
  7000| 3.68e-06  2.96e-03  4.12e-01 -3.56e+05  2.94e+02  2.33e+04 
  7250| 5.20e-06  2.96e-03  4.12e-01 -3.56e+05  2.94e+02  2.41e+04 
  7500| 4.59e-06  2.96e-03  4.12e-01 -3.56e+05  2.94e+02  2.49e+04 
  7750| 1.80e-06  2.96e-03  4.12e-01 -3.56e+05  2.94e+02  2.57e+04 
  8000| 8.89e+00  2.61e+03  7.89e-01 -3.66e+05  2.94e+02  2.66e+04 
  8250| 3.02e-06  2.96e-03  4.13e-01 -3.56e+05  2.94e+02  2.74e+04 
  8500| 2.03e-06  2.96e-03  4.13e-01 -3.56e+05  2.94e+02  2.82e+04 
  8750| 1.39e-06  2.96e-03  4.13e-01 -3.56e+05  2.94e+02  2.90e+04 
  9000| 6.48e-05  5.68e-04  1.85e-04 -3.56e+05  2.94e+02  2.99e+04 
  9100| 2.60e-08  2.05e-06  1.02e-05 -3.56e+05  2.94e+02  3.02e+04 
------------------------------------------------------------------
status:  solved
timings: total: 3.02e+04s = setup: 8.83e-01s + solve: 3.02e+04s
	 lin-sys: 7.40e+02s, cones: 2.92e+04s, accel: 3.07e+01s
------------------------------------------------------------------
objective = -356352.000039
------------------------------------------------------------------
===Terminated Graph Sampling=== rank:  [1, 3, 3, 3, 3, 3, 3, 3, 3, 2]
