Running: maxcut_scs (rank=4)
==== maxcut SCS Batch Run Started at Tue 26 May 15:45:12 BST 2026 ====

▶ Running dim=11 with config=configs/maxcut_11.yaml at Tue 26 May 15:45:12 BST 2026
===Terminated Graph Sampling=== rank:  [2, 3, 3, 4, 3, 2, 2, 2, 1, 1]
------------------------------------------------------------------
	       SCS v3.2.9 - Splitting Conic Solver
	(c) Brendan O'Donoghue, Stanford University, 2012
------------------------------------------------------------------
problem:  variables n: 2098176, constraints m: 2100224
cones: 	  z: primal zero / dual free vars: 2048
	  s: psd vars: 2098176, ssize: 1
settings: eps_abs: 9.1e-07, eps_rel: 9.1e-07, eps_infeas: 1.0e-07
	  alpha: 1.50, scale: 1.00e-01, adaptive_scale: 1
	  max_iters: 100000, normalize: 1, rho_x: 1.00e-06
	  acceleration_lookback: 10, acceleration_interval: 10
lin-sys:  sparse-indirect-scs
	  nnz(A): 2100224, nnz(P): 0
------------------------------------------------------------------
 iter | pri res | dua res |   gap   |   obj   |  scale  | time (s)
------------------------------------------------------------------
     0| 4.03e+01  6.13e+01  9.43e+05 -5.61e+05  1.00e-01  2.85e+00 
   250| 7.46e-04  7.94e-02  2.86e-03 -9.01e+04  3.95e+01  6.21e+02 
   500| 8.06e-05  2.45e-04  1.43e-05 -9.01e+04  1.39e+02  1.76e+03 
   550| 2.39e-08  1.65e-05  1.87e-02 -9.01e+04  1.39e+02  1.98e+03 
------------------------------------------------------------------
status:  solved
timings: total: 1.98e+03s = setup: 9.94e-01s + solve: 1.98e+03s
	 lin-sys: 4.55e+01s, cones: 1.92e+03s, accel: 2.15e+00s
------------------------------------------------------------------
objective = -90111.989595
------------------------------------------------------------------
===Terminated Graph Sampling=== rank:  [2, 3, 3, 4, 3, 4, 3, 2, 2, 2]
------------------------------------------------------------------
	       SCS v3.2.9 - Splitting Conic Solver
	(c) Brendan O'Donoghue, Stanford University, 2012
------------------------------------------------------------------
problem:  variables n: 2098176, constraints m: 2100224
cones: 	  z: primal zero / dual free vars: 2048
	  s: psd vars: 2098176, ssize: 1
settings: eps_abs: 9.1e-07, eps_rel: 9.1e-07, eps_infeas: 1.0e-07
	  alpha: 1.50, scale: 1.00e-01, adaptive_scale: 1
	  max_iters: 100000, normalize: 1, rho_x: 1.00e-06
	  acceleration_lookback: 10, acceleration_interval: 10
lin-sys:  sparse-indirect-scs
	  nnz(A): 2100224, nnz(P): 0
------------------------------------------------------------------
 iter | pri res | dua res |   gap   |   obj   |  scale  | time (s)
------------------------------------------------------------------
     0| 4.34e+01  4.26e+01  5.35e+05 -3.19e+05  1.00e-01  2.75e+00 
   250| 3.03e-02  4.04e-02  1.78e+00 -5.22e+04  1.97e+01  6.17e+02 
   500| 1.52e-03  1.07e-02  5.25e-03 -5.22e+04  8.00e+01  1.30e+03 
   750| 1.26e-01  9.67e+00  2.04e-01 -5.22e+04  8.00e+01  1.98e+03 
  1000| 5.02e-04  6.80e-03  3.77e-02 -5.22e+04  8.00e+01  2.65e+03 
  1250| 5.42e-04  5.72e-03  2.11e-02 -5.22e+04  8.00e+01  3.32e+03 
  1500| 4.40e-04  6.10e-03  3.00e-02 -5.22e+04  8.00e+01  3.98e+03 
  1750| 4.02e-04  7.01e-03  2.18e-02 -5.22e+04  8.00e+01  4.65e+03 
  2000| 2.13e-04  9.56e-03  1.46e-02 -5.22e+04  8.00e+01  5.32e+03 
  2250| 6.98e-04  6.75e-03  1.56e-02 -5.22e+04  8.00e+01  5.99e+03 
  2500| 2.42e-04  6.38e-03  1.34e-02 -5.22e+04  8.00e+01  6.65e+03 
  2750| 1.56e-04  5.14e-03  1.04e-02 -5.22e+04  8.00e+01  7.32e+03 
  3000| 1.19e-04  3.71e-03  9.53e-03 -5.22e+04  8.00e+01  7.98e+03 
  3250| 1.47e-04  3.75e-03  1.00e-02 -5.22e+04  8.00e+01  8.65e+03 
  3500| 5.80e-01  4.64e+01  1.56e-01 -5.22e+04  8.00e+01  9.31e+03 
  3750| 1.00e-04  3.83e-03  9.70e-03 -5.22e+04  8.00e+01  9.97e+03 
  4000| 8.17e-05  3.80e-03  8.93e-03 -5.22e+04  8.00e+01  1.06e+04 
  4250| 6.94e-05  3.74e-03  8.54e-03 -5.22e+04  8.00e+01  1.13e+04 
  4500| 5.48e-05  3.69e-03  8.60e-03 -5.22e+04  8.00e+01  1.20e+04 
  4750| 4.34e-05  3.60e-03  8.78e-03 -5.22e+04  8.00e+01  1.26e+04 
  5000| 3.14e-05  3.65e-03  8.77e-03 -5.22e+04  8.00e+01  1.33e+04 
  5250| 2.17e-05  3.71e-03  8.51e-03 -5.22e+04  8.00e+01  1.39e+04 
  5500| 1.77e-05  3.78e-03  8.19e-03 -5.22e+04  8.00e+01  1.46e+04 
  5750| 1.55e-05  3.84e-03  7.98e-03 -5.22e+04  8.00e+01  1.52e+04 
  6000| 9.77e-06  3.90e-03  7.92e-03 -5.22e+04  8.00e+01  1.59e+04 
  6250| 1.08e+00  8.67e+01  4.66e-02 -5.22e+04  8.00e+01  1.65e+04 
  6500| 7.35e-06  4.03e-03  7.87e-03 -5.22e+04  8.00e+01  1.72e+04 
  6750| 7.47e-06  4.09e-03  7.75e-03 -5.22e+04  8.00e+01  1.78e+04 
  7000| 4.66e-06  4.16e-03  7.58e-03 -5.22e+04  8.00e+01  1.85e+04 
  7250| 3.54e-06  4.22e-03  7.43e-03 -5.22e+04  8.00e+01  1.91e+04 
  7500| 2.92e-06  4.29e-03  7.33e-03 -5.22e+04  8.00e+01  1.98e+04 
  7750| 3.30e-06  4.36e-03  7.28e-03 -5.22e+04  8.00e+01  2.04e+04 
  8000| 2.77e-06  4.43e-03  7.22e-03 -5.22e+04  8.00e+01  2.11e+04 
  8250| 1.80e-06  4.50e-03  7.15e-03 -5.22e+04  8.00e+01  2.17e+04 
  8500| 1.07e-06  4.58e-03  7.06e-03 -5.22e+04  8.00e+01  2.24e+04 
  8750| 1.46e-06  4.66e-03  6.96e-03 -5.22e+04  8.00e+01  2.30e+04 
  9000| 2.42e+00  1.94e+02  4.72e-02 -5.23e+04  8.00e+01  2.37e+04 
  9250| 7.26e-07  4.84e-03  6.80e-03 -5.22e+04  8.00e+01  2.43e+04 
  9500| 7.31e-07  4.93e-03  6.74e-03 -5.22e+04  8.00e+01  2.49e+04 
  9750| 5.23e-07  5.03e-03  6.68e-03 -5.22e+04  8.00e+01  2.56e+04 
 10000| 7.27e-07  5.14e-03  6.62e-03 -5.22e+04  8.00e+01  2.62e+04 
 10250| 4.13e-07  5.25e-03  6.55e-03 -5.22e+04  8.00e+01  2.69e+04 
 10500| 3.78e-07  5.38e-03  6.49e-03 -5.22e+04  8.00e+01  2.75e+04 
 10750| 3.80e-07  5.51e-03  6.42e-03 -5.22e+04  8.00e+01  2.81e+04 
 11000| 3.80e-07  5.65e-03  6.36e-03 -5.22e+04  8.00e+01  2.88e+04 
 11250| 3.77e-07  5.81e-03  6.30e-03 -5.22e+04  8.00e+01  2.94e+04 
 11500| 3.71e-07  5.98e-03  6.24e-03 -5.22e+04  8.00e+01  3.01e+04 
 11750| 2.97e-06  6.32e-03  1.95e-02 -5.22e+04  2.53e+01  3.07e+04 
 12000| 5.58e-05  4.09e-03  6.04e-02 -5.22e+04  6.61e+00  3.14e+04 
 12250| 3.60e-05  4.23e-03  5.45e-02 -5.22e+04  6.61e+00  3.20e+04 
 12500| 1.11e-04  5.07e-03  4.42e-02 -5.22e+04  6.61e+00  3.27e+04 
 12750| 6.72e-05  4.79e-03  2.26e-02 -5.22e+04  6.61e+00  3.33e+04 
 13000| 3.51e-05  5.03e-03  1.78e-02 -5.22e+04  6.61e+00  3.40e+04 
 13250| 7.17e-04  6.33e-03  1.61e-02 -5.22e+04  6.61e+00  3.46e+04 
 13500| 6.43e-04  5.20e-03  8.54e-03 -5.22e+04  6.61e+00  3.52e+04 
 13750| 1.07e-05  7.53e-05  1.45e-05 -5.22e+04  6.61e+00  3.59e+04 
 13900| 6.53e-08  5.94e-07  7.33e-04 -5.22e+04  6.61e+00  3.62e+04 
------------------------------------------------------------------
status:  solved
timings: total: 3.62e+04s = setup: 9.18e-01s + solve: 3.62e+04s
	 lin-sys: 1.14e+03s, cones: 3.48e+04s, accel: 4.70e+01s
------------------------------------------------------------------
objective = -52224.001148
------------------------------------------------------------------
===Terminated Graph Sampling=== rank:  [1, 2, 4, 4, 4, 3, 3, 3, 2, 2]
