013 (578.000.000) 05/26 13:27:28 Job was released.
	via condor_release (by user fjk20)
...
001 (578.000.000) 05/26 20:59:16 Job executing on host: <146.169.52.33:9618?addrs=146.169.52.33-9618+[2a0c-5bc0-40-11c4-5aff-825c-375b-e094]-9618&noUDP&sock=50710_bc14_4>
...
006 (578.000.000) 05/26 20:59:24 Image size of job updated: 4
	6  -  MemoryUsage of job (MB)
	5184  -  ResidentSetSize of job (KB)
...
006 (578.000.000) 05/26 21:04:24 Image size of job updated: 19722772
	5232  -  MemoryUsage of job (MB)
	5356968  -  ResidentSetSize of job (KB)
...
006 (578.000.000) 05/26 21:09:24 Image size of job updated: 19722772
	6513  -  MemoryUsage of job (MB)
	6668456  -  ResidentSetSize of job (KB)
...
006 (578.000.000) 05/26 21:14:25 Image size of job updated: 19722772
	6897  -  MemoryUsage of job (MB)
	7061928  -  ResidentSetSize of job (KB)
...
006 (578.000.000) 05/26 21:19:25 Image size of job updated: 19722772
	7281  -  MemoryUsage of job (MB)
	7455272  -  ResidentSetSize of job (KB)
...
006 (578.000.000) 05/26 21:24:25 Image size of job updated: 19722772
	7665  -  MemoryUsage of job (MB)
	7848616  -  ResidentSetSize of job (KB)
...
006 (578.000.000) 05/26 21:29:27 Image size of job updated: 19722772
	8049  -  MemoryUsage of job (MB)
	8241960  -  ResidentSetSize of job (KB)
...
006 (578.000.000) 05/26 21:34:27 Image size of job updated: 19722772
	8433  -  MemoryUsage of job (MB)
	8635304  -  ResidentSetSize of job (KB)
...
006 (578.000.000) 05/26 21:39:27 Image size of job updated: 19722772
	8818  -  MemoryUsage of job (MB)
	9028776  -  ResidentSetSize of job (KB)
...
006 (578.000.000) 05/26 21:44:28 Image size of job updated: 19722772
	9202  -  MemoryUsage of job (MB)
	9422120  -  ResidentSetSize of job (KB)
...
006 (578.000.000) 05/26 21:49:29 Image size of job updated: 19722772
	9586  -  MemoryUsage of job (MB)
	9815592  -  ResidentSetSize of job (KB)
...
006 (578.000.000) 05/26 23:19:37 Image size of job updated: 19722772
	10098  -  MemoryUsage of job (MB)
	10340136  -  ResidentSetSize of job (KB)
...
006 (578.000.000) 05/26 23:24:38 Image size of job updated: 20574016
	10098  -  MemoryUsage of job (MB)
	10340136  -  ResidentSetSize of job (KB)
...
006 (578.000.000) 05/27 00:14:43 Image size of job updated: 20574016
	10363  -  MemoryUsage of job (MB)
	10611248  -  ResidentSetSize of job (KB)
...
006 (578.000.000) 05/27 02:55:00 Image size of job updated: 20574016
	10875  -  MemoryUsage of job (MB)
	11135792  -  ResidentSetSize of job (KB)
...
006 (578.000.000) 05/27 04:00:07 Image size of job updated: 20597672
	10875  -  MemoryUsage of job (MB)
	11135792  -  ResidentSetSize of job (KB)
...
