Running: maxcut_scs (rank=2)
==== maxcut SCS Batch Run Started at Tue 26 May 20:59:18 BST 2026 ====

▶ Running dim=12 with config=configs/maxcut_12.yaml at Tue 26 May 20:59:18 BST 2026
===Terminated Graph Sampling=== rank:  [1, 1, 2, 2, 2, 2, 2, 2, 2, 1, 1]
------------------------------------------------------------------
	       SCS v3.2.9 - Splitting Conic Solver
	(c) Brendan O'Donoghue, Stanford University, 2012
------------------------------------------------------------------
problem:  variables n: 8390656, constraints m: 8394752
cones: 	  z: primal zero / dual free vars: 4096
	  s: psd vars: 8390656, ssize: 1
settings: eps_abs: 8.3e-07, eps_rel: 8.3e-07, eps_infeas: 1.0e-07
	  alpha: 1.50, scale: 1.00e-01, adaptive_scale: 1
	  max_iters: 100000, normalize: 1, rho_x: 1.00e-06
	  acceleration_lookback: 10, acceleration_interval: 10
lin-sys:  sparse-indirect-scs
	  nnz(A): 8394752, nnz(P): 0
------------------------------------------------------------------
 iter | pri res | dua res |   gap   |   obj   |  scale  | time (s)
------------------------------------------------------------------
     0| 1.89e+01  6.23e+01  2.07e+06 -1.23e+06  1.00e-01  3.47e+01 
   250| 8.33e-05  4.97e-04  8.75e-03 -1.97e+05  4.01e+01  6.66e+03 
   325| 4.28e-07  2.01e-05  7.47e-03 -1.97e+05  4.01e+01  8.57e+03 
------------------------------------------------------------------
status:  solved
timings: total: 8.57e+03s = setup: 3.52e+00s + solve: 8.57e+03s
	 lin-sys: 1.08e+02s, cones: 8.43e+03s, accel: 5.04e+00s
------------------------------------------------------------------
objective = -196607.955840
------------------------------------------------------------------
===Terminated Graph Sampling=== rank:  [1, 1, 2, 2, 2, 1, 1, 1, 2, 1, 1]
------------------------------------------------------------------
	       SCS v3.2.9 - Splitting Conic Solver
	(c) Brendan O'Donoghue, Stanford University, 2012
------------------------------------------------------------------
problem:  variables n: 8390656, constraints m: 8394752
cones: 	  z: primal zero / dual free vars: 4096
	  s: psd vars: 8390656, ssize: 1
settings: eps_abs: 8.3e-07, eps_rel: 8.3e-07, eps_infeas: 1.0e-07
	  alpha: 1.50, scale: 1.00e-01, adaptive_scale: 1
	  max_iters: 100000, normalize: 1, rho_x: 1.00e-06
	  acceleration_lookback: 10, acceleration_interval: 10
lin-sys:  sparse-indirect-scs
	  nnz(A): 8394752, nnz(P): 0
------------------------------------------------------------------
 iter | pri res | dua res |   gap   |   obj   |  scale  | time (s)
------------------------------------------------------------------
     0| 2.27e+01  2.54e+02  1.72e+07 -1.00e+07  1.00e-01  3.45e+01 
   250| 1.02e-03  2.86e-01  2.29e-01 -1.44e+06  1.13e+02  7.73e+03 
   500| 1.75e-05  1.31e-03  1.11e-03 -1.44e+06  4.71e+02  1.50e+04 
   550| 1.50e-09  3.75e-08  9.09e-04 -1.44e+06  4.71e+02  1.64e+04 
------------------------------------------------------------------
status:  solved
timings: total: 1.64e+04s = setup: 3.51e+00s + solve: 1.64e+04s
	 lin-sys: 1.80e+02s, cones: 1.61e+04s, accel: 8.46e+00s
------------------------------------------------------------------
objective = -1441791.999680
------------------------------------------------------------------
===Terminated Graph Sampling=== rank:  [1, 1, 1, 1, 1, 1, 2, 2, 2, 2, 2]
